2023-06-26T11:50:23.997-06:00  INFO 107941 --- [main] c.d.music_app.SpringTestApplication      : Starting SpringTestApplication using Java 17.0.7 with PID 107941 (/home/alejandro/Projects/DebuggeandoIdeas/udemy/music_app/target/classes started by alejandro in /home/alejandro/Projects/DebuggeandoIdeas/udemy/music_app)
2023-06-26T11:50:24.002-06:00  INFO 107941 --- [main] c.d.music_app.SpringTestApplication      : No active profile set, falling back to 1 default profile: "default"
2023-06-26T11:50:24.407-06:00  INFO 107941 --- [main] .s.d.r.c.RepositoryConfigurationDelegate : Bootstrapping Spring Data JPA repositories in DEFAULT mode.
2023-06-26T11:50:24.445-06:00  INFO 107941 --- [main] .s.d.r.c.RepositoryConfigurationDelegate : Finished Spring Data repository scanning in 31 ms. Found 3 JPA repository interfaces.
2023-06-26T11:50:24.734-06:00  INFO 107941 --- [main] o.s.b.w.embedded.tomcat.TomcatWebServer  : Tomcat initialized with port(s): 8080 (http)
2023-06-26T11:50:24.741-06:00  INFO 107941 --- [main] o.apache.catalina.core.StandardService   : Starting service [Tomcat]
2023-06-26T11:50:24.742-06:00  INFO 107941 --- [main] o.apache.catalina.core.StandardEngine    : Starting Servlet engine: [Apache Tomcat/10.1.8]
2023-06-26T11:50:24.788-06:00  INFO 107941 --- [main] o.a.c.c.C.[Tomcat].[localhost].[/]       : Initializing Spring embedded WebApplicationContext
2023-06-26T11:50:24.788-06:00  INFO 107941 --- [main] w.s.c.ServletWebServerApplicationContext : Root WebApplicationContext: initialization completed in 753 ms
2023-06-26T11:50:24.811-06:00  INFO 107941 --- [main] com.zaxxer.hikari.HikariDataSource       : HikariPool-1 - Starting...
2023-06-26T11:50:24.905-06:00  INFO 107941 --- [main] com.zaxxer.hikari.pool.HikariPool        : HikariPool-1 - Added connection conn0: url=jdbc:h2:mem:music user=SA
2023-06-26T11:50:24.906-06:00  INFO 107941 --- [main] com.zaxxer.hikari.HikariDataSource       : HikariPool-1 - Start completed.
2023-06-26T11:50:24.913-06:00  INFO 107941 --- [main] o.s.b.a.h2.H2ConsoleAutoConfiguration    : H2 console available at '/h2-console'. Database available at 'jdbc:h2:mem:music'
2023-06-26T11:50:25.036-06:00  INFO 107941 --- [main] o.hibernate.jpa.internal.util.LogHelper  : HHH000204: Processing PersistenceUnitInfo [name: default]
2023-06-26T11:50:25.072-06:00  INFO 107941 --- [main] org.hibernate.Version                    : HHH000412: Hibernate ORM core version 6.2.2.Final
2023-06-26T11:50:25.074-06:00  INFO 107941 --- [main] org.hibernate.cfg.Environment            : HHH000406: Using bytecode reflection optimizer
2023-06-26T11:50:25.133-06:00  INFO 107941 --- [main] o.h.b.i.BytecodeProviderInitiator        : HHH000021: Bytecode provider name : bytebuddy
2023-06-26T11:50:25.198-06:00  INFO 107941 --- [main] o.s.o.j.p.SpringPersistenceUnitInfo      : No LoadTimeWeaver setup: ignoring JPA class transformer
2023-06-26T11:50:25.214-06:00  INFO 107941 --- [main] org.hibernate.orm.dialect                : HHH035001: Using dialect: org.hibernate.dialect.H2Dialect, version: 2.1.214
2023-06-26T11:50:25.344-06:00  INFO 107941 --- [main] o.h.b.i.BytecodeProviderInitiator        : HHH000021: Bytecode provider name : bytebuddy
2023-06-26T11:50:25.737-06:00  INFO 107941 --- [main] o.h.e.t.j.p.i.JtaPlatformInitiator       : HHH000490: Using JtaPlatform implementation: [org.hibernate.engine.transaction.jta.platform.internal.NoJtaPlatform]
2023-06-26T11:50:25.761-06:00  INFO 107941 --- [main] o.h.t.s.i.e.GenerationTargetToDatabase   : HHH000476: Executing script '[injected ScriptSourceInputNonExistentImpl script]'
2023-06-26T11:50:25.762-06:00  INFO 107941 --- [main] j.LocalContainerEntityManagerFactoryBean : Initialized JPA EntityManagerFactory for persistence unit 'default'
2023-06-26T11:50:25.992-06:00  WARN 107941 --- [main] JpaBaseConfiguration$JpaWebConfiguration : spring.jpa.open-in-view is enabled by default. Therefore, database queries may be performed during view rendering. Explicitly configure spring.jpa.open-in-view to disable this warning
2023-06-26T11:50:26.220-06:00  INFO 107941 --- [main] o.s.b.w.embedded.tomcat.TomcatWebServer  : Tomcat started on port(s): 8080 (http) with context path ''
2023-06-26T11:50:26.226-06:00  INFO 107941 --- [main] c.d.music_app.SpringTestApplication      : Started SpringTestApplication in 2.529 seconds (process running for 2.849)
2023-06-26T11:50:33.831-06:00  INFO 107941 --- [http-nio-8080-exec-1] o.a.c.c.C.[Tomcat].[localhost].[/]       : Initializing Spring DispatcherServlet 'dispatcherServlet'
2023-06-26T11:50:33.831-06:00  INFO 107941 --- [http-nio-8080-exec-1] o.s.web.servlet.DispatcherServlet        : Initializing Servlet 'dispatcherServlet'
2023-06-26T11:50:33.832-06:00  INFO 107941 --- [http-nio-8080-exec-1] o.s.web.servlet.DispatcherServlet        : Completed initialization in 1 ms
2023-06-26T11:51:07.677-06:00  INFO 107941 --- [SpringApplicationShutdownHook] j.LocalContainerEntityManagerFactoryBean : Closing JPA EntityManagerFactory for persistence unit 'default'
2023-06-26T11:51:07.678-06:00  INFO 107941 --- [SpringApplicationShutdownHook] .SchemaDropperImpl$DelayedDropActionImpl : HHH000477: Starting delayed evictData of schema as part of SessionFactory shut-down'
2023-06-26T11:51:07.871-06:00  INFO 107941 --- [SpringApplicationShutdownHook] com.zaxxer.hikari.HikariDataSource       : HikariPool-1 - Shutdown initiated...
2023-06-26T11:51:07.880-06:00  INFO 107941 --- [SpringApplicationShutdownHook] com.zaxxer.hikari.HikariDataSource       : HikariPool-1 - Shutdown completed.
2023-06-26T11:52:17.671-06:00  INFO 108146 --- [main] c.d.m.controller.AlbumControllerTest     : Starting AlbumControllerTest using Java 17.0.7 with PID 108146 (started by alejandro in /home/alejandro/Projects/DebuggeandoIdeas/udemy/music_app)
2023-06-26T11:52:17.672-06:00  INFO 108146 --- [main] c.d.m.controller.AlbumControllerTest     : No active profile set, falling back to 1 default profile: "default"
2023-06-26T11:52:18.695-06:00  WARN 108146 --- [main] o.s.w.c.s.GenericWebApplicationContext   : Exception encountered during context initialization - cancelling refresh attempt: org.springframework.beans.factory.UnsatisfiedDependencyException: Error creating bean with name 'trackController' defined in file [/home/alejandro/Projects/DebuggeandoIdeas/udemy/music_app/target/classes/com/debuggeando_ideas/music_app/controller/TrackController.class]: Unsatisfied dependency expressed through constructor parameter 0: No qualifying bean of type 'com.debuggeando_ideas.music_app.service.ITrackService' available: expected at least 1 bean which qualifies as autowire candidate. Dependency annotations: {}
2023-06-26T11:52:18.705-06:00  INFO 108146 --- [main] .s.b.a.l.ConditionEvaluationReportLogger : 

Error starting ApplicationContext. To display the condition evaluation report re-run your application with 'debug' enabled.
2023-06-26T11:52:18.728-06:00 ERROR 108146 --- [main] o.s.b.d.LoggingFailureAnalysisReporter   : 

***************************
APPLICATION FAILED TO START
***************************

Description:

Parameter 0 of constructor in com.debuggeando_ideas.music_app.controller.TrackController required a bean of type 'com.debuggeando_ideas.music_app.service.ITrackService' that could not be found.


Action:

Consider defining a bean of type 'com.debuggeando_ideas.music_app.service.ITrackService' in your configuration.

2023-06-26T11:52:18.737-06:00 ERROR 108146 --- [main] o.s.test.context.TestContextManager      : Caught exception while allowing TestExecutionListener [org.springframework.boot.test.mock.mockito.MockitoTestExecutionListener] to prepare test instance [com.debuggeando_ideas.music_app.controller.AlbumControllerStatus200Test@168ad26f]

java.lang.IllegalStateException: Failed to load ApplicationContext for [WebMergedContextConfiguration@28babeca testClass = com.debuggeando_ideas.music_app.controller.AlbumControllerStatus200Test, locations = [], classes = [com.debuggeando_ideas.music_app.SpringTestApplication], contextInitializerClasses = [], activeProfiles = [], propertySourceLocations = [], propertySourceProperties = ["org.springframework.boot.test.autoconfigure.web.servlet.WebMvcTestContextBootstrapper=true"], contextCustomizers = [[ImportsContextCustomizer@1ad9b8d3 key = [org.springframework.boot.autoconfigure.cache.CacheAutoConfiguration, org.springframework.boot.autoconfigure.context.MessageSourceAutoConfiguration, org.springframework.boot.autoconfigure.data.web.SpringDataWebAutoConfiguration, org.springframework.boot.autoconfigure.freemarker.FreeMarkerAutoConfiguration, org.springframework.boot.autoconfigure.groovy.template.GroovyTemplateAutoConfiguration, org.springframework.boot.autoconfigure.gson.GsonAutoConfiguration, org.springframework.boot.autoconfigure.hateoas.HypermediaAutoConfiguration, org.springframework.boot.autoconfigure.http.HttpMessageConvertersAutoConfiguration, org.springframework.boot.autoconfigure.jackson.JacksonAutoConfiguration, org.springframework.boot.autoconfigure.jsonb.JsonbAutoConfiguration, org.springframework.boot.autoconfigure.mustache.MustacheAutoConfiguration, org.springframework.boot.autoconfigure.task.TaskExecutionAutoConfiguration, org.springframework.boot.autoconfigure.thymeleaf.ThymeleafAutoConfiguration, org.springframework.boot.autoconfigure.validation.ValidationAutoConfiguration, org.springframework.boot.autoconfigure.web.servlet.error.ErrorMvcAutoConfiguration, org.springframework.boot.autoconfigure.web.servlet.HttpEncodingAutoConfiguration, org.springframework.boot.autoconfigure.web.servlet.WebMvcAutoConfiguration, org.springframework.boot.test.autoconfigure.web.servlet.MockMvcAutoConfiguration, org.springframework.boot.test.autoconfigure.web.servlet.MockMvcWebClientAutoConfiguration, org.springframework.boot.test.autoconfigure.web.servlet.MockMvcWebDriverAutoConfiguration, org.springframework.boot.autoconfigure.security.oauth2.client.servlet.OAuth2ClientAutoConfiguration, org.springframework.boot.autoconfigure.security.oauth2.resource.servlet.OAuth2ResourceServerAutoConfiguration, org.springframework.boot.autoconfigure.security.servlet.SecurityAutoConfiguration, org.springframework.boot.autoconfigure.security.servlet.SecurityFilterAutoConfiguration, org.springframework.boot.autoconfigure.security.servlet.UserDetailsServiceAutoConfiguration, org.springframework.boot.test.autoconfigure.web.servlet.MockMvcSecurityConfiguration, org.springframework.boot.test.autoconfigure.web.reactive.WebTestClientAutoConfiguration]], org.springframework.boot.test.context.filter.ExcludeFilterContextCustomizer@66f57048, org.springframework.boot.test.json.DuplicateJsonObjectContextCustomizerFactory$DuplicateJsonObjectContextCustomizer@36916eb0, org.springframework.boot.test.mock.mockito.MockitoContextCustomizer@836c58ed, org.springframework.boot.test.autoconfigure.OverrideAutoConfigurationContextCustomizerFactory$DisableAutoConfigurationContextCustomizer@242b836, org.springframework.boot.test.autoconfigure.actuate.observability.ObservabilityContextCustomizerFactory$DisableObservabilityContextCustomizer@1f, org.springframework.boot.test.autoconfigure.filter.TypeExcludeFiltersContextCustomizer@c619affc, org.springframework.boot.test.autoconfigure.properties.PropertyMappingContextCustomizer@fa9acadd, org.springframework.boot.test.autoconfigure.web.servlet.WebDriverContextCustomizerFactory$Customizer@6bbe85a8, org.springframework.boot.test.context.SpringBootTestAnnotation@d226fc77], resourceBasePath = "src/main/webapp", contextLoader = org.springframework.boot.test.context.SpringBootContextLoader, parent = null]
	at org.springframework.test.context.cache.DefaultCacheAwareContextLoaderDelegate.loadContext(DefaultCacheAwareContextLoaderDelegate.java:142) ~[spring-test-6.0.9.jar:6.0.9]
	at org.springframework.test.context.support.DefaultTestContext.getApplicationContext(DefaultTestContext.java:127) ~[spring-test-6.0.9.jar:6.0.9]
	at org.springframework.boot.test.mock.mockito.MockitoTestExecutionListener.postProcessFields(MockitoTestExecutionListener.java:110) ~[spring-boot-test-3.1.0.jar:3.1.0]
	at org.springframework.boot.test.mock.mockito.MockitoTestExecutionListener.injectFields(MockitoTestExecutionListener.java:94) ~[spring-boot-test-3.1.0.jar:3.1.0]
	at org.springframework.boot.test.mock.mockito.MockitoTestExecutionListener.prepareTestInstance(MockitoTestExecutionListener.java:61) ~[spring-boot-test-3.1.0.jar:3.1.0]
	at org.springframework.test.context.TestContextManager.prepareTestInstance(TestContextManager.java:241) ~[spring-test-6.0.9.jar:6.0.9]
	at org.springframework.test.context.junit.jupiter.SpringExtension.postProcessTestInstance(SpringExtension.java:138) ~[spring-test-6.0.9.jar:6.0.9]
	at org.junit.jupiter.engine.descriptor.ClassBasedTestDescriptor.lambda$invokeTestInstancePostProcessors$10(ClassBasedTestDescriptor.java:377) ~[junit-jupiter-engine-5.9.3.jar:5.9.3]
	at org.junit.jupiter.engine.descriptor.ClassBasedTestDescriptor.executeAndMaskThrowable(ClassBasedTestDescriptor.java:382) ~[junit-jupiter-engine-5.9.3.jar:5.9.3]
	at org.junit.jupiter.engine.descriptor.ClassBasedTestDescriptor.lambda$invokeTestInstancePostProcessors$11(ClassBasedTestDescriptor.java:377) ~[junit-jupiter-engine-5.9.3.jar:5.9.3]
	at java.base/java.util.stream.ReferencePipeline$3$1.accept(ReferencePipeline.java:197) ~[na:na]
	at java.base/java.util.stream.ReferencePipeline$2$1.accept(ReferencePipeline.java:179) ~[na:na]
	at java.base/java.util.ArrayList$ArrayListSpliterator.forEachRemaining(ArrayList.java:1625) ~[na:na]
	at java.base/java.util.stream.AbstractPipeline.copyInto(AbstractPipeline.java:509) ~[na:na]
	at java.base/java.util.stream.AbstractPipeline.wrapAndCopyInto(AbstractPipeline.java:499) ~[na:na]
	at java.base/java.util.stream.StreamSpliterators$WrappingSpliterator.forEachRemaining(StreamSpliterators.java:310) ~[na:na]
	at java.base/java.util.stream.Streams$ConcatSpliterator.forEachRemaining(Streams.java:735) ~[na:na]
	at java.base/java.util.stream.Streams$ConcatSpliterator.forEachRemaining(Streams.java:734) ~[na:na]
	at java.base/java.util.stream.ReferencePipeline$Head.forEach(ReferencePipeline.java:762) ~[na:na]
	at org.junit.jupiter.engine.descriptor.ClassBasedTestDescriptor.invokeTestInstancePostProcessors(ClassBasedTestDescriptor.java:376) ~[junit-jupiter-engine-5.9.3.jar:5.9.3]
	at org.junit.jupiter.engine.descriptor.ClassBasedTestDescriptor.lambda$instantiateAndPostProcessTestInstance$6(ClassBasedTestDescriptor.java:289) ~[junit-jupiter-engine-5.9.3.jar:5.9.3]
	at org.junit.platform.engine.support.hierarchical.ThrowableCollector.execute(ThrowableCollector.java:73) ~[junit-platform-engine-1.9.3.jar:1.9.3]
	at org.junit.jupiter.engine.descriptor.ClassBasedTestDescriptor.instantiateAndPostProcessTestInstance(ClassBasedTestDescriptor.java:288) ~[junit-jupiter-engine-5.9.3.jar:5.9.3]
	at org.junit.jupiter.engine.descriptor.ClassBasedTestDescriptor.lambda$testInstancesProvider$4(ClassBasedTestDescriptor.java:278) ~[junit-jupiter-engine-5.9.3.jar:5.9.3]
	at java.base/java.util.Optional.orElseGet(Optional.java:364) ~[na:na]
	at org.junit.jupiter.engine.descriptor.ClassBasedTestDescriptor.lambda$testInstancesProvider$5(ClassBasedTestDescriptor.java:277) ~[junit-jupiter-engine-5.9.3.jar:5.9.3]
	at org.junit.jupiter.engine.execution.TestInstancesProvider.getTestInstances(TestInstancesProvider.java:31) ~[junit-jupiter-engine-5.9.3.jar:5.9.3]
	at org.junit.jupiter.engine.descriptor.TestMethodTestDescriptor.lambda$prepare$0(TestMethodTestDescriptor.java:105) ~[junit-jupiter-engine-5.9.3.jar:5.9.3]
	at org.junit.platform.engine.support.hierarchical.ThrowableCollector.execute(ThrowableCollector.java:73) ~[junit-platform-engine-1.9.3.jar:1.9.3]
	at org.junit.jupiter.engine.descriptor.TestMethodTestDescriptor.prepare(TestMethodTestDescriptor.java:104) ~[junit-jupiter-engine-5.9.3.jar:5.9.3]
	at org.junit.jupiter.engine.descriptor.TestMethodTestDescriptor.prepare(TestMethodTestDescriptor.java:68) ~[junit-jupiter-engine-5.9.3.jar:5.9.3]
	at org.junit.platform.engine.support.hierarchical.NodeTestTask.lambda$prepare$2(NodeTestTask.java:123) ~[junit-platform-engine-1.9.3.jar:1.9.3]
	at org.junit.platform.engine.support.hierarchical.ThrowableCollector.execute(ThrowableCollector.java:73) ~[junit-platform-engine-1.9.3.jar:1.9.3]
	at org.junit.platform.engine.support.hierarchical.NodeTestTask.prepare(NodeTestTask.java:123) ~[junit-platform-engine-1.9.3.jar:1.9.3]
	at org.junit.platform.engine.support.hierarchical.NodeTestTask.execute(NodeTestTask.java:90) ~[junit-platform-engine-1.9.3.jar:1.9.3]
	at java.base/java.util.ArrayList.forEach(ArrayList.java:1511) ~[na:na]
	at org.junit.platform.engine.support.hierarchical.SameThreadHierarchicalTestExecutorService.invokeAll(SameThreadHierarchicalTestExecutorService.java:41) ~[junit-platform-engine-1.9.3.jar:1.9.3]
	at org.junit.platform.engine.support.hierarchical.NodeTestTask.lambda$executeRecursively$6(NodeTestTask.java:155) ~[junit-platform-engine-1.9.3.jar:1.9.3]
	at org.junit.platform.engine.support.hierarchical.ThrowableCollector.execute(ThrowableCollector.java:73) ~[junit-platform-engine-1.9.3.jar:1.9.3]
	at org.junit.platform.engine.support.hierarchical.NodeTestTask.lambda$executeRecursively$8(NodeTestTask.java:141) ~[junit-platform-engine-1.9.3.jar:1.9.3]
	at org.junit.platform.engine.support.hierarchical.Node.around(Node.java:137) ~[junit-platform-engine-1.9.3.jar:1.9.3]
	at org.junit.platform.engine.support.hierarchical.NodeTestTask.lambda$executeRecursively$9(NodeTestTask.java:139) ~[junit-platform-engine-1.9.3.jar:1.9.3]
	at org.junit.platform.engine.support.hierarchical.ThrowableCollector.execute(ThrowableCollector.java:73) ~[junit-platform-engine-1.9.3.jar:1.9.3]
	at org.junit.platform.engine.support.hierarchical.NodeTestTask.executeRecursively(NodeTestTask.java:138) ~[junit-platform-engine-1.9.3.jar:1.9.3]
	at org.junit.platform.engine.support.hierarchical.NodeTestTask.execute(NodeTestTask.java:95) ~[junit-platform-engine-1.9.3.jar:1.9.3]
	at java.base/java.util.ArrayList.forEach(ArrayList.java:1511) ~[na:na]
	at org.junit.platform.engine.support.hierarchical.SameThreadHierarchicalTestExecutorService.invokeAll(SameThreadHierarchicalTestExecutorService.java:41) ~[junit-platform-engine-1.9.3.jar:1.9.3]
	at org.junit.platform.engine.support.hierarchical.NodeTestTask.lambda$executeRecursively$6(NodeTestTask.java:155) ~[junit-platform-engine-1.9.3.jar:1.9.3]
	at org.junit.platform.engine.support.hierarchical.ThrowableCollector.execute(ThrowableCollector.java:73) ~[junit-platform-engine-1.9.3.jar:1.9.3]
	at org.junit.platform.engine.support.hierarchical.NodeTestTask.lambda$executeRecursively$8(NodeTestTask.java:141) ~[junit-platform-engine-1.9.3.jar:1.9.3]
	at org.junit.platform.engine.support.hierarchical.Node.around(Node.java:137) ~[junit-platform-engine-1.9.3.jar:1.9.3]
	at org.junit.platform.engine.support.hierarchical.NodeTestTask.lambda$executeRecursively$9(NodeTestTask.java:139) ~[junit-platform-engine-1.9.3.jar:1.9.3]
	at org.junit.platform.engine.support.hierarchical.ThrowableCollector.execute(ThrowableCollector.java:73) ~[junit-platform-engine-1.9.3.jar:1.9.3]
	at org.junit.platform.engine.support.hierarchical.NodeTestTask.executeRecursively(NodeTestTask.java:138) ~[junit-platform-engine-1.9.3.jar:1.9.3]
	at org.junit.platform.engine.support.hierarchical.NodeTestTask.execute(NodeTestTask.java:95) ~[junit-platform-engine-1.9.3.jar:1.9.3]
	at org.junit.platform.engine.support.hierarchical.SameThreadHierarchicalTestExecutorService.submit(SameThreadHierarchicalTestExecutorService.java:35) ~[junit-platform-engine-1.9.3.jar:1.9.3]
	at org.junit.platform.engine.support.hierarchical.HierarchicalTestExecutor.execute(HierarchicalTestExecutor.java:57) ~[junit-platform-engine-1.9.3.jar:1.9.3]
	at org.junit.platform.engine.support.hierarchical.HierarchicalTestEngine.execute(HierarchicalTestEngine.java:54) ~[junit-platform-engine-1.9.3.jar:1.9.3]
	at org.junit.platform.launcher.core.EngineExecutionOrchestrator.execute(EngineExecutionOrchestrator.java:147) ~[junit-platform-launcher-1.9.3.jar:1.9.3]
	at org.junit.platform.launcher.core.EngineExecutionOrchestrator.execute(EngineExecutionOrchestrator.java:127) ~[junit-platform-launcher-1.9.3.jar:1.9.3]
	at org.junit.platform.launcher.core.EngineExecutionOrchestrator.execute(EngineExecutionOrchestrator.java:90) ~[junit-platform-launcher-1.9.3.jar:1.9.3]
	at org.junit.platform.launcher.core.EngineExecutionOrchestrator.lambda$execute$0(EngineExecutionOrchestrator.java:55) ~[junit-platform-launcher-1.9.3.jar:1.9.3]
	at org.junit.platform.launcher.core.EngineExecutionOrchestrator.withInterceptedStreams(EngineExecutionOrchestrator.java:102) ~[junit-platform-launcher-1.9.3.jar:1.9.3]
	at org.junit.platform.launcher.core.EngineExecutionOrchestrator.execute(EngineExecutionOrchestrator.java:54) ~[junit-platform-launcher-1.9.3.jar:1.9.3]
	at org.junit.platform.launcher.core.DefaultLauncher.execute(DefaultLauncher.java:114) ~[junit-platform-launcher-1.9.3.jar:1.9.3]
	at org.junit.platform.launcher.core.DefaultLauncher.execute(DefaultLauncher.java:86) ~[junit-platform-launcher-1.9.3.jar:1.9.3]
	at org.junit.platform.launcher.core.DefaultLauncherSession$DelegatingLauncher.execute(DefaultLauncherSession.java:86) ~[junit-platform-launcher-1.9.3.jar:1.9.3]
	at org.junit.platform.launcher.core.SessionPerRequestLauncher.execute(SessionPerRequestLauncher.java:53) ~[junit-platform-launcher-1.9.3.jar:1.9.3]
	at com.intellij.junit5.JUnit5IdeaTestRunner.startRunnerWithArgs(JUnit5IdeaTestRunner.java:57) ~[junit5-rt.jar:na]
	at com.intellij.rt.junit.IdeaTestRunner$Repeater$1.execute(IdeaTestRunner.java:38) ~[junit-rt.jar:na]
	at com.intellij.rt.execution.junit.TestsRepeater.repeat(TestsRepeater.java:11) ~[idea_rt.jar:na]
	at com.intellij.rt.junit.IdeaTestRunner$Repeater.startRunnerWithArgs(IdeaTestRunner.java:35) ~[junit-rt.jar:na]
	at com.intellij.rt.junit.JUnitStarter.prepareStreamsAndStart(JUnitStarter.java:232) ~[junit-rt.jar:na]
	at com.intellij.rt.junit.JUnitStarter.main(JUnitStarter.java:55) ~[junit-rt.jar:na]
Caused by: org.springframework.beans.factory.UnsatisfiedDependencyException: Error creating bean with name 'trackController' defined in file [/home/alejandro/Projects/DebuggeandoIdeas/udemy/music_app/target/classes/com/debuggeando_ideas/music_app/controller/TrackController.class]: Unsatisfied dependency expressed through constructor parameter 0: No qualifying bean of type 'com.debuggeando_ideas.music_app.service.ITrackService' available: expected at least 1 bean which qualifies as autowire candidate. Dependency annotations: {}
	at org.springframework.beans.factory.support.ConstructorResolver.createArgumentArray(ConstructorResolver.java:800) ~[spring-beans-6.0.9.jar:6.0.9]
	at org.springframework.beans.factory.support.ConstructorResolver.autowireConstructor(ConstructorResolver.java:245) ~[spring-beans-6.0.9.jar:6.0.9]
	at org.springframework.beans.factory.support.AbstractAutowireCapableBeanFactory.autowireConstructor(AbstractAutowireCapableBeanFactory.java:1352) ~[spring-beans-6.0.9.jar:6.0.9]
	at org.springframework.beans.factory.support.AbstractAutowireCapableBeanFactory.createBeanInstance(AbstractAutowireCapableBeanFactory.java:1189) ~[spring-beans-6.0.9.jar:6.0.9]
	at org.springframework.beans.factory.support.AbstractAutowireCapableBeanFactory.doCreateBean(AbstractAutowireCapableBeanFactory.java:560) ~[spring-beans-6.0.9.jar:6.0.9]
	at org.springframework.beans.factory.support.AbstractAutowireCapableBeanFactory.createBean(AbstractAutowireCapableBeanFactory.java:520) ~[spring-beans-6.0.9.jar:6.0.9]
	at org.springframework.beans.factory.support.AbstractBeanFactory.lambda$doGetBean$0(AbstractBeanFactory.java:326) ~[spring-beans-6.0.9.jar:6.0.9]
	at org.springframework.beans.factory.support.DefaultSingletonBeanRegistry.getSingleton(DefaultSingletonBeanRegistry.java:234) ~[spring-beans-6.0.9.jar:6.0.9]
	at org.springframework.beans.factory.support.AbstractBeanFactory.doGetBean(AbstractBeanFactory.java:324) ~[spring-beans-6.0.9.jar:6.0.9]
	at org.springframework.beans.factory.support.AbstractBeanFactory.getBean(AbstractBeanFactory.java:200) ~[spring-beans-6.0.9.jar:6.0.9]
	at org.springframework.beans.factory.support.DefaultListableBeanFactory.preInstantiateSingletons(DefaultListableBeanFactory.java:973) ~[spring-beans-6.0.9.jar:6.0.9]
	at org.springframework.context.support.AbstractApplicationContext.finishBeanFactoryInitialization(AbstractApplicationContext.java:941) ~[spring-context-6.0.9.jar:6.0.9]
	at org.springframework.context.support.AbstractApplicationContext.refresh(AbstractApplicationContext.java:608) ~[spring-context-6.0.9.jar:6.0.9]
	at org.springframework.boot.SpringApplication.refresh(SpringApplication.java:733) ~[spring-boot-3.1.0.jar:3.1.0]
	at org.springframework.boot.SpringApplication.refreshContext(SpringApplication.java:435) ~[spring-boot-3.1.0.jar:3.1.0]
	at org.springframework.boot.SpringApplication.run(SpringApplication.java:311) ~[spring-boot-3.1.0.jar:3.1.0]
	at org.springframework.boot.test.context.SpringBootContextLoader.lambda$loadContext$3(SpringBootContextLoader.java:137) ~[spring-boot-test-3.1.0.jar:3.1.0]
	at org.springframework.util.function.ThrowingSupplier.get(ThrowingSupplier.java:58) ~[spring-core-6.0.9.jar:6.0.9]
	at org.springframework.util.function.ThrowingSupplier.get(ThrowingSupplier.java:46) ~[spring-core-6.0.9.jar:6.0.9]
	at org.springframework.boot.SpringApplication.withHook(SpringApplication.java:1405) ~[spring-boot-3.1.0.jar:3.1.0]
	at org.springframework.boot.test.context.SpringBootContextLoader$ContextLoaderHook.run(SpringBootContextLoader.java:545) ~[spring-boot-test-3.1.0.jar:3.1.0]
	at org.springframework.boot.test.context.SpringBootContextLoader.loadContext(SpringBootContextLoader.java:137) ~[spring-boot-test-3.1.0.jar:3.1.0]
	at org.springframework.boot.test.context.SpringBootContextLoader.loadContext(SpringBootContextLoader.java:108) ~[spring-boot-test-3.1.0.jar:3.1.0]
	at org.springframework.test.context.cache.DefaultCacheAwareContextLoaderDelegate.loadContextInternal(DefaultCacheAwareContextLoaderDelegate.java:184) ~[spring-test-6.0.9.jar:6.0.9]
	at org.springframework.test.context.cache.DefaultCacheAwareContextLoaderDelegate.loadContext(DefaultCacheAwareContextLoaderDelegate.java:118) ~[spring-test-6.0.9.jar:6.0.9]
	... 73 common frames omitted
Caused by: org.springframework.beans.factory.NoSuchBeanDefinitionException: No qualifying bean of type 'com.debuggeando_ideas.music_app.service.ITrackService' available: expected at least 1 bean which qualifies as autowire candidate. Dependency annotations: {}
	at org.springframework.beans.factory.support.DefaultListableBeanFactory.raiseNoMatchingBeanFound(DefaultListableBeanFactory.java:1824) ~[spring-beans-6.0.9.jar:6.0.9]
	at org.springframework.beans.factory.support.DefaultListableBeanFactory.doResolveDependency(DefaultListableBeanFactory.java:1383) ~[spring-beans-6.0.9.jar:6.0.9]
	at org.springframework.beans.factory.support.DefaultListableBeanFactory.resolveDependency(DefaultListableBeanFactory.java:1337) ~[spring-beans-6.0.9.jar:6.0.9]
	at org.springframework.beans.factory.support.ConstructorResolver.resolveAutowiredArgument(ConstructorResolver.java:888) ~[spring-beans-6.0.9.jar:6.0.9]
	at org.springframework.beans.factory.support.ConstructorResolver.createArgumentArray(ConstructorResolver.java:791) ~[spring-beans-6.0.9.jar:6.0.9]
	... 97 common frames omitted

2023-06-26T11:54:10.836-06:00  INFO 108337 --- [main] c.d.m.controller.AlbumControllerTest     : Starting AlbumControllerTest using Java 17.0.7 with PID 108337 (started by alejandro in /home/alejandro/Projects/DebuggeandoIdeas/udemy/music_app)
2023-06-26T11:54:10.838-06:00  INFO 108337 --- [main] c.d.m.controller.AlbumControllerTest     : No active profile set, falling back to 1 default profile: "default"
2023-06-26T11:54:11.722-06:00  WARN 108337 --- [main] o.s.w.c.s.GenericWebApplicationContext   : Exception encountered during context initialization - cancelling refresh attempt: org.springframework.beans.factory.UnsatisfiedDependencyException: Error creating bean with name 'trackController' defined in file [/home/alejandro/Projects/DebuggeandoIdeas/udemy/music_app/target/classes/com/debuggeando_ideas/music_app/controller/TrackController.class]: Unsatisfied dependency expressed through constructor parameter 0: No qualifying bean of type 'com.debuggeando_ideas.music_app.service.ITrackService' available: expected at least 1 bean which qualifies as autowire candidate. Dependency annotations: {}
2023-06-26T11:54:11.728-06:00  INFO 108337 --- [main] .s.b.a.l.ConditionEvaluationReportLogger : 

Error starting ApplicationContext. To display the condition evaluation report re-run your application with 'debug' enabled.
2023-06-26T11:54:11.742-06:00 ERROR 108337 --- [main] o.s.b.d.LoggingFailureAnalysisReporter   : 

***************************
APPLICATION FAILED TO START
***************************

Description:

Parameter 0 of constructor in com.debuggeando_ideas.music_app.controller.TrackController required a bean of type 'com.debuggeando_ideas.music_app.service.ITrackService' that could not be found.


Action:

Consider defining a bean of type 'com.debuggeando_ideas.music_app.service.ITrackService' in your configuration.

2023-06-26T11:54:11.746-06:00 ERROR 108337 --- [main] o.s.test.context.TestContextManager      : Caught exception while allowing TestExecutionListener [org.springframework.boot.test.mock.mockito.MockitoTestExecutionListener] to prepare test instance [com.debuggeando_ideas.music_app.controller.AlbumControllerStatus200Test@1ad9b8d3]

java.lang.IllegalStateException: Failed to load ApplicationContext for [WebMergedContextConfiguration@3a7c678b testClass = com.debuggeando_ideas.music_app.controller.AlbumControllerStatus200Test, locations = [], classes = [com.debuggeando_ideas.music_app.SpringTestApplication], contextInitializerClasses = [], activeProfiles = [], propertySourceLocations = [], propertySourceProperties = ["org.springframework.boot.test.autoconfigure.web.servlet.WebMvcTestContextBootstrapper=true"], contextCustomizers = [[ImportsContextCustomizer@28babeca key = [org.springframework.boot.autoconfigure.cache.CacheAutoConfiguration, org.springframework.boot.autoconfigure.context.MessageSourceAutoConfiguration, org.springframework.boot.autoconfigure.data.web.SpringDataWebAutoConfiguration, org.springframework.boot.autoconfigure.freemarker.FreeMarkerAutoConfiguration, org.springframework.boot.autoconfigure.groovy.template.GroovyTemplateAutoConfiguration, org.springframework.boot.autoconfigure.gson.GsonAutoConfiguration, org.springframework.boot.autoconfigure.hateoas.HypermediaAutoConfiguration, org.springframework.boot.autoconfigure.http.HttpMessageConvertersAutoConfiguration, org.springframework.boot.autoconfigure.jackson.JacksonAutoConfiguration, org.springframework.boot.autoconfigure.jsonb.JsonbAutoConfiguration, org.springframework.boot.autoconfigure.mustache.MustacheAutoConfiguration, org.springframework.boot.autoconfigure.task.TaskExecutionAutoConfiguration, org.springframework.boot.autoconfigure.thymeleaf.ThymeleafAutoConfiguration, org.springframework.boot.autoconfigure.validation.ValidationAutoConfiguration, org.springframework.boot.autoconfigure.web.servlet.error.ErrorMvcAutoConfiguration, org.springframework.boot.autoconfigure.web.servlet.HttpEncodingAutoConfiguration, org.springframework.boot.autoconfigure.web.servlet.WebMvcAutoConfiguration, org.springframework.boot.test.autoconfigure.web.servlet.MockMvcAutoConfiguration, org.springframework.boot.test.autoconfigure.web.servlet.MockMvcWebClientAutoConfiguration, org.springframework.boot.test.autoconfigure.web.servlet.MockMvcWebDriverAutoConfiguration, org.springframework.boot.autoconfigure.security.oauth2.client.servlet.OAuth2ClientAutoConfiguration, org.springframework.boot.autoconfigure.security.oauth2.resource.servlet.OAuth2ResourceServerAutoConfiguration, org.springframework.boot.autoconfigure.security.servlet.SecurityAutoConfiguration, org.springframework.boot.autoconfigure.security.servlet.SecurityFilterAutoConfiguration, org.springframework.boot.autoconfigure.security.servlet.UserDetailsServiceAutoConfiguration, org.springframework.boot.test.autoconfigure.web.servlet.MockMvcSecurityConfiguration, org.springframework.boot.test.autoconfigure.web.reactive.WebTestClientAutoConfiguration]], org.springframework.boot.test.context.filter.ExcludeFilterContextCustomizer@66f57048, org.springframework.boot.test.json.DuplicateJsonObjectContextCustomizerFactory$DuplicateJsonObjectContextCustomizer@36916eb0, org.springframework.boot.test.mock.mockito.MockitoContextCustomizer@836c58ed, org.springframework.boot.test.autoconfigure.OverrideAutoConfigurationContextCustomizerFactory$DisableAutoConfigurationContextCustomizer@242b836, org.springframework.boot.test.autoconfigure.actuate.observability.ObservabilityContextCustomizerFactory$DisableObservabilityContextCustomizer@1f, org.springframework.boot.test.autoconfigure.filter.TypeExcludeFiltersContextCustomizer@c619affc, org.springframework.boot.test.autoconfigure.properties.PropertyMappingContextCustomizer@fa9acadd, org.springframework.boot.test.autoconfigure.web.servlet.WebDriverContextCustomizerFactory$Customizer@6bbe85a8, org.springframework.boot.test.context.SpringBootTestAnnotation@d226fc77], resourceBasePath = "src/main/webapp", contextLoader = org.springframework.boot.test.context.SpringBootContextLoader, parent = null]
	at org.springframework.test.context.cache.DefaultCacheAwareContextLoaderDelegate.loadContext(DefaultCacheAwareContextLoaderDelegate.java:142) ~[spring-test-6.0.9.jar:6.0.9]
	at org.springframework.test.context.support.DefaultTestContext.getApplicationContext(DefaultTestContext.java:127) ~[spring-test-6.0.9.jar:6.0.9]
	at org.springframework.boot.test.mock.mockito.MockitoTestExecutionListener.postProcessFields(MockitoTestExecutionListener.java:110) ~[spring-boot-test-3.1.0.jar:3.1.0]
	at org.springframework.boot.test.mock.mockito.MockitoTestExecutionListener.injectFields(MockitoTestExecutionListener.java:94) ~[spring-boot-test-3.1.0.jar:3.1.0]
	at org.springframework.boot.test.mock.mockito.MockitoTestExecutionListener.prepareTestInstance(MockitoTestExecutionListener.java:61) ~[spring-boot-test-3.1.0.jar:3.1.0]
	at org.springframework.test.context.TestContextManager.prepareTestInstance(TestContextManager.java:241) ~[spring-test-6.0.9.jar:6.0.9]
	at org.springframework.test.context.junit.jupiter.SpringExtension.postProcessTestInstance(SpringExtension.java:138) ~[spring-test-6.0.9.jar:6.0.9]
	at org.junit.jupiter.engine.descriptor.ClassBasedTestDescriptor.lambda$invokeTestInstancePostProcessors$10(ClassBasedTestDescriptor.java:377) ~[junit-jupiter-engine-5.9.3.jar:5.9.3]
	at org.junit.jupiter.engine.descriptor.ClassBasedTestDescriptor.executeAndMaskThrowable(ClassBasedTestDescriptor.java:382) ~[junit-jupiter-engine-5.9.3.jar:5.9.3]
	at org.junit.jupiter.engine.descriptor.ClassBasedTestDescriptor.lambda$invokeTestInstancePostProcessors$11(ClassBasedTestDescriptor.java:377) ~[junit-jupiter-engine-5.9.3.jar:5.9.3]
	at java.base/java.util.stream.ReferencePipeline$3$1.accept(ReferencePipeline.java:197) ~[na:na]
	at java.base/java.util.stream.ReferencePipeline$2$1.accept(ReferencePipeline.java:179) ~[na:na]
	at java.base/java.util.ArrayList$ArrayListSpliterator.forEachRemaining(ArrayList.java:1625) ~[na:na]
	at java.base/java.util.stream.AbstractPipeline.copyInto(AbstractPipeline.java:509) ~[na:na]
	at java.base/java.util.stream.AbstractPipeline.wrapAndCopyInto(AbstractPipeline.java:499) ~[na:na]
	at java.base/java.util.stream.StreamSpliterators$WrappingSpliterator.forEachRemaining(StreamSpliterators.java:310) ~[na:na]
	at java.base/java.util.stream.Streams$ConcatSpliterator.forEachRemaining(Streams.java:735) ~[na:na]
	at java.base/java.util.stream.Streams$ConcatSpliterator.forEachRemaining(Streams.java:734) ~[na:na]
	at java.base/java.util.stream.ReferencePipeline$Head.forEach(ReferencePipeline.java:762) ~[na:na]
	at org.junit.jupiter.engine.descriptor.ClassBasedTestDescriptor.invokeTestInstancePostProcessors(ClassBasedTestDescriptor.java:376) ~[junit-jupiter-engine-5.9.3.jar:5.9.3]
	at org.junit.jupiter.engine.descriptor.ClassBasedTestDescriptor.lambda$instantiateAndPostProcessTestInstance$6(ClassBasedTestDescriptor.java:289) ~[junit-jupiter-engine-5.9.3.jar:5.9.3]
	at org.junit.platform.engine.support.hierarchical.ThrowableCollector.execute(ThrowableCollector.java:73) ~[junit-platform-engine-1.9.3.jar:1.9.3]
	at org.junit.jupiter.engine.descriptor.ClassBasedTestDescriptor.instantiateAndPostProcessTestInstance(ClassBasedTestDescriptor.java:288) ~[junit-jupiter-engine-5.9.3.jar:5.9.3]
	at org.junit.jupiter.engine.descriptor.ClassBasedTestDescriptor.lambda$testInstancesProvider$4(ClassBasedTestDescriptor.java:278) ~[junit-jupiter-engine-5.9.3.jar:5.9.3]
	at java.base/java.util.Optional.orElseGet(Optional.java:364) ~[na:na]
	at org.junit.jupiter.engine.descriptor.ClassBasedTestDescriptor.lambda$testInstancesProvider$5(ClassBasedTestDescriptor.java:277) ~[junit-jupiter-engine-5.9.3.jar:5.9.3]
	at org.junit.jupiter.engine.execution.TestInstancesProvider.getTestInstances(TestInstancesProvider.java:31) ~[junit-jupiter-engine-5.9.3.jar:5.9.3]
	at org.junit.jupiter.engine.descriptor.TestMethodTestDescriptor.lambda$prepare$0(TestMethodTestDescriptor.java:105) ~[junit-jupiter-engine-5.9.3.jar:5.9.3]
	at org.junit.platform.engine.support.hierarchical.ThrowableCollector.execute(ThrowableCollector.java:73) ~[junit-platform-engine-1.9.3.jar:1.9.3]
	at org.junit.jupiter.engine.descriptor.TestMethodTestDescriptor.prepare(TestMethodTestDescriptor.java:104) ~[junit-jupiter-engine-5.9.3.jar:5.9.3]
	at org.junit.jupiter.engine.descriptor.TestMethodTestDescriptor.prepare(TestMethodTestDescriptor.java:68) ~[junit-jupiter-engine-5.9.3.jar:5.9.3]
	at org.junit.platform.engine.support.hierarchical.NodeTestTask.lambda$prepare$2(NodeTestTask.java:123) ~[junit-platform-engine-1.9.3.jar:1.9.3]
	at org.junit.platform.engine.support.hierarchical.ThrowableCollector.execute(ThrowableCollector.java:73) ~[junit-platform-engine-1.9.3.jar:1.9.3]
	at org.junit.platform.engine.support.hierarchical.NodeTestTask.prepare(NodeTestTask.java:123) ~[junit-platform-engine-1.9.3.jar:1.9.3]
	at org.junit.platform.engine.support.hierarchical.NodeTestTask.execute(NodeTestTask.java:90) ~[junit-platform-engine-1.9.3.jar:1.9.3]
	at java.base/java.util.ArrayList.forEach(ArrayList.java:1511) ~[na:na]
	at org.junit.platform.engine.support.hierarchical.SameThreadHierarchicalTestExecutorService.invokeAll(SameThreadHierarchicalTestExecutorService.java:41) ~[junit-platform-engine-1.9.3.jar:1.9.3]
	at org.junit.platform.engine.support.hierarchical.NodeTestTask.lambda$executeRecursively$6(NodeTestTask.java:155) ~[junit-platform-engine-1.9.3.jar:1.9.3]
	at org.junit.platform.engine.support.hierarchical.ThrowableCollector.execute(ThrowableCollector.java:73) ~[junit-platform-engine-1.9.3.jar:1.9.3]
	at org.junit.platform.engine.support.hierarchical.NodeTestTask.lambda$executeRecursively$8(NodeTestTask.java:141) ~[junit-platform-engine-1.9.3.jar:1.9.3]
	at org.junit.platform.engine.support.hierarchical.Node.around(Node.java:137) ~[junit-platform-engine-1.9.3.jar:1.9.3]
	at org.junit.platform.engine.support.hierarchical.NodeTestTask.lambda$executeRecursively$9(NodeTestTask.java:139) ~[junit-platform-engine-1.9.3.jar:1.9.3]
	at org.junit.platform.engine.support.hierarchical.ThrowableCollector.execute(ThrowableCollector.java:73) ~[junit-platform-engine-1.9.3.jar:1.9.3]
	at org.junit.platform.engine.support.hierarchical.NodeTestTask.executeRecursively(NodeTestTask.java:138) ~[junit-platform-engine-1.9.3.jar:1.9.3]
	at org.junit.platform.engine.support.hierarchical.NodeTestTask.execute(NodeTestTask.java:95) ~[junit-platform-engine-1.9.3.jar:1.9.3]
	at java.base/java.util.ArrayList.forEach(ArrayList.java:1511) ~[na:na]
	at org.junit.platform.engine.support.hierarchical.SameThreadHierarchicalTestExecutorService.invokeAll(SameThreadHierarchicalTestExecutorService.java:41) ~[junit-platform-engine-1.9.3.jar:1.9.3]
	at org.junit.platform.engine.support.hierarchical.NodeTestTask.lambda$executeRecursively$6(NodeTestTask.java:155) ~[junit-platform-engine-1.9.3.jar:1.9.3]
	at org.junit.platform.engine.support.hierarchical.ThrowableCollector.execute(ThrowableCollector.java:73) ~[junit-platform-engine-1.9.3.jar:1.9.3]
	at org.junit.platform.engine.support.hierarchical.NodeTestTask.lambda$executeRecursively$8(NodeTestTask.java:141) ~[junit-platform-engine-1.9.3.jar:1.9.3]
	at org.junit.platform.engine.support.hierarchical.Node.around(Node.java:137) ~[junit-platform-engine-1.9.3.jar:1.9.3]
	at org.junit.platform.engine.support.hierarchical.NodeTestTask.lambda$executeRecursively$9(NodeTestTask.java:139) ~[junit-platform-engine-1.9.3.jar:1.9.3]
	at org.junit.platform.engine.support.hierarchical.ThrowableCollector.execute(ThrowableCollector.java:73) ~[junit-platform-engine-1.9.3.jar:1.9.3]
	at org.junit.platform.engine.support.hierarchical.NodeTestTask.executeRecursively(NodeTestTask.java:138) ~[junit-platform-engine-1.9.3.jar:1.9.3]
	at org.junit.platform.engine.support.hierarchical.NodeTestTask.execute(NodeTestTask.java:95) ~[junit-platform-engine-1.9.3.jar:1.9.3]
	at org.junit.platform.engine.support.hierarchical.SameThreadHierarchicalTestExecutorService.submit(SameThreadHierarchicalTestExecutorService.java:35) ~[junit-platform-engine-1.9.3.jar:1.9.3]
	at org.junit.platform.engine.support.hierarchical.HierarchicalTestExecutor.execute(HierarchicalTestExecutor.java:57) ~[junit-platform-engine-1.9.3.jar:1.9.3]
	at org.junit.platform.engine.support.hierarchical.HierarchicalTestEngine.execute(HierarchicalTestEngine.java:54) ~[junit-platform-engine-1.9.3.jar:1.9.3]
	at org.junit.platform.launcher.core.EngineExecutionOrchestrator.execute(EngineExecutionOrchestrator.java:147) ~[junit-platform-launcher-1.9.3.jar:1.9.3]
	at org.junit.platform.launcher.core.EngineExecutionOrchestrator.execute(EngineExecutionOrchestrator.java:127) ~[junit-platform-launcher-1.9.3.jar:1.9.3]
	at org.junit.platform.launcher.core.EngineExecutionOrchestrator.execute(EngineExecutionOrchestrator.java:90) ~[junit-platform-launcher-1.9.3.jar:1.9.3]
	at org.junit.platform.launcher.core.EngineExecutionOrchestrator.lambda$execute$0(EngineExecutionOrchestrator.java:55) ~[junit-platform-launcher-1.9.3.jar:1.9.3]
	at org.junit.platform.launcher.core.EngineExecutionOrchestrator.withInterceptedStreams(EngineExecutionOrchestrator.java:102) ~[junit-platform-launcher-1.9.3.jar:1.9.3]
	at org.junit.platform.launcher.core.EngineExecutionOrchestrator.execute(EngineExecutionOrchestrator.java:54) ~[junit-platform-launcher-1.9.3.jar:1.9.3]
	at org.junit.platform.launcher.core.DefaultLauncher.execute(DefaultLauncher.java:114) ~[junit-platform-launcher-1.9.3.jar:1.9.3]
	at org.junit.platform.launcher.core.DefaultLauncher.execute(DefaultLauncher.java:86) ~[junit-platform-launcher-1.9.3.jar:1.9.3]
	at org.junit.platform.launcher.core.DefaultLauncherSession$DelegatingLauncher.execute(DefaultLauncherSession.java:86) ~[junit-platform-launcher-1.9.3.jar:1.9.3]
	at org.junit.platform.launcher.core.SessionPerRequestLauncher.execute(SessionPerRequestLauncher.java:53) ~[junit-platform-launcher-1.9.3.jar:1.9.3]
	at com.intellij.junit5.JUnit5IdeaTestRunner.startRunnerWithArgs(JUnit5IdeaTestRunner.java:57) ~[junit5-rt.jar:na]
	at com.intellij.rt.junit.IdeaTestRunner$Repeater$1.execute(IdeaTestRunner.java:38) ~[junit-rt.jar:na]
	at com.intellij.rt.execution.junit.TestsRepeater.repeat(TestsRepeater.java:11) ~[idea_rt.jar:na]
	at com.intellij.rt.junit.IdeaTestRunner$Repeater.startRunnerWithArgs(IdeaTestRunner.java:35) ~[junit-rt.jar:na]
	at com.intellij.rt.junit.JUnitStarter.prepareStreamsAndStart(JUnitStarter.java:232) ~[junit-rt.jar:na]
	at com.intellij.rt.junit.JUnitStarter.main(JUnitStarter.java:55) ~[junit-rt.jar:na]
Caused by: org.springframework.beans.factory.UnsatisfiedDependencyException: Error creating bean with name 'trackController' defined in file [/home/alejandro/Projects/DebuggeandoIdeas/udemy/music_app/target/classes/com/debuggeando_ideas/music_app/controller/TrackController.class]: Unsatisfied dependency expressed through constructor parameter 0: No qualifying bean of type 'com.debuggeando_ideas.music_app.service.ITrackService' available: expected at least 1 bean which qualifies as autowire candidate. Dependency annotations: {}
	at org.springframework.beans.factory.support.ConstructorResolver.createArgumentArray(ConstructorResolver.java:800) ~[spring-beans-6.0.9.jar:6.0.9]
	at org.springframework.beans.factory.support.ConstructorResolver.autowireConstructor(ConstructorResolver.java:245) ~[spring-beans-6.0.9.jar:6.0.9]
	at org.springframework.beans.factory.support.AbstractAutowireCapableBeanFactory.autowireConstructor(AbstractAutowireCapableBeanFactory.java:1352) ~[spring-beans-6.0.9.jar:6.0.9]
	at org.springframework.beans.factory.support.AbstractAutowireCapableBeanFactory.createBeanInstance(AbstractAutowireCapableBeanFactory.java:1189) ~[spring-beans-6.0.9.jar:6.0.9]
	at org.springframework.beans.factory.support.AbstractAutowireCapableBeanFactory.doCreateBean(AbstractAutowireCapableBeanFactory.java:560) ~[spring-beans-6.0.9.jar:6.0.9]
	at org.springframework.beans.factory.support.AbstractAutowireCapableBeanFactory.createBean(AbstractAutowireCapableBeanFactory.java:520) ~[spring-beans-6.0.9.jar:6.0.9]
	at org.springframework.beans.factory.support.AbstractBeanFactory.lambda$doGetBean$0(AbstractBeanFactory.java:326) ~[spring-beans-6.0.9.jar:6.0.9]
	at org.springframework.beans.factory.support.DefaultSingletonBeanRegistry.getSingleton(DefaultSingletonBeanRegistry.java:234) ~[spring-beans-6.0.9.jar:6.0.9]
	at org.springframework.beans.factory.support.AbstractBeanFactory.doGetBean(AbstractBeanFactory.java:324) ~[spring-beans-6.0.9.jar:6.0.9]
	at org.springframework.beans.factory.support.AbstractBeanFactory.getBean(AbstractBeanFactory.java:200) ~[spring-beans-6.0.9.jar:6.0.9]
	at org.springframework.beans.factory.support.DefaultListableBeanFactory.preInstantiateSingletons(DefaultListableBeanFactory.java:973) ~[spring-beans-6.0.9.jar:6.0.9]
	at org.springframework.context.support.AbstractApplicationContext.finishBeanFactoryInitialization(AbstractApplicationContext.java:941) ~[spring-context-6.0.9.jar:6.0.9]
	at org.springframework.context.support.AbstractApplicationContext.refresh(AbstractApplicationContext.java:608) ~[spring-context-6.0.9.jar:6.0.9]
	at org.springframework.boot.SpringApplication.refresh(SpringApplication.java:733) ~[spring-boot-3.1.0.jar:3.1.0]
	at org.springframework.boot.SpringApplication.refreshContext(SpringApplication.java:435) ~[spring-boot-3.1.0.jar:3.1.0]
	at org.springframework.boot.SpringApplication.run(SpringApplication.java:311) ~[spring-boot-3.1.0.jar:3.1.0]
	at org.springframework.boot.test.context.SpringBootContextLoader.lambda$loadContext$3(SpringBootContextLoader.java:137) ~[spring-boot-test-3.1.0.jar:3.1.0]
	at org.springframework.util.function.ThrowingSupplier.get(ThrowingSupplier.java:58) ~[spring-core-6.0.9.jar:6.0.9]
	at org.springframework.util.function.ThrowingSupplier.get(ThrowingSupplier.java:46) ~[spring-core-6.0.9.jar:6.0.9]
	at org.springframework.boot.SpringApplication.withHook(SpringApplication.java:1405) ~[spring-boot-3.1.0.jar:3.1.0]
	at org.springframework.boot.test.context.SpringBootContextLoader$ContextLoaderHook.run(SpringBootContextLoader.java:545) ~[spring-boot-test-3.1.0.jar:3.1.0]
	at org.springframework.boot.test.context.SpringBootContextLoader.loadContext(SpringBootContextLoader.java:137) ~[spring-boot-test-3.1.0.jar:3.1.0]
	at org.springframework.boot.test.context.SpringBootContextLoader.loadContext(SpringBootContextLoader.java:108) ~[spring-boot-test-3.1.0.jar:3.1.0]
	at org.springframework.test.context.cache.DefaultCacheAwareContextLoaderDelegate.loadContextInternal(DefaultCacheAwareContextLoaderDelegate.java:184) ~[spring-test-6.0.9.jar:6.0.9]
	at org.springframework.test.context.cache.DefaultCacheAwareContextLoaderDelegate.loadContext(DefaultCacheAwareContextLoaderDelegate.java:118) ~[spring-test-6.0.9.jar:6.0.9]
	... 73 common frames omitted
Caused by: org.springframework.beans.factory.NoSuchBeanDefinitionException: No qualifying bean of type 'com.debuggeando_ideas.music_app.service.ITrackService' available: expected at least 1 bean which qualifies as autowire candidate. Dependency annotations: {}
	at org.springframework.beans.factory.support.DefaultListableBeanFactory.raiseNoMatchingBeanFound(DefaultListableBeanFactory.java:1824) ~[spring-beans-6.0.9.jar:6.0.9]
	at org.springframework.beans.factory.support.DefaultListableBeanFactory.doResolveDependency(DefaultListableBeanFactory.java:1383) ~[spring-beans-6.0.9.jar:6.0.9]
	at org.springframework.beans.factory.support.DefaultListableBeanFactory.resolveDependency(DefaultListableBeanFactory.java:1337) ~[spring-beans-6.0.9.jar:6.0.9]
	at org.springframework.beans.factory.support.ConstructorResolver.resolveAutowiredArgument(ConstructorResolver.java:888) ~[spring-beans-6.0.9.jar:6.0.9]
	at org.springframework.beans.factory.support.ConstructorResolver.createArgumentArray(ConstructorResolver.java:791) ~[spring-beans-6.0.9.jar:6.0.9]
	... 97 common frames omitted

2023-06-26T11:55:14.776-06:00  INFO 108451 --- [main] c.d.m.controller.AlbumControllerTest     : Starting AlbumControllerTest using Java 17.0.7 with PID 108451 (started by alejandro in /home/alejandro/Projects/DebuggeandoIdeas/udemy/music_app)
2023-06-26T11:55:14.778-06:00  INFO 108451 --- [main] c.d.m.controller.AlbumControllerTest     : No active profile set, falling back to 1 default profile: "default"
2023-06-26T11:55:15.988-06:00  INFO 108451 --- [main] o.s.b.t.m.w.SpringBootMockServletContext : Initializing Spring TestDispatcherServlet ''
2023-06-26T11:55:15.988-06:00  INFO 108451 --- [main] o.s.t.web.servlet.TestDispatcherServlet  : Initializing Servlet ''
2023-06-26T11:55:15.990-06:00  INFO 108451 --- [main] o.s.t.web.servlet.TestDispatcherServlet  : Completed initialization in 2 ms
2023-06-26T11:55:16.015-06:00  INFO 108451 --- [main] c.d.m.controller.AlbumControllerTest     : Started AlbumControllerTest in 1.518 seconds (process running for 2.222)
2023-06-26T11:56:45.140-06:00  INFO 108562 --- [main] c.d.m.controller.AlbumControllerTest     : Starting AlbumControllerTest using Java 17.0.7 with PID 108562 (started by alejandro in /home/alejandro/Projects/DebuggeandoIdeas/udemy/music_app)
2023-06-26T11:56:45.142-06:00  INFO 108562 --- [main] c.d.m.controller.AlbumControllerTest     : No active profile set, falling back to 1 default profile: "default"
2023-06-26T11:56:46.014-06:00  WARN 108562 --- [main] o.s.w.c.s.GenericWebApplicationContext   : Exception encountered during context initialization - cancelling refresh attempt: org.springframework.beans.factory.UnsatisfiedDependencyException: Error creating bean with name 'trackController' defined in file [/home/alejandro/Projects/DebuggeandoIdeas/udemy/music_app/target/classes/com/debuggeando_ideas/music_app/controller/TrackController.class]: Unsatisfied dependency expressed through constructor parameter 0: No qualifying bean of type 'com.debuggeando_ideas.music_app.service.ITrackService' available: expected at least 1 bean which qualifies as autowire candidate. Dependency annotations: {}
2023-06-26T11:56:46.019-06:00  INFO 108562 --- [main] .s.b.a.l.ConditionEvaluationReportLogger : 

Error starting ApplicationContext. To display the condition evaluation report re-run your application with 'debug' enabled.
2023-06-26T11:56:46.038-06:00 ERROR 108562 --- [main] o.s.b.d.LoggingFailureAnalysisReporter   : 

***************************
APPLICATION FAILED TO START
***************************

Description:

Parameter 0 of constructor in com.debuggeando_ideas.music_app.controller.TrackController required a bean of type 'com.debuggeando_ideas.music_app.service.ITrackService' that could not be found.


Action:

Consider defining a bean of type 'com.debuggeando_ideas.music_app.service.ITrackService' in your configuration.

2023-06-26T11:56:46.048-06:00 ERROR 108562 --- [main] o.s.test.context.TestContextManager      : Caught exception while allowing TestExecutionListener [org.springframework.boot.test.mock.mockito.MockitoTestExecutionListener] to prepare test instance [com.debuggeando_ideas.music_app.controller.AlbumControllerStatus200Test@19b02dfd]

java.lang.IllegalStateException: Failed to load ApplicationContext for [WebMergedContextConfiguration@5921b93c testClass = com.debuggeando_ideas.music_app.controller.AlbumControllerStatus200Test, locations = [], classes = [com.debuggeando_ideas.music_app.SpringTestApplication], contextInitializerClasses = [], activeProfiles = [], propertySourceLocations = [], propertySourceProperties = ["org.springframework.boot.test.autoconfigure.web.servlet.WebMvcTestContextBootstrapper=true"], contextCustomizers = [[ImportsContextCustomizer@faea4da key = [org.springframework.boot.autoconfigure.cache.CacheAutoConfiguration, org.springframework.boot.autoconfigure.context.MessageSourceAutoConfiguration, org.springframework.boot.autoconfigure.data.web.SpringDataWebAutoConfiguration, org.springframework.boot.autoconfigure.freemarker.FreeMarkerAutoConfiguration, org.springframework.boot.autoconfigure.groovy.template.GroovyTemplateAutoConfiguration, org.springframework.boot.autoconfigure.gson.GsonAutoConfiguration, org.springframework.boot.autoconfigure.hateoas.HypermediaAutoConfiguration, org.springframework.boot.autoconfigure.http.HttpMessageConvertersAutoConfiguration, org.springframework.boot.autoconfigure.jackson.JacksonAutoConfiguration, org.springframework.boot.autoconfigure.jsonb.JsonbAutoConfiguration, org.springframework.boot.autoconfigure.mustache.MustacheAutoConfiguration, org.springframework.boot.autoconfigure.task.TaskExecutionAutoConfiguration, org.springframework.boot.autoconfigure.thymeleaf.ThymeleafAutoConfiguration, org.springframework.boot.autoconfigure.validation.ValidationAutoConfiguration, org.springframework.boot.autoconfigure.web.servlet.error.ErrorMvcAutoConfiguration, org.springframework.boot.autoconfigure.web.servlet.HttpEncodingAutoConfiguration, org.springframework.boot.autoconfigure.web.servlet.WebMvcAutoConfiguration, org.springframework.boot.test.autoconfigure.web.servlet.MockMvcAutoConfiguration, org.springframework.boot.test.autoconfigure.web.servlet.MockMvcWebClientAutoConfiguration, org.springframework.boot.test.autoconfigure.web.servlet.MockMvcWebDriverAutoConfiguration, org.springframework.boot.autoconfigure.security.oauth2.client.servlet.OAuth2ClientAutoConfiguration, org.springframework.boot.autoconfigure.security.oauth2.resource.servlet.OAuth2ResourceServerAutoConfiguration, org.springframework.boot.autoconfigure.security.servlet.SecurityAutoConfiguration, org.springframework.boot.autoconfigure.security.servlet.SecurityFilterAutoConfiguration, org.springframework.boot.autoconfigure.security.servlet.UserDetailsServiceAutoConfiguration, org.springframework.boot.test.autoconfigure.web.servlet.MockMvcSecurityConfiguration, org.springframework.boot.test.autoconfigure.web.reactive.WebTestClientAutoConfiguration]], org.springframework.boot.test.context.filter.ExcludeFilterContextCustomizer@66f57048, org.springframework.boot.test.json.DuplicateJsonObjectContextCustomizerFactory$DuplicateJsonObjectContextCustomizer@36916eb0, org.springframework.boot.test.mock.mockito.MockitoContextCustomizer@836c58ed, org.springframework.boot.test.autoconfigure.OverrideAutoConfigurationContextCustomizerFactory$DisableAutoConfigurationContextCustomizer@242b836, org.springframework.boot.test.autoconfigure.actuate.observability.ObservabilityContextCustomizerFactory$DisableObservabilityContextCustomizer@1f, org.springframework.boot.test.autoconfigure.filter.TypeExcludeFiltersContextCustomizer@c619affc, org.springframework.boot.test.autoconfigure.properties.PropertyMappingContextCustomizer@fa9acadd, org.springframework.boot.test.autoconfigure.web.servlet.WebDriverContextCustomizerFactory$Customizer@6bbe85a8, org.springframework.boot.test.context.SpringBootTestAnnotation@d226fc77], resourceBasePath = "src/main/webapp", contextLoader = org.springframework.boot.test.context.SpringBootContextLoader, parent = null]
	at org.springframework.test.context.cache.DefaultCacheAwareContextLoaderDelegate.loadContext(DefaultCacheAwareContextLoaderDelegate.java:142) ~[spring-test-6.0.9.jar:6.0.9]
	at org.springframework.test.context.support.DefaultTestContext.getApplicationContext(DefaultTestContext.java:127) ~[spring-test-6.0.9.jar:6.0.9]
	at org.springframework.boot.test.mock.mockito.MockitoTestExecutionListener.postProcessFields(MockitoTestExecutionListener.java:110) ~[spring-boot-test-3.1.0.jar:3.1.0]
	at org.springframework.boot.test.mock.mockito.MockitoTestExecutionListener.injectFields(MockitoTestExecutionListener.java:94) ~[spring-boot-test-3.1.0.jar:3.1.0]
	at org.springframework.boot.test.mock.mockito.MockitoTestExecutionListener.prepareTestInstance(MockitoTestExecutionListener.java:61) ~[spring-boot-test-3.1.0.jar:3.1.0]
	at org.springframework.test.context.TestContextManager.prepareTestInstance(TestContextManager.java:241) ~[spring-test-6.0.9.jar:6.0.9]
	at org.springframework.test.context.junit.jupiter.SpringExtension.postProcessTestInstance(SpringExtension.java:138) ~[spring-test-6.0.9.jar:6.0.9]
	at org.junit.jupiter.engine.descriptor.ClassBasedTestDescriptor.lambda$invokeTestInstancePostProcessors$10(ClassBasedTestDescriptor.java:377) ~[junit-jupiter-engine-5.9.3.jar:5.9.3]
	at org.junit.jupiter.engine.descriptor.ClassBasedTestDescriptor.executeAndMaskThrowable(ClassBasedTestDescriptor.java:382) ~[junit-jupiter-engine-5.9.3.jar:5.9.3]
	at org.junit.jupiter.engine.descriptor.ClassBasedTestDescriptor.lambda$invokeTestInstancePostProcessors$11(ClassBasedTestDescriptor.java:377) ~[junit-jupiter-engine-5.9.3.jar:5.9.3]
	at java.base/java.util.stream.ReferencePipeline$3$1.accept(ReferencePipeline.java:197) ~[na:na]
	at java.base/java.util.stream.ReferencePipeline$2$1.accept(ReferencePipeline.java:179) ~[na:na]
	at java.base/java.util.ArrayList$ArrayListSpliterator.forEachRemaining(ArrayList.java:1625) ~[na:na]
	at java.base/java.util.stream.AbstractPipeline.copyInto(AbstractPipeline.java:509) ~[na:na]
	at java.base/java.util.stream.AbstractPipeline.wrapAndCopyInto(AbstractPipeline.java:499) ~[na:na]
	at java.base/java.util.stream.StreamSpliterators$WrappingSpliterator.forEachRemaining(StreamSpliterators.java:310) ~[na:na]
	at java.base/java.util.stream.Streams$ConcatSpliterator.forEachRemaining(Streams.java:735) ~[na:na]
	at java.base/java.util.stream.Streams$ConcatSpliterator.forEachRemaining(Streams.java:734) ~[na:na]
	at java.base/java.util.stream.ReferencePipeline$Head.forEach(ReferencePipeline.java:762) ~[na:na]
	at org.junit.jupiter.engine.descriptor.ClassBasedTestDescriptor.invokeTestInstancePostProcessors(ClassBasedTestDescriptor.java:376) ~[junit-jupiter-engine-5.9.3.jar:5.9.3]
	at org.junit.jupiter.engine.descriptor.ClassBasedTestDescriptor.lambda$instantiateAndPostProcessTestInstance$6(ClassBasedTestDescriptor.java:289) ~[junit-jupiter-engine-5.9.3.jar:5.9.3]
	at org.junit.platform.engine.support.hierarchical.ThrowableCollector.execute(ThrowableCollector.java:73) ~[junit-platform-engine-1.9.3.jar:1.9.3]
	at org.junit.jupiter.engine.descriptor.ClassBasedTestDescriptor.instantiateAndPostProcessTestInstance(ClassBasedTestDescriptor.java:288) ~[junit-jupiter-engine-5.9.3.jar:5.9.3]
	at org.junit.jupiter.engine.descriptor.ClassBasedTestDescriptor.lambda$testInstancesProvider$4(ClassBasedTestDescriptor.java:278) ~[junit-jupiter-engine-5.9.3.jar:5.9.3]
	at java.base/java.util.Optional.orElseGet(Optional.java:364) ~[na:na]
	at org.junit.jupiter.engine.descriptor.ClassBasedTestDescriptor.lambda$testInstancesProvider$5(ClassBasedTestDescriptor.java:277) ~[junit-jupiter-engine-5.9.3.jar:5.9.3]
	at org.junit.jupiter.engine.execution.TestInstancesProvider.getTestInstances(TestInstancesProvider.java:31) ~[junit-jupiter-engine-5.9.3.jar:5.9.3]
	at org.junit.jupiter.engine.descriptor.TestMethodTestDescriptor.lambda$prepare$0(TestMethodTestDescriptor.java:105) ~[junit-jupiter-engine-5.9.3.jar:5.9.3]
	at org.junit.platform.engine.support.hierarchical.ThrowableCollector.execute(ThrowableCollector.java:73) ~[junit-platform-engine-1.9.3.jar:1.9.3]
	at org.junit.jupiter.engine.descriptor.TestMethodTestDescriptor.prepare(TestMethodTestDescriptor.java:104) ~[junit-jupiter-engine-5.9.3.jar:5.9.3]
	at org.junit.jupiter.engine.descriptor.TestMethodTestDescriptor.prepare(TestMethodTestDescriptor.java:68) ~[junit-jupiter-engine-5.9.3.jar:5.9.3]
	at org.junit.platform.engine.support.hierarchical.NodeTestTask.lambda$prepare$2(NodeTestTask.java:123) ~[junit-platform-engine-1.9.3.jar:1.9.3]
	at org.junit.platform.engine.support.hierarchical.ThrowableCollector.execute(ThrowableCollector.java:73) ~[junit-platform-engine-1.9.3.jar:1.9.3]
	at org.junit.platform.engine.support.hierarchical.NodeTestTask.prepare(NodeTestTask.java:123) ~[junit-platform-engine-1.9.3.jar:1.9.3]
	at org.junit.platform.engine.support.hierarchical.NodeTestTask.execute(NodeTestTask.java:90) ~[junit-platform-engine-1.9.3.jar:1.9.3]
	at java.base/java.util.ArrayList.forEach(ArrayList.java:1511) ~[na:na]
	at org.junit.platform.engine.support.hierarchical.SameThreadHierarchicalTestExecutorService.invokeAll(SameThreadHierarchicalTestExecutorService.java:41) ~[junit-platform-engine-1.9.3.jar:1.9.3]
	at org.junit.platform.engine.support.hierarchical.NodeTestTask.lambda$executeRecursively$6(NodeTestTask.java:155) ~[junit-platform-engine-1.9.3.jar:1.9.3]
	at org.junit.platform.engine.support.hierarchical.ThrowableCollector.execute(ThrowableCollector.java:73) ~[junit-platform-engine-1.9.3.jar:1.9.3]
	at org.junit.platform.engine.support.hierarchical.NodeTestTask.lambda$executeRecursively$8(NodeTestTask.java:141) ~[junit-platform-engine-1.9.3.jar:1.9.3]
	at org.junit.platform.engine.support.hierarchical.Node.around(Node.java:137) ~[junit-platform-engine-1.9.3.jar:1.9.3]
	at org.junit.platform.engine.support.hierarchical.NodeTestTask.lambda$executeRecursively$9(NodeTestTask.java:139) ~[junit-platform-engine-1.9.3.jar:1.9.3]
	at org.junit.platform.engine.support.hierarchical.ThrowableCollector.execute(ThrowableCollector.java:73) ~[junit-platform-engine-1.9.3.jar:1.9.3]
	at org.junit.platform.engine.support.hierarchical.NodeTestTask.executeRecursively(NodeTestTask.java:138) ~[junit-platform-engine-1.9.3.jar:1.9.3]
	at org.junit.platform.engine.support.hierarchical.NodeTestTask.execute(NodeTestTask.java:95) ~[junit-platform-engine-1.9.3.jar:1.9.3]
	at java.base/java.util.ArrayList.forEach(ArrayList.java:1511) ~[na:na]
	at org.junit.platform.engine.support.hierarchical.SameThreadHierarchicalTestExecutorService.invokeAll(SameThreadHierarchicalTestExecutorService.java:41) ~[junit-platform-engine-1.9.3.jar:1.9.3]
	at org.junit.platform.engine.support.hierarchical.NodeTestTask.lambda$executeRecursively$6(NodeTestTask.java:155) ~[junit-platform-engine-1.9.3.jar:1.9.3]
	at org.junit.platform.engine.support.hierarchical.ThrowableCollector.execute(ThrowableCollector.java:73) ~[junit-platform-engine-1.9.3.jar:1.9.3]
	at org.junit.platform.engine.support.hierarchical.NodeTestTask.lambda$executeRecursively$8(NodeTestTask.java:141) ~[junit-platform-engine-1.9.3.jar:1.9.3]
	at org.junit.platform.engine.support.hierarchical.Node.around(Node.java:137) ~[junit-platform-engine-1.9.3.jar:1.9.3]
	at org.junit.platform.engine.support.hierarchical.NodeTestTask.lambda$executeRecursively$9(NodeTestTask.java:139) ~[junit-platform-engine-1.9.3.jar:1.9.3]
	at org.junit.platform.engine.support.hierarchical.ThrowableCollector.execute(ThrowableCollector.java:73) ~[junit-platform-engine-1.9.3.jar:1.9.3]
	at org.junit.platform.engine.support.hierarchical.NodeTestTask.executeRecursively(NodeTestTask.java:138) ~[junit-platform-engine-1.9.3.jar:1.9.3]
	at org.junit.platform.engine.support.hierarchical.NodeTestTask.execute(NodeTestTask.java:95) ~[junit-platform-engine-1.9.3.jar:1.9.3]
	at org.junit.platform.engine.support.hierarchical.SameThreadHierarchicalTestExecutorService.submit(SameThreadHierarchicalTestExecutorService.java:35) ~[junit-platform-engine-1.9.3.jar:1.9.3]
	at org.junit.platform.engine.support.hierarchical.HierarchicalTestExecutor.execute(HierarchicalTestExecutor.java:57) ~[junit-platform-engine-1.9.3.jar:1.9.3]
	at org.junit.platform.engine.support.hierarchical.HierarchicalTestEngine.execute(HierarchicalTestEngine.java:54) ~[junit-platform-engine-1.9.3.jar:1.9.3]
	at org.junit.platform.launcher.core.EngineExecutionOrchestrator.execute(EngineExecutionOrchestrator.java:147) ~[junit-platform-launcher-1.9.3.jar:1.9.3]
	at org.junit.platform.launcher.core.EngineExecutionOrchestrator.execute(EngineExecutionOrchestrator.java:127) ~[junit-platform-launcher-1.9.3.jar:1.9.3]
	at org.junit.platform.launcher.core.EngineExecutionOrchestrator.execute(EngineExecutionOrchestrator.java:90) ~[junit-platform-launcher-1.9.3.jar:1.9.3]
	at org.junit.platform.launcher.core.EngineExecutionOrchestrator.lambda$execute$0(EngineExecutionOrchestrator.java:55) ~[junit-platform-launcher-1.9.3.jar:1.9.3]
	at org.junit.platform.launcher.core.EngineExecutionOrchestrator.withInterceptedStreams(EngineExecutionOrchestrator.java:102) ~[junit-platform-launcher-1.9.3.jar:1.9.3]
	at org.junit.platform.launcher.core.EngineExecutionOrchestrator.execute(EngineExecutionOrchestrator.java:54) ~[junit-platform-launcher-1.9.3.jar:1.9.3]
	at org.junit.platform.launcher.core.DefaultLauncher.execute(DefaultLauncher.java:114) ~[junit-platform-launcher-1.9.3.jar:1.9.3]
	at org.junit.platform.launcher.core.DefaultLauncher.execute(DefaultLauncher.java:86) ~[junit-platform-launcher-1.9.3.jar:1.9.3]
	at org.junit.platform.launcher.core.DefaultLauncherSession$DelegatingLauncher.execute(DefaultLauncherSession.java:86) ~[junit-platform-launcher-1.9.3.jar:1.9.3]
	at org.junit.platform.launcher.core.SessionPerRequestLauncher.execute(SessionPerRequestLauncher.java:53) ~[junit-platform-launcher-1.9.3.jar:1.9.3]
	at com.intellij.junit5.JUnit5IdeaTestRunner.startRunnerWithArgs(JUnit5IdeaTestRunner.java:57) ~[junit5-rt.jar:na]
	at com.intellij.rt.junit.IdeaTestRunner$Repeater$1.execute(IdeaTestRunner.java:38) ~[junit-rt.jar:na]
	at com.intellij.rt.execution.junit.TestsRepeater.repeat(TestsRepeater.java:11) ~[idea_rt.jar:na]
	at com.intellij.rt.junit.IdeaTestRunner$Repeater.startRunnerWithArgs(IdeaTestRunner.java:35) ~[junit-rt.jar:na]
	at com.intellij.rt.junit.JUnitStarter.prepareStreamsAndStart(JUnitStarter.java:232) ~[junit-rt.jar:na]
	at com.intellij.rt.junit.JUnitStarter.main(JUnitStarter.java:55) ~[junit-rt.jar:na]
Caused by: org.springframework.beans.factory.UnsatisfiedDependencyException: Error creating bean with name 'trackController' defined in file [/home/alejandro/Projects/DebuggeandoIdeas/udemy/music_app/target/classes/com/debuggeando_ideas/music_app/controller/TrackController.class]: Unsatisfied dependency expressed through constructor parameter 0: No qualifying bean of type 'com.debuggeando_ideas.music_app.service.ITrackService' available: expected at least 1 bean which qualifies as autowire candidate. Dependency annotations: {}
	at org.springframework.beans.factory.support.ConstructorResolver.createArgumentArray(ConstructorResolver.java:800) ~[spring-beans-6.0.9.jar:6.0.9]
	at org.springframework.beans.factory.support.ConstructorResolver.autowireConstructor(ConstructorResolver.java:245) ~[spring-beans-6.0.9.jar:6.0.9]
	at org.springframework.beans.factory.support.AbstractAutowireCapableBeanFactory.autowireConstructor(AbstractAutowireCapableBeanFactory.java:1352) ~[spring-beans-6.0.9.jar:6.0.9]
	at org.springframework.beans.factory.support.AbstractAutowireCapableBeanFactory.createBeanInstance(AbstractAutowireCapableBeanFactory.java:1189) ~[spring-beans-6.0.9.jar:6.0.9]
	at org.springframework.beans.factory.support.AbstractAutowireCapableBeanFactory.doCreateBean(AbstractAutowireCapableBeanFactory.java:560) ~[spring-beans-6.0.9.jar:6.0.9]
	at org.springframework.beans.factory.support.AbstractAutowireCapableBeanFactory.createBean(AbstractAutowireCapableBeanFactory.java:520) ~[spring-beans-6.0.9.jar:6.0.9]
	at org.springframework.beans.factory.support.AbstractBeanFactory.lambda$doGetBean$0(AbstractBeanFactory.java:326) ~[spring-beans-6.0.9.jar:6.0.9]
	at org.springframework.beans.factory.support.DefaultSingletonBeanRegistry.getSingleton(DefaultSingletonBeanRegistry.java:234) ~[spring-beans-6.0.9.jar:6.0.9]
	at org.springframework.beans.factory.support.AbstractBeanFactory.doGetBean(AbstractBeanFactory.java:324) ~[spring-beans-6.0.9.jar:6.0.9]
	at org.springframework.beans.factory.support.AbstractBeanFactory.getBean(AbstractBeanFactory.java:200) ~[spring-beans-6.0.9.jar:6.0.9]
	at org.springframework.beans.factory.support.DefaultListableBeanFactory.preInstantiateSingletons(DefaultListableBeanFactory.java:973) ~[spring-beans-6.0.9.jar:6.0.9]
	at org.springframework.context.support.AbstractApplicationContext.finishBeanFactoryInitialization(AbstractApplicationContext.java:941) ~[spring-context-6.0.9.jar:6.0.9]
	at org.springframework.context.support.AbstractApplicationContext.refresh(AbstractApplicationContext.java:608) ~[spring-context-6.0.9.jar:6.0.9]
	at org.springframework.boot.SpringApplication.refresh(SpringApplication.java:733) ~[spring-boot-3.1.0.jar:3.1.0]
	at org.springframework.boot.SpringApplication.refreshContext(SpringApplication.java:435) ~[spring-boot-3.1.0.jar:3.1.0]
	at org.springframework.boot.SpringApplication.run(SpringApplication.java:311) ~[spring-boot-3.1.0.jar:3.1.0]
	at org.springframework.boot.test.context.SpringBootContextLoader.lambda$loadContext$3(SpringBootContextLoader.java:137) ~[spring-boot-test-3.1.0.jar:3.1.0]
	at org.springframework.util.function.ThrowingSupplier.get(ThrowingSupplier.java:58) ~[spring-core-6.0.9.jar:6.0.9]
	at org.springframework.util.function.ThrowingSupplier.get(ThrowingSupplier.java:46) ~[spring-core-6.0.9.jar:6.0.9]
	at org.springframework.boot.SpringApplication.withHook(SpringApplication.java:1405) ~[spring-boot-3.1.0.jar:3.1.0]
	at org.springframework.boot.test.context.SpringBootContextLoader$ContextLoaderHook.run(SpringBootContextLoader.java:545) ~[spring-boot-test-3.1.0.jar:3.1.0]
	at org.springframework.boot.test.context.SpringBootContextLoader.loadContext(SpringBootContextLoader.java:137) ~[spring-boot-test-3.1.0.jar:3.1.0]
	at org.springframework.boot.test.context.SpringBootContextLoader.loadContext(SpringBootContextLoader.java:108) ~[spring-boot-test-3.1.0.jar:3.1.0]
	at org.springframework.test.context.cache.DefaultCacheAwareContextLoaderDelegate.loadContextInternal(DefaultCacheAwareContextLoaderDelegate.java:184) ~[spring-test-6.0.9.jar:6.0.9]
	at org.springframework.test.context.cache.DefaultCacheAwareContextLoaderDelegate.loadContext(DefaultCacheAwareContextLoaderDelegate.java:118) ~[spring-test-6.0.9.jar:6.0.9]
	... 73 common frames omitted
Caused by: org.springframework.beans.factory.NoSuchBeanDefinitionException: No qualifying bean of type 'com.debuggeando_ideas.music_app.service.ITrackService' available: expected at least 1 bean which qualifies as autowire candidate. Dependency annotations: {}
	at org.springframework.beans.factory.support.DefaultListableBeanFactory.raiseNoMatchingBeanFound(DefaultListableBeanFactory.java:1824) ~[spring-beans-6.0.9.jar:6.0.9]
	at org.springframework.beans.factory.support.DefaultListableBeanFactory.doResolveDependency(DefaultListableBeanFactory.java:1383) ~[spring-beans-6.0.9.jar:6.0.9]
	at org.springframework.beans.factory.support.DefaultListableBeanFactory.resolveDependency(DefaultListableBeanFactory.java:1337) ~[spring-beans-6.0.9.jar:6.0.9]
	at org.springframework.beans.factory.support.ConstructorResolver.resolveAutowiredArgument(ConstructorResolver.java:888) ~[spring-beans-6.0.9.jar:6.0.9]
	at org.springframework.beans.factory.support.ConstructorResolver.createArgumentArray(ConstructorResolver.java:791) ~[spring-beans-6.0.9.jar:6.0.9]
	... 97 common frames omitted

2023-06-26T12:00:04.552-06:00  INFO 108688 --- [main] c.d.m.controller.AlbumControllerTest     : Starting AlbumControllerTest using Java 17.0.7 with PID 108688 (started by alejandro in /home/alejandro/Projects/DebuggeandoIdeas/udemy/music_app)
2023-06-26T12:00:04.553-06:00  INFO 108688 --- [main] c.d.m.controller.AlbumControllerTest     : No active profile set, falling back to 1 default profile: "default"
2023-06-26T12:00:05.413-06:00  WARN 108688 --- [main] o.s.w.c.s.GenericWebApplicationContext   : Exception encountered during context initialization - cancelling refresh attempt: org.springframework.beans.factory.UnsatisfiedDependencyException: Error creating bean with name 'trackController' defined in file [/home/alejandro/Projects/DebuggeandoIdeas/udemy/music_app/target/classes/com/debuggeando_ideas/music_app/controller/TrackController.class]: Unsatisfied dependency expressed through constructor parameter 0: No qualifying bean of type 'com.debuggeando_ideas.music_app.service.ITrackService' available: expected at least 1 bean which qualifies as autowire candidate. Dependency annotations: {}
2023-06-26T12:00:05.418-06:00  INFO 108688 --- [main] .s.b.a.l.ConditionEvaluationReportLogger : 

Error starting ApplicationContext. To display the condition evaluation report re-run your application with 'debug' enabled.
2023-06-26T12:00:05.434-06:00 ERROR 108688 --- [main] o.s.b.d.LoggingFailureAnalysisReporter   : 

***************************
APPLICATION FAILED TO START
***************************

Description:

Parameter 0 of constructor in com.debuggeando_ideas.music_app.controller.TrackController required a bean of type 'com.debuggeando_ideas.music_app.service.ITrackService' that could not be found.


Action:

Consider defining a bean of type 'com.debuggeando_ideas.music_app.service.ITrackService' in your configuration.

2023-06-26T12:00:05.438-06:00 ERROR 108688 --- [main] o.s.test.context.TestContextManager      : Caught exception while allowing TestExecutionListener [org.springframework.boot.test.mock.mockito.MockitoTestExecutionListener] to prepare test instance [com.debuggeando_ideas.music_app.controller.AlbumControllerStatus200Test@faea4da]

java.lang.IllegalStateException: Failed to load ApplicationContext for [WebMergedContextConfiguration@3292d91a testClass = com.debuggeando_ideas.music_app.controller.AlbumControllerStatus200Test, locations = [], classes = [com.debuggeando_ideas.music_app.SpringTestApplication], contextInitializerClasses = [], activeProfiles = [], propertySourceLocations = [], propertySourceProperties = ["org.springframework.boot.test.autoconfigure.web.servlet.WebMvcTestContextBootstrapper=true"], contextCustomizers = [[ImportsContextCustomizer@5921b93c key = [org.springframework.boot.autoconfigure.cache.CacheAutoConfiguration, org.springframework.boot.autoconfigure.context.MessageSourceAutoConfiguration, org.springframework.boot.autoconfigure.data.web.SpringDataWebAutoConfiguration, org.springframework.boot.autoconfigure.freemarker.FreeMarkerAutoConfiguration, org.springframework.boot.autoconfigure.groovy.template.GroovyTemplateAutoConfiguration, org.springframework.boot.autoconfigure.gson.GsonAutoConfiguration, org.springframework.boot.autoconfigure.hateoas.HypermediaAutoConfiguration, org.springframework.boot.autoconfigure.http.HttpMessageConvertersAutoConfiguration, org.springframework.boot.autoconfigure.jackson.JacksonAutoConfiguration, org.springframework.boot.autoconfigure.jsonb.JsonbAutoConfiguration, org.springframework.boot.autoconfigure.mustache.MustacheAutoConfiguration, org.springframework.boot.autoconfigure.task.TaskExecutionAutoConfiguration, org.springframework.boot.autoconfigure.thymeleaf.ThymeleafAutoConfiguration, org.springframework.boot.autoconfigure.validation.ValidationAutoConfiguration, org.springframework.boot.autoconfigure.web.servlet.error.ErrorMvcAutoConfiguration, org.springframework.boot.autoconfigure.web.servlet.HttpEncodingAutoConfiguration, org.springframework.boot.autoconfigure.web.servlet.WebMvcAutoConfiguration, org.springframework.boot.test.autoconfigure.web.servlet.MockMvcAutoConfiguration, org.springframework.boot.test.autoconfigure.web.servlet.MockMvcWebClientAutoConfiguration, org.springframework.boot.test.autoconfigure.web.servlet.MockMvcWebDriverAutoConfiguration, org.springframework.boot.autoconfigure.security.oauth2.client.servlet.OAuth2ClientAutoConfiguration, org.springframework.boot.autoconfigure.security.oauth2.resource.servlet.OAuth2ResourceServerAutoConfiguration, org.springframework.boot.autoconfigure.security.servlet.SecurityAutoConfiguration, org.springframework.boot.autoconfigure.security.servlet.SecurityFilterAutoConfiguration, org.springframework.boot.autoconfigure.security.servlet.UserDetailsServiceAutoConfiguration, org.springframework.boot.test.autoconfigure.web.servlet.MockMvcSecurityConfiguration, org.springframework.boot.test.autoconfigure.web.reactive.WebTestClientAutoConfiguration]], org.springframework.boot.test.context.filter.ExcludeFilterContextCustomizer@66f57048, org.springframework.boot.test.json.DuplicateJsonObjectContextCustomizerFactory$DuplicateJsonObjectContextCustomizer@36916eb0, org.springframework.boot.test.mock.mockito.MockitoContextCustomizer@836c58ed, org.springframework.boot.test.autoconfigure.OverrideAutoConfigurationContextCustomizerFactory$DisableAutoConfigurationContextCustomizer@242b836, org.springframework.boot.test.autoconfigure.actuate.observability.ObservabilityContextCustomizerFactory$DisableObservabilityContextCustomizer@1f, org.springframework.boot.test.autoconfigure.filter.TypeExcludeFiltersContextCustomizer@c619affc, org.springframework.boot.test.autoconfigure.properties.PropertyMappingContextCustomizer@fa9acadd, org.springframework.boot.test.autoconfigure.web.servlet.WebDriverContextCustomizerFactory$Customizer@6bbe85a8, org.springframework.boot.test.context.SpringBootTestAnnotation@d226fc77], resourceBasePath = "src/main/webapp", contextLoader = org.springframework.boot.test.context.SpringBootContextLoader, parent = null]
	at org.springframework.test.context.cache.DefaultCacheAwareContextLoaderDelegate.loadContext(DefaultCacheAwareContextLoaderDelegate.java:142) ~[spring-test-6.0.9.jar:6.0.9]
	at org.springframework.test.context.support.DefaultTestContext.getApplicationContext(DefaultTestContext.java:127) ~[spring-test-6.0.9.jar:6.0.9]
	at org.springframework.boot.test.mock.mockito.MockitoTestExecutionListener.postProcessFields(MockitoTestExecutionListener.java:110) ~[spring-boot-test-3.1.0.jar:3.1.0]
	at org.springframework.boot.test.mock.mockito.MockitoTestExecutionListener.injectFields(MockitoTestExecutionListener.java:94) ~[spring-boot-test-3.1.0.jar:3.1.0]
	at org.springframework.boot.test.mock.mockito.MockitoTestExecutionListener.prepareTestInstance(MockitoTestExecutionListener.java:61) ~[spring-boot-test-3.1.0.jar:3.1.0]
	at org.springframework.test.context.TestContextManager.prepareTestInstance(TestContextManager.java:241) ~[spring-test-6.0.9.jar:6.0.9]
	at org.springframework.test.context.junit.jupiter.SpringExtension.postProcessTestInstance(SpringExtension.java:138) ~[spring-test-6.0.9.jar:6.0.9]
	at org.junit.jupiter.engine.descriptor.ClassBasedTestDescriptor.lambda$invokeTestInstancePostProcessors$10(ClassBasedTestDescriptor.java:377) ~[junit-jupiter-engine-5.9.3.jar:5.9.3]
	at org.junit.jupiter.engine.descriptor.ClassBasedTestDescriptor.executeAndMaskThrowable(ClassBasedTestDescriptor.java:382) ~[junit-jupiter-engine-5.9.3.jar:5.9.3]
	at org.junit.jupiter.engine.descriptor.ClassBasedTestDescriptor.lambda$invokeTestInstancePostProcessors$11(ClassBasedTestDescriptor.java:377) ~[junit-jupiter-engine-5.9.3.jar:5.9.3]
	at java.base/java.util.stream.ReferencePipeline$3$1.accept(ReferencePipeline.java:197) ~[na:na]
	at java.base/java.util.stream.ReferencePipeline$2$1.accept(ReferencePipeline.java:179) ~[na:na]
	at java.base/java.util.ArrayList$ArrayListSpliterator.forEachRemaining(ArrayList.java:1625) ~[na:na]
	at java.base/java.util.stream.AbstractPipeline.copyInto(AbstractPipeline.java:509) ~[na:na]
	at java.base/java.util.stream.AbstractPipeline.wrapAndCopyInto(AbstractPipeline.java:499) ~[na:na]
	at java.base/java.util.stream.StreamSpliterators$WrappingSpliterator.forEachRemaining(StreamSpliterators.java:310) ~[na:na]
	at java.base/java.util.stream.Streams$ConcatSpliterator.forEachRemaining(Streams.java:735) ~[na:na]
	at java.base/java.util.stream.Streams$ConcatSpliterator.forEachRemaining(Streams.java:734) ~[na:na]
	at java.base/java.util.stream.ReferencePipeline$Head.forEach(ReferencePipeline.java:762) ~[na:na]
	at org.junit.jupiter.engine.descriptor.ClassBasedTestDescriptor.invokeTestInstancePostProcessors(ClassBasedTestDescriptor.java:376) ~[junit-jupiter-engine-5.9.3.jar:5.9.3]
	at org.junit.jupiter.engine.descriptor.ClassBasedTestDescriptor.lambda$instantiateAndPostProcessTestInstance$6(ClassBasedTestDescriptor.java:289) ~[junit-jupiter-engine-5.9.3.jar:5.9.3]
	at org.junit.platform.engine.support.hierarchical.ThrowableCollector.execute(ThrowableCollector.java:73) ~[junit-platform-engine-1.9.3.jar:1.9.3]
	at org.junit.jupiter.engine.descriptor.ClassBasedTestDescriptor.instantiateAndPostProcessTestInstance(ClassBasedTestDescriptor.java:288) ~[junit-jupiter-engine-5.9.3.jar:5.9.3]
	at org.junit.jupiter.engine.descriptor.ClassBasedTestDescriptor.lambda$testInstancesProvider$4(ClassBasedTestDescriptor.java:278) ~[junit-jupiter-engine-5.9.3.jar:5.9.3]
	at java.base/java.util.Optional.orElseGet(Optional.java:364) ~[na:na]
	at org.junit.jupiter.engine.descriptor.ClassBasedTestDescriptor.lambda$testInstancesProvider$5(ClassBasedTestDescriptor.java:277) ~[junit-jupiter-engine-5.9.3.jar:5.9.3]
	at org.junit.jupiter.engine.execution.TestInstancesProvider.getTestInstances(TestInstancesProvider.java:31) ~[junit-jupiter-engine-5.9.3.jar:5.9.3]
	at org.junit.jupiter.engine.descriptor.TestMethodTestDescriptor.lambda$prepare$0(TestMethodTestDescriptor.java:105) ~[junit-jupiter-engine-5.9.3.jar:5.9.3]
	at org.junit.platform.engine.support.hierarchical.ThrowableCollector.execute(ThrowableCollector.java:73) ~[junit-platform-engine-1.9.3.jar:1.9.3]
	at org.junit.jupiter.engine.descriptor.TestMethodTestDescriptor.prepare(TestMethodTestDescriptor.java:104) ~[junit-jupiter-engine-5.9.3.jar:5.9.3]
	at org.junit.jupiter.engine.descriptor.TestMethodTestDescriptor.prepare(TestMethodTestDescriptor.java:68) ~[junit-jupiter-engine-5.9.3.jar:5.9.3]
	at org.junit.platform.engine.support.hierarchical.NodeTestTask.lambda$prepare$2(NodeTestTask.java:123) ~[junit-platform-engine-1.9.3.jar:1.9.3]
	at org.junit.platform.engine.support.hierarchical.ThrowableCollector.execute(ThrowableCollector.java:73) ~[junit-platform-engine-1.9.3.jar:1.9.3]
	at org.junit.platform.engine.support.hierarchical.NodeTestTask.prepare(NodeTestTask.java:123) ~[junit-platform-engine-1.9.3.jar:1.9.3]
	at org.junit.platform.engine.support.hierarchical.NodeTestTask.execute(NodeTestTask.java:90) ~[junit-platform-engine-1.9.3.jar:1.9.3]
	at java.base/java.util.ArrayList.forEach(ArrayList.java:1511) ~[na:na]
	at org.junit.platform.engine.support.hierarchical.SameThreadHierarchicalTestExecutorService.invokeAll(SameThreadHierarchicalTestExecutorService.java:41) ~[junit-platform-engine-1.9.3.jar:1.9.3]
	at org.junit.platform.engine.support.hierarchical.NodeTestTask.lambda$executeRecursively$6(NodeTestTask.java:155) ~[junit-platform-engine-1.9.3.jar:1.9.3]
	at org.junit.platform.engine.support.hierarchical.ThrowableCollector.execute(ThrowableCollector.java:73) ~[junit-platform-engine-1.9.3.jar:1.9.3]
	at org.junit.platform.engine.support.hierarchical.NodeTestTask.lambda$executeRecursively$8(NodeTestTask.java:141) ~[junit-platform-engine-1.9.3.jar:1.9.3]
	at org.junit.platform.engine.support.hierarchical.Node.around(Node.java:137) ~[junit-platform-engine-1.9.3.jar:1.9.3]
	at org.junit.platform.engine.support.hierarchical.NodeTestTask.lambda$executeRecursively$9(NodeTestTask.java:139) ~[junit-platform-engine-1.9.3.jar:1.9.3]
	at org.junit.platform.engine.support.hierarchical.ThrowableCollector.execute(ThrowableCollector.java:73) ~[junit-platform-engine-1.9.3.jar:1.9.3]
	at org.junit.platform.engine.support.hierarchical.NodeTestTask.executeRecursively(NodeTestTask.java:138) ~[junit-platform-engine-1.9.3.jar:1.9.3]
	at org.junit.platform.engine.support.hierarchical.NodeTestTask.execute(NodeTestTask.java:95) ~[junit-platform-engine-1.9.3.jar:1.9.3]
	at java.base/java.util.ArrayList.forEach(ArrayList.java:1511) ~[na:na]
	at org.junit.platform.engine.support.hierarchical.SameThreadHierarchicalTestExecutorService.invokeAll(SameThreadHierarchicalTestExecutorService.java:41) ~[junit-platform-engine-1.9.3.jar:1.9.3]
	at org.junit.platform.engine.support.hierarchical.NodeTestTask.lambda$executeRecursively$6(NodeTestTask.java:155) ~[junit-platform-engine-1.9.3.jar:1.9.3]
	at org.junit.platform.engine.support.hierarchical.ThrowableCollector.execute(ThrowableCollector.java:73) ~[junit-platform-engine-1.9.3.jar:1.9.3]
	at org.junit.platform.engine.support.hierarchical.NodeTestTask.lambda$executeRecursively$8(NodeTestTask.java:141) ~[junit-platform-engine-1.9.3.jar:1.9.3]
	at org.junit.platform.engine.support.hierarchical.Node.around(Node.java:137) ~[junit-platform-engine-1.9.3.jar:1.9.3]
	at org.junit.platform.engine.support.hierarchical.NodeTestTask.lambda$executeRecursively$9(NodeTestTask.java:139) ~[junit-platform-engine-1.9.3.jar:1.9.3]
	at org.junit.platform.engine.support.hierarchical.ThrowableCollector.execute(ThrowableCollector.java:73) ~[junit-platform-engine-1.9.3.jar:1.9.3]
	at org.junit.platform.engine.support.hierarchical.NodeTestTask.executeRecursively(NodeTestTask.java:138) ~[junit-platform-engine-1.9.3.jar:1.9.3]
	at org.junit.platform.engine.support.hierarchical.NodeTestTask.execute(NodeTestTask.java:95) ~[junit-platform-engine-1.9.3.jar:1.9.3]
	at org.junit.platform.engine.support.hierarchical.SameThreadHierarchicalTestExecutorService.submit(SameThreadHierarchicalTestExecutorService.java:35) ~[junit-platform-engine-1.9.3.jar:1.9.3]
	at org.junit.platform.engine.support.hierarchical.HierarchicalTestExecutor.execute(HierarchicalTestExecutor.java:57) ~[junit-platform-engine-1.9.3.jar:1.9.3]
	at org.junit.platform.engine.support.hierarchical.HierarchicalTestEngine.execute(HierarchicalTestEngine.java:54) ~[junit-platform-engine-1.9.3.jar:1.9.3]
	at org.junit.platform.launcher.core.EngineExecutionOrchestrator.execute(EngineExecutionOrchestrator.java:147) ~[junit-platform-launcher-1.9.3.jar:1.9.3]
	at org.junit.platform.launcher.core.EngineExecutionOrchestrator.execute(EngineExecutionOrchestrator.java:127) ~[junit-platform-launcher-1.9.3.jar:1.9.3]
	at org.junit.platform.launcher.core.EngineExecutionOrchestrator.execute(EngineExecutionOrchestrator.java:90) ~[junit-platform-launcher-1.9.3.jar:1.9.3]
	at org.junit.platform.launcher.core.EngineExecutionOrchestrator.lambda$execute$0(EngineExecutionOrchestrator.java:55) ~[junit-platform-launcher-1.9.3.jar:1.9.3]
	at org.junit.platform.launcher.core.EngineExecutionOrchestrator.withInterceptedStreams(EngineExecutionOrchestrator.java:102) ~[junit-platform-launcher-1.9.3.jar:1.9.3]
	at org.junit.platform.launcher.core.EngineExecutionOrchestrator.execute(EngineExecutionOrchestrator.java:54) ~[junit-platform-launcher-1.9.3.jar:1.9.3]
	at org.junit.platform.launcher.core.DefaultLauncher.execute(DefaultLauncher.java:114) ~[junit-platform-launcher-1.9.3.jar:1.9.3]
	at org.junit.platform.launcher.core.DefaultLauncher.execute(DefaultLauncher.java:86) ~[junit-platform-launcher-1.9.3.jar:1.9.3]
	at org.junit.platform.launcher.core.DefaultLauncherSession$DelegatingLauncher.execute(DefaultLauncherSession.java:86) ~[junit-platform-launcher-1.9.3.jar:1.9.3]
	at org.junit.platform.launcher.core.SessionPerRequestLauncher.execute(SessionPerRequestLauncher.java:53) ~[junit-platform-launcher-1.9.3.jar:1.9.3]
	at com.intellij.junit5.JUnit5IdeaTestRunner.startRunnerWithArgs(JUnit5IdeaTestRunner.java:57) ~[junit5-rt.jar:na]
	at com.intellij.rt.junit.IdeaTestRunner$Repeater$1.execute(IdeaTestRunner.java:38) ~[junit-rt.jar:na]
	at com.intellij.rt.execution.junit.TestsRepeater.repeat(TestsRepeater.java:11) ~[idea_rt.jar:na]
	at com.intellij.rt.junit.IdeaTestRunner$Repeater.startRunnerWithArgs(IdeaTestRunner.java:35) ~[junit-rt.jar:na]
	at com.intellij.rt.junit.JUnitStarter.prepareStreamsAndStart(JUnitStarter.java:232) ~[junit-rt.jar:na]
	at com.intellij.rt.junit.JUnitStarter.main(JUnitStarter.java:55) ~[junit-rt.jar:na]
Caused by: org.springframework.beans.factory.UnsatisfiedDependencyException: Error creating bean with name 'trackController' defined in file [/home/alejandro/Projects/DebuggeandoIdeas/udemy/music_app/target/classes/com/debuggeando_ideas/music_app/controller/TrackController.class]: Unsatisfied dependency expressed through constructor parameter 0: No qualifying bean of type 'com.debuggeando_ideas.music_app.service.ITrackService' available: expected at least 1 bean which qualifies as autowire candidate. Dependency annotations: {}
	at org.springframework.beans.factory.support.ConstructorResolver.createArgumentArray(ConstructorResolver.java:800) ~[spring-beans-6.0.9.jar:6.0.9]
	at org.springframework.beans.factory.support.ConstructorResolver.autowireConstructor(ConstructorResolver.java:245) ~[spring-beans-6.0.9.jar:6.0.9]
	at org.springframework.beans.factory.support.AbstractAutowireCapableBeanFactory.autowireConstructor(AbstractAutowireCapableBeanFactory.java:1352) ~[spring-beans-6.0.9.jar:6.0.9]
	at org.springframework.beans.factory.support.AbstractAutowireCapableBeanFactory.createBeanInstance(AbstractAutowireCapableBeanFactory.java:1189) ~[spring-beans-6.0.9.jar:6.0.9]
	at org.springframework.beans.factory.support.AbstractAutowireCapableBeanFactory.doCreateBean(AbstractAutowireCapableBeanFactory.java:560) ~[spring-beans-6.0.9.jar:6.0.9]
	at org.springframework.beans.factory.support.AbstractAutowireCapableBeanFactory.createBean(AbstractAutowireCapableBeanFactory.java:520) ~[spring-beans-6.0.9.jar:6.0.9]
	at org.springframework.beans.factory.support.AbstractBeanFactory.lambda$doGetBean$0(AbstractBeanFactory.java:326) ~[spring-beans-6.0.9.jar:6.0.9]
	at org.springframework.beans.factory.support.DefaultSingletonBeanRegistry.getSingleton(DefaultSingletonBeanRegistry.java:234) ~[spring-beans-6.0.9.jar:6.0.9]
	at org.springframework.beans.factory.support.AbstractBeanFactory.doGetBean(AbstractBeanFactory.java:324) ~[spring-beans-6.0.9.jar:6.0.9]
	at org.springframework.beans.factory.support.AbstractBeanFactory.getBean(AbstractBeanFactory.java:200) ~[spring-beans-6.0.9.jar:6.0.9]
	at org.springframework.beans.factory.support.DefaultListableBeanFactory.preInstantiateSingletons(DefaultListableBeanFactory.java:973) ~[spring-beans-6.0.9.jar:6.0.9]
	at org.springframework.context.support.AbstractApplicationContext.finishBeanFactoryInitialization(AbstractApplicationContext.java:941) ~[spring-context-6.0.9.jar:6.0.9]
	at org.springframework.context.support.AbstractApplicationContext.refresh(AbstractApplicationContext.java:608) ~[spring-context-6.0.9.jar:6.0.9]
	at org.springframework.boot.SpringApplication.refresh(SpringApplication.java:733) ~[spring-boot-3.1.0.jar:3.1.0]
	at org.springframework.boot.SpringApplication.refreshContext(SpringApplication.java:435) ~[spring-boot-3.1.0.jar:3.1.0]
	at org.springframework.boot.SpringApplication.run(SpringApplication.java:311) ~[spring-boot-3.1.0.jar:3.1.0]
	at org.springframework.boot.test.context.SpringBootContextLoader.lambda$loadContext$3(SpringBootContextLoader.java:137) ~[spring-boot-test-3.1.0.jar:3.1.0]
	at org.springframework.util.function.ThrowingSupplier.get(ThrowingSupplier.java:58) ~[spring-core-6.0.9.jar:6.0.9]
	at org.springframework.util.function.ThrowingSupplier.get(ThrowingSupplier.java:46) ~[spring-core-6.0.9.jar:6.0.9]
	at org.springframework.boot.SpringApplication.withHook(SpringApplication.java:1405) ~[spring-boot-3.1.0.jar:3.1.0]
	at org.springframework.boot.test.context.SpringBootContextLoader$ContextLoaderHook.run(SpringBootContextLoader.java:545) ~[spring-boot-test-3.1.0.jar:3.1.0]
	at org.springframework.boot.test.context.SpringBootContextLoader.loadContext(SpringBootContextLoader.java:137) ~[spring-boot-test-3.1.0.jar:3.1.0]
	at org.springframework.boot.test.context.SpringBootContextLoader.loadContext(SpringBootContextLoader.java:108) ~[spring-boot-test-3.1.0.jar:3.1.0]
	at org.springframework.test.context.cache.DefaultCacheAwareContextLoaderDelegate.loadContextInternal(DefaultCacheAwareContextLoaderDelegate.java:184) ~[spring-test-6.0.9.jar:6.0.9]
	at org.springframework.test.context.cache.DefaultCacheAwareContextLoaderDelegate.loadContext(DefaultCacheAwareContextLoaderDelegate.java:118) ~[spring-test-6.0.9.jar:6.0.9]
	... 73 common frames omitted
Caused by: org.springframework.beans.factory.NoSuchBeanDefinitionException: No qualifying bean of type 'com.debuggeando_ideas.music_app.service.ITrackService' available: expected at least 1 bean which qualifies as autowire candidate. Dependency annotations: {}
	at org.springframework.beans.factory.support.DefaultListableBeanFactory.raiseNoMatchingBeanFound(DefaultListableBeanFactory.java:1824) ~[spring-beans-6.0.9.jar:6.0.9]
	at org.springframework.beans.factory.support.DefaultListableBeanFactory.doResolveDependency(DefaultListableBeanFactory.java:1383) ~[spring-beans-6.0.9.jar:6.0.9]
	at org.springframework.beans.factory.support.DefaultListableBeanFactory.resolveDependency(DefaultListableBeanFactory.java:1337) ~[spring-beans-6.0.9.jar:6.0.9]
	at org.springframework.beans.factory.support.ConstructorResolver.resolveAutowiredArgument(ConstructorResolver.java:888) ~[spring-beans-6.0.9.jar:6.0.9]
	at org.springframework.beans.factory.support.ConstructorResolver.createArgumentArray(ConstructorResolver.java:791) ~[spring-beans-6.0.9.jar:6.0.9]
	... 97 common frames omitted

2023-06-26T12:00:43.938-06:00  INFO 108797 --- [main] c.d.m.controller.AlbumControllerTest     : Starting AlbumControllerTest using Java 17.0.7 with PID 108797 (started by alejandro in /home/alejandro/Projects/DebuggeandoIdeas/udemy/music_app)
2023-06-26T12:00:43.939-06:00  INFO 108797 --- [main] c.d.m.controller.AlbumControllerTest     : No active profile set, falling back to 1 default profile: "default"
2023-06-26T12:00:45.099-06:00  INFO 108797 --- [main] o.s.b.t.m.w.SpringBootMockServletContext : Initializing Spring TestDispatcherServlet ''
2023-06-26T12:00:45.099-06:00  INFO 108797 --- [main] o.s.t.web.servlet.TestDispatcherServlet  : Initializing Servlet ''
2023-06-26T12:00:45.100-06:00  INFO 108797 --- [main] o.s.t.web.servlet.TestDispatcherServlet  : Completed initialization in 1 ms
2023-06-26T12:00:45.129-06:00  INFO 108797 --- [main] c.d.m.controller.AlbumControllerTest     : Started AlbumControllerTest in 1.41 seconds (process running for 2.054)
2023-06-26T12:05:40.896-06:00  INFO 109059 --- [main] c.d.m.controller.AlbumControllerTest     : Starting AlbumControllerTest using Java 17.0.7 with PID 109059 (started by alejandro in /home/alejandro/Projects/DebuggeandoIdeas/udemy/music_app)
2023-06-26T12:05:40.898-06:00  INFO 109059 --- [main] c.d.m.controller.AlbumControllerTest     : No active profile set, falling back to 1 default profile: "default"
2023-06-26T12:05:42.023-06:00  WARN 109059 --- [main] o.s.w.c.s.GenericWebApplicationContext   : Exception encountered during context initialization - cancelling refresh attempt: org.springframework.beans.factory.UnsatisfiedDependencyException: Error creating bean with name 'trackController' defined in file [/home/alejandro/Projects/DebuggeandoIdeas/udemy/music_app/target/classes/com/debuggeando_ideas/music_app/controller/TrackController.class]: Unsatisfied dependency expressed through constructor parameter 0: No qualifying bean of type 'com.debuggeando_ideas.music_app.service.ITrackService' available: expected at least 1 bean which qualifies as autowire candidate. Dependency annotations: {}
2023-06-26T12:05:42.030-06:00  INFO 109059 --- [main] .s.b.a.l.ConditionEvaluationReportLogger : 

Error starting ApplicationContext. To display the condition evaluation report re-run your application with 'debug' enabled.
2023-06-26T12:05:42.049-06:00 ERROR 109059 --- [main] o.s.b.d.LoggingFailureAnalysisReporter   : 

***************************
APPLICATION FAILED TO START
***************************

Description:

Parameter 0 of constructor in com.debuggeando_ideas.music_app.controller.TrackController required a bean of type 'com.debuggeando_ideas.music_app.service.ITrackService' that could not be found.


Action:

Consider defining a bean of type 'com.debuggeando_ideas.music_app.service.ITrackService' in your configuration.

2023-06-26T12:05:42.056-06:00 ERROR 109059 --- [main] o.s.test.context.TestContextManager      : Caught exception while allowing TestExecutionListener [org.springframework.boot.test.mock.mockito.MockitoTestExecutionListener] to prepare test instance [com.debuggeando_ideas.music_app.controller.AlbumControllerStatus200Test@3dce6dd8]

java.lang.IllegalStateException: Failed to load ApplicationContext for [WebMergedContextConfiguration@faea4da testClass = com.debuggeando_ideas.music_app.controller.AlbumControllerStatus200Test, locations = [], classes = [com.debuggeando_ideas.music_app.SpringTestApplication], contextInitializerClasses = [], activeProfiles = [], propertySourceLocations = [], propertySourceProperties = ["org.springframework.boot.test.autoconfigure.web.servlet.WebMvcTestContextBootstrapper=true"], contextCustomizers = [[ImportsContextCustomizer@19b02dfd key = [org.springframework.boot.autoconfigure.cache.CacheAutoConfiguration, org.springframework.boot.autoconfigure.context.MessageSourceAutoConfiguration, org.springframework.boot.autoconfigure.data.web.SpringDataWebAutoConfiguration, org.springframework.boot.autoconfigure.freemarker.FreeMarkerAutoConfiguration, org.springframework.boot.autoconfigure.groovy.template.GroovyTemplateAutoConfiguration, org.springframework.boot.autoconfigure.gson.GsonAutoConfiguration, org.springframework.boot.autoconfigure.hateoas.HypermediaAutoConfiguration, org.springframework.boot.autoconfigure.http.HttpMessageConvertersAutoConfiguration, org.springframework.boot.autoconfigure.jackson.JacksonAutoConfiguration, org.springframework.boot.autoconfigure.jsonb.JsonbAutoConfiguration, org.springframework.boot.autoconfigure.mustache.MustacheAutoConfiguration, org.springframework.boot.autoconfigure.task.TaskExecutionAutoConfiguration, org.springframework.boot.autoconfigure.thymeleaf.ThymeleafAutoConfiguration, org.springframework.boot.autoconfigure.validation.ValidationAutoConfiguration, org.springframework.boot.autoconfigure.web.servlet.error.ErrorMvcAutoConfiguration, org.springframework.boot.autoconfigure.web.servlet.HttpEncodingAutoConfiguration, org.springframework.boot.autoconfigure.web.servlet.WebMvcAutoConfiguration, org.springframework.boot.test.autoconfigure.web.servlet.MockMvcAutoConfiguration, org.springframework.boot.test.autoconfigure.web.servlet.MockMvcWebClientAutoConfiguration, org.springframework.boot.test.autoconfigure.web.servlet.MockMvcWebDriverAutoConfiguration, org.springframework.boot.autoconfigure.security.oauth2.client.servlet.OAuth2ClientAutoConfiguration, org.springframework.boot.autoconfigure.security.oauth2.resource.servlet.OAuth2ResourceServerAutoConfiguration, org.springframework.boot.autoconfigure.security.servlet.SecurityAutoConfiguration, org.springframework.boot.autoconfigure.security.servlet.SecurityFilterAutoConfiguration, org.springframework.boot.autoconfigure.security.servlet.UserDetailsServiceAutoConfiguration, org.springframework.boot.test.autoconfigure.web.servlet.MockMvcSecurityConfiguration, org.springframework.boot.test.autoconfigure.web.reactive.WebTestClientAutoConfiguration]], org.springframework.boot.test.context.filter.ExcludeFilterContextCustomizer@3e11f9e9, org.springframework.boot.test.json.DuplicateJsonObjectContextCustomizerFactory$DuplicateJsonObjectContextCustomizer@31fa1761, org.springframework.boot.test.mock.mockito.MockitoContextCustomizer@f9975cc1, org.springframework.boot.test.autoconfigure.OverrideAutoConfigurationContextCustomizerFactory$DisableAutoConfigurationContextCustomizer@52b1beb6, org.springframework.boot.test.autoconfigure.actuate.observability.ObservabilityContextCustomizerFactory$DisableObservabilityContextCustomizer@1f, org.springframework.boot.test.autoconfigure.filter.TypeExcludeFiltersContextCustomizer@a33bc91e, org.springframework.boot.test.autoconfigure.properties.PropertyMappingContextCustomizer@20a08f5f, org.springframework.boot.test.autoconfigure.web.servlet.WebDriverContextCustomizerFactory$Customizer@7161d8d1, org.springframework.boot.test.context.SpringBootTestAnnotation@1fa09fc], resourceBasePath = "src/main/webapp", contextLoader = org.springframework.boot.test.context.SpringBootContextLoader, parent = null]
	at org.springframework.test.context.cache.DefaultCacheAwareContextLoaderDelegate.loadContext(DefaultCacheAwareContextLoaderDelegate.java:142) ~[spring-test-6.0.9.jar:6.0.9]
	at org.springframework.test.context.support.DefaultTestContext.getApplicationContext(DefaultTestContext.java:127) ~[spring-test-6.0.9.jar:6.0.9]
	at org.springframework.boot.test.mock.mockito.MockitoTestExecutionListener.postProcessFields(MockitoTestExecutionListener.java:110) ~[spring-boot-test-3.1.0.jar:3.1.0]
	at org.springframework.boot.test.mock.mockito.MockitoTestExecutionListener.injectFields(MockitoTestExecutionListener.java:94) ~[spring-boot-test-3.1.0.jar:3.1.0]
	at org.springframework.boot.test.mock.mockito.MockitoTestExecutionListener.prepareTestInstance(MockitoTestExecutionListener.java:61) ~[spring-boot-test-3.1.0.jar:3.1.0]
	at org.springframework.test.context.TestContextManager.prepareTestInstance(TestContextManager.java:241) ~[spring-test-6.0.9.jar:6.0.9]
	at org.springframework.test.context.junit.jupiter.SpringExtension.postProcessTestInstance(SpringExtension.java:138) ~[spring-test-6.0.9.jar:6.0.9]
	at org.junit.jupiter.engine.descriptor.ClassBasedTestDescriptor.lambda$invokeTestInstancePostProcessors$10(ClassBasedTestDescriptor.java:377) ~[junit-jupiter-engine-5.9.3.jar:5.9.3]
	at org.junit.jupiter.engine.descriptor.ClassBasedTestDescriptor.executeAndMaskThrowable(ClassBasedTestDescriptor.java:382) ~[junit-jupiter-engine-5.9.3.jar:5.9.3]
	at org.junit.jupiter.engine.descriptor.ClassBasedTestDescriptor.lambda$invokeTestInstancePostProcessors$11(ClassBasedTestDescriptor.java:377) ~[junit-jupiter-engine-5.9.3.jar:5.9.3]
	at java.base/java.util.stream.ReferencePipeline$3$1.accept(ReferencePipeline.java:197) ~[na:na]
	at java.base/java.util.stream.ReferencePipeline$2$1.accept(ReferencePipeline.java:179) ~[na:na]
	at java.base/java.util.ArrayList$ArrayListSpliterator.forEachRemaining(ArrayList.java:1625) ~[na:na]
	at java.base/java.util.stream.AbstractPipeline.copyInto(AbstractPipeline.java:509) ~[na:na]
	at java.base/java.util.stream.AbstractPipeline.wrapAndCopyInto(AbstractPipeline.java:499) ~[na:na]
	at java.base/java.util.stream.StreamSpliterators$WrappingSpliterator.forEachRemaining(StreamSpliterators.java:310) ~[na:na]
	at java.base/java.util.stream.Streams$ConcatSpliterator.forEachRemaining(Streams.java:735) ~[na:na]
	at java.base/java.util.stream.Streams$ConcatSpliterator.forEachRemaining(Streams.java:734) ~[na:na]
	at java.base/java.util.stream.ReferencePipeline$Head.forEach(ReferencePipeline.java:762) ~[na:na]
	at org.junit.jupiter.engine.descriptor.ClassBasedTestDescriptor.invokeTestInstancePostProcessors(ClassBasedTestDescriptor.java:376) ~[junit-jupiter-engine-5.9.3.jar:5.9.3]
	at org.junit.jupiter.engine.descriptor.ClassBasedTestDescriptor.lambda$instantiateAndPostProcessTestInstance$6(ClassBasedTestDescriptor.java:289) ~[junit-jupiter-engine-5.9.3.jar:5.9.3]
	at org.junit.platform.engine.support.hierarchical.ThrowableCollector.execute(ThrowableCollector.java:73) ~[junit-platform-engine-1.9.3.jar:1.9.3]
	at org.junit.jupiter.engine.descriptor.ClassBasedTestDescriptor.instantiateAndPostProcessTestInstance(ClassBasedTestDescriptor.java:288) ~[junit-jupiter-engine-5.9.3.jar:5.9.3]
	at org.junit.jupiter.engine.descriptor.ClassBasedTestDescriptor.lambda$testInstancesProvider$4(ClassBasedTestDescriptor.java:278) ~[junit-jupiter-engine-5.9.3.jar:5.9.3]
	at java.base/java.util.Optional.orElseGet(Optional.java:364) ~[na:na]
	at org.junit.jupiter.engine.descriptor.ClassBasedTestDescriptor.lambda$testInstancesProvider$5(ClassBasedTestDescriptor.java:277) ~[junit-jupiter-engine-5.9.3.jar:5.9.3]
	at org.junit.jupiter.engine.execution.TestInstancesProvider.getTestInstances(TestInstancesProvider.java:31) ~[junit-jupiter-engine-5.9.3.jar:5.9.3]
	at org.junit.jupiter.engine.descriptor.TestMethodTestDescriptor.lambda$prepare$0(TestMethodTestDescriptor.java:105) ~[junit-jupiter-engine-5.9.3.jar:5.9.3]
	at org.junit.platform.engine.support.hierarchical.ThrowableCollector.execute(ThrowableCollector.java:73) ~[junit-platform-engine-1.9.3.jar:1.9.3]
	at org.junit.jupiter.engine.descriptor.TestMethodTestDescriptor.prepare(TestMethodTestDescriptor.java:104) ~[junit-jupiter-engine-5.9.3.jar:5.9.3]
	at org.junit.jupiter.engine.descriptor.TestMethodTestDescriptor.prepare(TestMethodTestDescriptor.java:68) ~[junit-jupiter-engine-5.9.3.jar:5.9.3]
	at org.junit.platform.engine.support.hierarchical.NodeTestTask.lambda$prepare$2(NodeTestTask.java:123) ~[junit-platform-engine-1.9.3.jar:1.9.3]
	at org.junit.platform.engine.support.hierarchical.ThrowableCollector.execute(ThrowableCollector.java:73) ~[junit-platform-engine-1.9.3.jar:1.9.3]
	at org.junit.platform.engine.support.hierarchical.NodeTestTask.prepare(NodeTestTask.java:123) ~[junit-platform-engine-1.9.3.jar:1.9.3]
	at org.junit.platform.engine.support.hierarchical.NodeTestTask.execute(NodeTestTask.java:90) ~[junit-platform-engine-1.9.3.jar:1.9.3]
	at java.base/java.util.ArrayList.forEach(ArrayList.java:1511) ~[na:na]
	at org.junit.platform.engine.support.hierarchical.SameThreadHierarchicalTestExecutorService.invokeAll(SameThreadHierarchicalTestExecutorService.java:41) ~[junit-platform-engine-1.9.3.jar:1.9.3]
	at org.junit.platform.engine.support.hierarchical.NodeTestTask.lambda$executeRecursively$6(NodeTestTask.java:155) ~[junit-platform-engine-1.9.3.jar:1.9.3]
	at org.junit.platform.engine.support.hierarchical.ThrowableCollector.execute(ThrowableCollector.java:73) ~[junit-platform-engine-1.9.3.jar:1.9.3]
	at org.junit.platform.engine.support.hierarchical.NodeTestTask.lambda$executeRecursively$8(NodeTestTask.java:141) ~[junit-platform-engine-1.9.3.jar:1.9.3]
	at org.junit.platform.engine.support.hierarchical.Node.around(Node.java:137) ~[junit-platform-engine-1.9.3.jar:1.9.3]
	at org.junit.platform.engine.support.hierarchical.NodeTestTask.lambda$executeRecursively$9(NodeTestTask.java:139) ~[junit-platform-engine-1.9.3.jar:1.9.3]
	at org.junit.platform.engine.support.hierarchical.ThrowableCollector.execute(ThrowableCollector.java:73) ~[junit-platform-engine-1.9.3.jar:1.9.3]
	at org.junit.platform.engine.support.hierarchical.NodeTestTask.executeRecursively(NodeTestTask.java:138) ~[junit-platform-engine-1.9.3.jar:1.9.3]
	at org.junit.platform.engine.support.hierarchical.NodeTestTask.execute(NodeTestTask.java:95) ~[junit-platform-engine-1.9.3.jar:1.9.3]
	at java.base/java.util.ArrayList.forEach(ArrayList.java:1511) ~[na:na]
	at org.junit.platform.engine.support.hierarchical.SameThreadHierarchicalTestExecutorService.invokeAll(SameThreadHierarchicalTestExecutorService.java:41) ~[junit-platform-engine-1.9.3.jar:1.9.3]
	at org.junit.platform.engine.support.hierarchical.NodeTestTask.lambda$executeRecursively$6(NodeTestTask.java:155) ~[junit-platform-engine-1.9.3.jar:1.9.3]
	at org.junit.platform.engine.support.hierarchical.ThrowableCollector.execute(ThrowableCollector.java:73) ~[junit-platform-engine-1.9.3.jar:1.9.3]
	at org.junit.platform.engine.support.hierarchical.NodeTestTask.lambda$executeRecursively$8(NodeTestTask.java:141) ~[junit-platform-engine-1.9.3.jar:1.9.3]
	at org.junit.platform.engine.support.hierarchical.Node.around(Node.java:137) ~[junit-platform-engine-1.9.3.jar:1.9.3]
	at org.junit.platform.engine.support.hierarchical.NodeTestTask.lambda$executeRecursively$9(NodeTestTask.java:139) ~[junit-platform-engine-1.9.3.jar:1.9.3]
	at org.junit.platform.engine.support.hierarchical.ThrowableCollector.execute(ThrowableCollector.java:73) ~[junit-platform-engine-1.9.3.jar:1.9.3]
	at org.junit.platform.engine.support.hierarchical.NodeTestTask.executeRecursively(NodeTestTask.java:138) ~[junit-platform-engine-1.9.3.jar:1.9.3]
	at org.junit.platform.engine.support.hierarchical.NodeTestTask.execute(NodeTestTask.java:95) ~[junit-platform-engine-1.9.3.jar:1.9.3]
	at org.junit.platform.engine.support.hierarchical.SameThreadHierarchicalTestExecutorService.submit(SameThreadHierarchicalTestExecutorService.java:35) ~[junit-platform-engine-1.9.3.jar:1.9.3]
	at org.junit.platform.engine.support.hierarchical.HierarchicalTestExecutor.execute(HierarchicalTestExecutor.java:57) ~[junit-platform-engine-1.9.3.jar:1.9.3]
	at org.junit.platform.engine.support.hierarchical.HierarchicalTestEngine.execute(HierarchicalTestEngine.java:54) ~[junit-platform-engine-1.9.3.jar:1.9.3]
	at org.junit.platform.launcher.core.EngineExecutionOrchestrator.execute(EngineExecutionOrchestrator.java:147) ~[junit-platform-launcher-1.9.3.jar:1.9.3]
	at org.junit.platform.launcher.core.EngineExecutionOrchestrator.execute(EngineExecutionOrchestrator.java:127) ~[junit-platform-launcher-1.9.3.jar:1.9.3]
	at org.junit.platform.launcher.core.EngineExecutionOrchestrator.execute(EngineExecutionOrchestrator.java:90) ~[junit-platform-launcher-1.9.3.jar:1.9.3]
	at org.junit.platform.launcher.core.EngineExecutionOrchestrator.lambda$execute$0(EngineExecutionOrchestrator.java:55) ~[junit-platform-launcher-1.9.3.jar:1.9.3]
	at org.junit.platform.launcher.core.EngineExecutionOrchestrator.withInterceptedStreams(EngineExecutionOrchestrator.java:102) ~[junit-platform-launcher-1.9.3.jar:1.9.3]
	at org.junit.platform.launcher.core.EngineExecutionOrchestrator.execute(EngineExecutionOrchestrator.java:54) ~[junit-platform-launcher-1.9.3.jar:1.9.3]
	at org.junit.platform.launcher.core.DefaultLauncher.execute(DefaultLauncher.java:114) ~[junit-platform-launcher-1.9.3.jar:1.9.3]
	at org.junit.platform.launcher.core.DefaultLauncher.execute(DefaultLauncher.java:86) ~[junit-platform-launcher-1.9.3.jar:1.9.3]
	at org.junit.platform.launcher.core.DefaultLauncherSession$DelegatingLauncher.execute(DefaultLauncherSession.java:86) ~[junit-platform-launcher-1.9.3.jar:1.9.3]
	at org.junit.platform.launcher.core.SessionPerRequestLauncher.execute(SessionPerRequestLauncher.java:53) ~[junit-platform-launcher-1.9.3.jar:1.9.3]
	at com.intellij.junit5.JUnit5IdeaTestRunner.startRunnerWithArgs(JUnit5IdeaTestRunner.java:57) ~[junit5-rt.jar:na]
	at com.intellij.rt.junit.IdeaTestRunner$Repeater$1.execute(IdeaTestRunner.java:38) ~[junit-rt.jar:na]
	at com.intellij.rt.execution.junit.TestsRepeater.repeat(TestsRepeater.java:11) ~[idea_rt.jar:na]
	at com.intellij.rt.junit.IdeaTestRunner$Repeater.startRunnerWithArgs(IdeaTestRunner.java:35) ~[junit-rt.jar:na]
	at com.intellij.rt.junit.JUnitStarter.prepareStreamsAndStart(JUnitStarter.java:232) ~[junit-rt.jar:na]
	at com.intellij.rt.junit.JUnitStarter.main(JUnitStarter.java:55) ~[junit-rt.jar:na]
Caused by: org.springframework.beans.factory.UnsatisfiedDependencyException: Error creating bean with name 'trackController' defined in file [/home/alejandro/Projects/DebuggeandoIdeas/udemy/music_app/target/classes/com/debuggeando_ideas/music_app/controller/TrackController.class]: Unsatisfied dependency expressed through constructor parameter 0: No qualifying bean of type 'com.debuggeando_ideas.music_app.service.ITrackService' available: expected at least 1 bean which qualifies as autowire candidate. Dependency annotations: {}
	at org.springframework.beans.factory.support.ConstructorResolver.createArgumentArray(ConstructorResolver.java:800) ~[spring-beans-6.0.9.jar:6.0.9]
	at org.springframework.beans.factory.support.ConstructorResolver.autowireConstructor(ConstructorResolver.java:245) ~[spring-beans-6.0.9.jar:6.0.9]
	at org.springframework.beans.factory.support.AbstractAutowireCapableBeanFactory.autowireConstructor(AbstractAutowireCapableBeanFactory.java:1352) ~[spring-beans-6.0.9.jar:6.0.9]
	at org.springframework.beans.factory.support.AbstractAutowireCapableBeanFactory.createBeanInstance(AbstractAutowireCapableBeanFactory.java:1189) ~[spring-beans-6.0.9.jar:6.0.9]
	at org.springframework.beans.factory.support.AbstractAutowireCapableBeanFactory.doCreateBean(AbstractAutowireCapableBeanFactory.java:560) ~[spring-beans-6.0.9.jar:6.0.9]
	at org.springframework.beans.factory.support.AbstractAutowireCapableBeanFactory.createBean(AbstractAutowireCapableBeanFactory.java:520) ~[spring-beans-6.0.9.jar:6.0.9]
	at org.springframework.beans.factory.support.AbstractBeanFactory.lambda$doGetBean$0(AbstractBeanFactory.java:326) ~[spring-beans-6.0.9.jar:6.0.9]
	at org.springframework.beans.factory.support.DefaultSingletonBeanRegistry.getSingleton(DefaultSingletonBeanRegistry.java:234) ~[spring-beans-6.0.9.jar:6.0.9]
	at org.springframework.beans.factory.support.AbstractBeanFactory.doGetBean(AbstractBeanFactory.java:324) ~[spring-beans-6.0.9.jar:6.0.9]
	at org.springframework.beans.factory.support.AbstractBeanFactory.getBean(AbstractBeanFactory.java:200) ~[spring-beans-6.0.9.jar:6.0.9]
	at org.springframework.beans.factory.support.DefaultListableBeanFactory.preInstantiateSingletons(DefaultListableBeanFactory.java:973) ~[spring-beans-6.0.9.jar:6.0.9]
	at org.springframework.context.support.AbstractApplicationContext.finishBeanFactoryInitialization(AbstractApplicationContext.java:941) ~[spring-context-6.0.9.jar:6.0.9]
	at org.springframework.context.support.AbstractApplicationContext.refresh(AbstractApplicationContext.java:608) ~[spring-context-6.0.9.jar:6.0.9]
	at org.springframework.boot.SpringApplication.refresh(SpringApplication.java:733) ~[spring-boot-3.1.0.jar:3.1.0]
	at org.springframework.boot.SpringApplication.refreshContext(SpringApplication.java:435) ~[spring-boot-3.1.0.jar:3.1.0]
	at org.springframework.boot.SpringApplication.run(SpringApplication.java:311) ~[spring-boot-3.1.0.jar:3.1.0]
	at org.springframework.boot.test.context.SpringBootContextLoader.lambda$loadContext$3(SpringBootContextLoader.java:137) ~[spring-boot-test-3.1.0.jar:3.1.0]
	at org.springframework.util.function.ThrowingSupplier.get(ThrowingSupplier.java:58) ~[spring-core-6.0.9.jar:6.0.9]
	at org.springframework.util.function.ThrowingSupplier.get(ThrowingSupplier.java:46) ~[spring-core-6.0.9.jar:6.0.9]
	at org.springframework.boot.SpringApplication.withHook(SpringApplication.java:1405) ~[spring-boot-3.1.0.jar:3.1.0]
	at org.springframework.boot.test.context.SpringBootContextLoader$ContextLoaderHook.run(SpringBootContextLoader.java:545) ~[spring-boot-test-3.1.0.jar:3.1.0]
	at org.springframework.boot.test.context.SpringBootContextLoader.loadContext(SpringBootContextLoader.java:137) ~[spring-boot-test-3.1.0.jar:3.1.0]
	at org.springframework.boot.test.context.SpringBootContextLoader.loadContext(SpringBootContextLoader.java:108) ~[spring-boot-test-3.1.0.jar:3.1.0]
	at org.springframework.test.context.cache.DefaultCacheAwareContextLoaderDelegate.loadContextInternal(DefaultCacheAwareContextLoaderDelegate.java:184) ~[spring-test-6.0.9.jar:6.0.9]
	at org.springframework.test.context.cache.DefaultCacheAwareContextLoaderDelegate.loadContext(DefaultCacheAwareContextLoaderDelegate.java:118) ~[spring-test-6.0.9.jar:6.0.9]
	... 73 common frames omitted
Caused by: org.springframework.beans.factory.NoSuchBeanDefinitionException: No qualifying bean of type 'com.debuggeando_ideas.music_app.service.ITrackService' available: expected at least 1 bean which qualifies as autowire candidate. Dependency annotations: {}
	at org.springframework.beans.factory.support.DefaultListableBeanFactory.raiseNoMatchingBeanFound(DefaultListableBeanFactory.java:1824) ~[spring-beans-6.0.9.jar:6.0.9]
	at org.springframework.beans.factory.support.DefaultListableBeanFactory.doResolveDependency(DefaultListableBeanFactory.java:1383) ~[spring-beans-6.0.9.jar:6.0.9]
	at org.springframework.beans.factory.support.DefaultListableBeanFactory.resolveDependency(DefaultListableBeanFactory.java:1337) ~[spring-beans-6.0.9.jar:6.0.9]
	at org.springframework.beans.factory.support.ConstructorResolver.resolveAutowiredArgument(ConstructorResolver.java:888) ~[spring-beans-6.0.9.jar:6.0.9]
	at org.springframework.beans.factory.support.ConstructorResolver.createArgumentArray(ConstructorResolver.java:791) ~[spring-beans-6.0.9.jar:6.0.9]
	... 97 common frames omitted

2023-06-26T12:06:15.734-06:00  INFO 109202 --- [main] c.d.m.controller.AlbumControllerTest     : Starting AlbumControllerTest using Java 17.0.7 with PID 109202 (started by alejandro in /home/alejandro/Projects/DebuggeandoIdeas/udemy/music_app)
2023-06-26T12:06:15.736-06:00  INFO 109202 --- [main] c.d.m.controller.AlbumControllerTest     : No active profile set, falling back to 1 default profile: "default"
2023-06-26T12:06:17.097-06:00  INFO 109202 --- [main] o.s.b.t.m.w.SpringBootMockServletContext : Initializing Spring TestDispatcherServlet ''
2023-06-26T12:06:17.098-06:00  INFO 109202 --- [main] o.s.t.web.servlet.TestDispatcherServlet  : Initializing Servlet ''
2023-06-26T12:06:17.101-06:00  INFO 109202 --- [main] o.s.t.web.servlet.TestDispatcherServlet  : Completed initialization in 3 ms
2023-06-26T12:06:17.120-06:00  INFO 109202 --- [main] c.d.m.controller.AlbumControllerTest     : Started AlbumControllerTest in 1.651 seconds (process running for 2.413)
2023-06-26T12:13:39.727-06:00  INFO 109422 --- [main] c.d.m.controller.AlbumControllerTest     : Starting AlbumControllerTest using Java 17.0.7 with PID 109422 (started by alejandro in /home/alejandro/Projects/DebuggeandoIdeas/udemy/music_app)
2023-06-26T12:13:39.728-06:00  INFO 109422 --- [main] c.d.m.controller.AlbumControllerTest     : No active profile set, falling back to 1 default profile: "default"
2023-06-26T12:13:40.985-06:00  INFO 109422 --- [main] o.s.b.t.m.w.SpringBootMockServletContext : Initializing Spring TestDispatcherServlet ''
2023-06-26T12:13:40.985-06:00  INFO 109422 --- [main] o.s.t.web.servlet.TestDispatcherServlet  : Initializing Servlet ''
2023-06-26T12:13:40.987-06:00  INFO 109422 --- [main] o.s.t.web.servlet.TestDispatcherServlet  : Completed initialization in 1 ms
2023-06-26T12:13:41.010-06:00  INFO 109422 --- [main] c.d.m.controller.AlbumControllerTest     : Started AlbumControllerTest in 1.566 seconds (process running for 2.288)
2023-06-26T12:16:34.091-06:00  INFO 109652 --- [main] c.d.m.controller.AlbumControllerTest     : Starting AlbumControllerTest using Java 17.0.7 with PID 109652 (started by alejandro in /home/alejandro/Projects/DebuggeandoIdeas/udemy/music_app)
2023-06-26T12:16:34.092-06:00  INFO 109652 --- [main] c.d.m.controller.AlbumControllerTest     : No active profile set, falling back to 1 default profile: "default"
2023-06-26T12:16:35.274-06:00  INFO 109652 --- [main] o.s.b.t.m.w.SpringBootMockServletContext : Initializing Spring TestDispatcherServlet ''
2023-06-26T12:16:35.275-06:00  INFO 109652 --- [main] o.s.t.web.servlet.TestDispatcherServlet  : Initializing Servlet ''
2023-06-26T12:16:35.277-06:00  INFO 109652 --- [main] o.s.t.web.servlet.TestDispatcherServlet  : Completed initialization in 2 ms
2023-06-26T12:16:35.303-06:00  INFO 109652 --- [main] c.d.m.controller.AlbumControllerTest     : Started AlbumControllerTest in 1.427 seconds (process running for 2.105)
2023-06-26T12:17:43.487-06:00  INFO 109790 --- [main] c.d.m.controller.AlbumControllerTest     : Starting AlbumControllerTest using Java 17.0.7 with PID 109790 (started by alejandro in /home/alejandro/Projects/DebuggeandoIdeas/udemy/music_app)
2023-06-26T12:17:43.488-06:00  INFO 109790 --- [main] c.d.m.controller.AlbumControllerTest     : No active profile set, falling back to 1 default profile: "default"
2023-06-26T12:17:44.747-06:00  INFO 109790 --- [main] o.s.b.t.m.w.SpringBootMockServletContext : Initializing Spring TestDispatcherServlet ''
2023-06-26T12:17:44.748-06:00  INFO 109790 --- [main] o.s.t.web.servlet.TestDispatcherServlet  : Initializing Servlet ''
2023-06-26T12:17:44.749-06:00  INFO 109790 --- [main] o.s.t.web.servlet.TestDispatcherServlet  : Completed initialization in 1 ms
2023-06-26T12:17:44.778-06:00  INFO 109790 --- [main] c.d.m.controller.AlbumControllerTest     : Started AlbumControllerTest in 1.517 seconds (process running for 2.229)
2023-06-26T12:19:13.171-06:00  INFO 110032 --- [main] c.d.m.controller.AlbumControllerTest     : Starting AlbumControllerTest using Java 17.0.7 with PID 110032 (started by alejandro in /home/alejandro/Projects/DebuggeandoIdeas/udemy/music_app)
2023-06-26T12:19:13.172-06:00  INFO 110032 --- [main] c.d.m.controller.AlbumControllerTest     : No active profile set, falling back to 1 default profile: "default"
2023-06-26T12:19:14.424-06:00  INFO 110032 --- [main] o.s.b.t.m.w.SpringBootMockServletContext : Initializing Spring TestDispatcherServlet ''
2023-06-26T12:19:14.425-06:00  INFO 110032 --- [main] o.s.t.web.servlet.TestDispatcherServlet  : Initializing Servlet ''
2023-06-26T12:19:14.426-06:00  INFO 110032 --- [main] o.s.t.web.servlet.TestDispatcherServlet  : Completed initialization in 1 ms
2023-06-26T12:19:14.455-06:00  INFO 110032 --- [main] c.d.m.controller.AlbumControllerTest     : Started AlbumControllerTest in 1.564 seconds (process running for 2.27)
2023-06-26T12:19:56.417-06:00  INFO 110136 --- [main] c.d.m.controller.AlbumControllerTest     : Starting AlbumControllerTest using Java 17.0.7 with PID 110136 (started by alejandro in /home/alejandro/Projects/DebuggeandoIdeas/udemy/music_app)
2023-06-26T12:19:56.419-06:00  INFO 110136 --- [main] c.d.m.controller.AlbumControllerTest     : No active profile set, falling back to 1 default profile: "default"
2023-06-26T12:19:57.720-06:00  INFO 110136 --- [main] o.s.b.t.m.w.SpringBootMockServletContext : Initializing Spring TestDispatcherServlet ''
2023-06-26T12:19:57.721-06:00  INFO 110136 --- [main] o.s.t.web.servlet.TestDispatcherServlet  : Initializing Servlet ''
2023-06-26T12:19:57.722-06:00  INFO 110136 --- [main] o.s.t.web.servlet.TestDispatcherServlet  : Completed initialization in 1 ms
2023-06-26T12:19:57.747-06:00  INFO 110136 --- [main] c.d.m.controller.AlbumControllerTest     : Started AlbumControllerTest in 1.591 seconds (process running for 2.306)
2023-06-26T12:20:29.324-06:00  INFO 110235 --- [main] c.d.m.controller.AlbumControllerTest     : Starting AlbumControllerTest using Java 17.0.7 with PID 110235 (started by alejandro in /home/alejandro/Projects/DebuggeandoIdeas/udemy/music_app)
2023-06-26T12:20:29.325-06:00  INFO 110235 --- [main] c.d.m.controller.AlbumControllerTest     : No active profile set, falling back to 1 default profile: "default"
2023-06-26T12:20:30.560-06:00  INFO 110235 --- [main] o.s.b.t.m.w.SpringBootMockServletContext : Initializing Spring TestDispatcherServlet ''
2023-06-26T12:20:30.561-06:00  INFO 110235 --- [main] o.s.t.web.servlet.TestDispatcherServlet  : Initializing Servlet ''
2023-06-26T12:20:30.562-06:00  INFO 110235 --- [main] o.s.t.web.servlet.TestDispatcherServlet  : Completed initialization in 1 ms
2023-06-26T12:20:30.593-06:00  INFO 110235 --- [main] c.d.m.controller.AlbumControllerTest     : Started AlbumControllerTest in 1.509 seconds (process running for 2.248)
2023-06-26T12:29:05.681-06:00  INFO 110626 --- [main] c.d.m.controller.AlbumControllerTest     : Starting AlbumControllerTest using Java 17.0.7 with PID 110626 (started by alejandro in /home/alejandro/Projects/DebuggeandoIdeas/udemy/music_app)
2023-06-26T12:29:05.682-06:00  INFO 110626 --- [main] c.d.m.controller.AlbumControllerTest     : No active profile set, falling back to 1 default profile: "default"
2023-06-26T12:29:06.919-06:00  INFO 110626 --- [main] o.s.b.t.m.w.SpringBootMockServletContext : Initializing Spring TestDispatcherServlet ''
2023-06-26T12:29:06.919-06:00  INFO 110626 --- [main] o.s.t.web.servlet.TestDispatcherServlet  : Initializing Servlet ''
2023-06-26T12:29:06.920-06:00  INFO 110626 --- [main] o.s.t.web.servlet.TestDispatcherServlet  : Completed initialization in 1 ms
2023-06-26T12:29:06.949-06:00  INFO 110626 --- [main] c.d.m.controller.AlbumControllerTest     : Started AlbumControllerTest in 1.497 seconds (process running for 2.204)
2023-06-26T12:29:45.982-06:00  INFO 110725 --- [main] c.d.m.controller.AlbumControllerTest     : Starting AlbumControllerTest using Java 17.0.7 with PID 110725 (started by alejandro in /home/alejandro/Projects/DebuggeandoIdeas/udemy/music_app)
2023-06-26T12:29:45.983-06:00  INFO 110725 --- [main] c.d.m.controller.AlbumControllerTest     : No active profile set, falling back to 1 default profile: "default"
2023-06-26T12:29:47.469-06:00  INFO 110725 --- [main] o.s.b.t.m.w.SpringBootMockServletContext : Initializing Spring TestDispatcherServlet ''
2023-06-26T12:29:47.470-06:00  INFO 110725 --- [main] o.s.t.web.servlet.TestDispatcherServlet  : Initializing Servlet ''
2023-06-26T12:29:47.472-06:00  INFO 110725 --- [main] o.s.t.web.servlet.TestDispatcherServlet  : Completed initialization in 2 ms
2023-06-26T12:29:47.496-06:00  INFO 110725 --- [main] c.d.m.controller.AlbumControllerTest     : Started AlbumControllerTest in 1.775 seconds (process running for 2.561)
2023-06-26T12:34:14.002-06:00  INFO 110909 --- [main] c.d.m.controller.AlbumControllerTest     : Starting AlbumControllerTest using Java 17.0.7 with PID 110909 (started by alejandro in /home/alejandro/Projects/DebuggeandoIdeas/udemy/music_app)
2023-06-26T12:34:14.003-06:00  INFO 110909 --- [main] c.d.m.controller.AlbumControllerTest     : No active profile set, falling back to 1 default profile: "default"
2023-06-26T12:34:15.194-06:00  INFO 110909 --- [main] o.s.b.t.m.w.SpringBootMockServletContext : Initializing Spring TestDispatcherServlet ''
2023-06-26T12:34:15.194-06:00  INFO 110909 --- [main] o.s.t.web.servlet.TestDispatcherServlet  : Initializing Servlet ''
2023-06-26T12:34:15.195-06:00  INFO 110909 --- [main] o.s.t.web.servlet.TestDispatcherServlet  : Completed initialization in 1 ms
2023-06-26T12:34:15.215-06:00  INFO 110909 --- [main] c.d.m.controller.AlbumControllerTest     : Started AlbumControllerTest in 1.458 seconds (process running for 2.133)
2023-06-26T12:34:53.388-06:00  INFO 111024 --- [main] c.d.m.controller.AlbumControllerTest     : Starting AlbumControllerTest using Java 17.0.7 with PID 111024 (started by alejandro in /home/alejandro/Projects/DebuggeandoIdeas/udemy/music_app)
2023-06-26T12:34:53.390-06:00  INFO 111024 --- [main] c.d.m.controller.AlbumControllerTest     : No active profile set, falling back to 1 default profile: "default"
2023-06-26T12:34:54.534-06:00  INFO 111024 --- [main] o.s.b.t.m.w.SpringBootMockServletContext : Initializing Spring TestDispatcherServlet ''
2023-06-26T12:34:54.535-06:00  INFO 111024 --- [main] o.s.t.web.servlet.TestDispatcherServlet  : Initializing Servlet ''
2023-06-26T12:34:54.536-06:00  INFO 111024 --- [main] o.s.t.web.servlet.TestDispatcherServlet  : Completed initialization in 1 ms
2023-06-26T12:34:54.560-06:00  INFO 111024 --- [main] c.d.m.controller.AlbumControllerTest     : Started AlbumControllerTest in 1.408 seconds (process running for 2.014)
2023-06-26T12:39:12.560-06:00  INFO 111202 --- [main] c.d.m.controller.AlbumControllerTest     : Starting AlbumControllerTest using Java 17.0.7 with PID 111202 (started by alejandro in /home/alejandro/Projects/DebuggeandoIdeas/udemy/music_app)
2023-06-26T12:39:12.561-06:00  INFO 111202 --- [main] c.d.m.controller.AlbumControllerTest     : No active profile set, falling back to 1 default profile: "default"
2023-06-26T12:39:13.793-06:00  INFO 111202 --- [main] o.s.b.t.m.w.SpringBootMockServletContext : Initializing Spring TestDispatcherServlet ''
2023-06-26T12:39:13.793-06:00  INFO 111202 --- [main] o.s.t.web.servlet.TestDispatcherServlet  : Initializing Servlet ''
2023-06-26T12:39:13.794-06:00  INFO 111202 --- [main] o.s.t.web.servlet.TestDispatcherServlet  : Completed initialization in 1 ms
2023-06-26T12:39:13.818-06:00  INFO 111202 --- [main] c.d.m.controller.AlbumControllerTest     : Started AlbumControllerTest in 1.49 seconds (process running for 2.178)
2023-06-26T12:40:32.814-06:00  INFO 111315 --- [main] c.d.m.controller.AlbumControllerTest     : Starting AlbumControllerTest using Java 17.0.7 with PID 111315 (started by alejandro in /home/alejandro/Projects/DebuggeandoIdeas/udemy/music_app)
2023-06-26T12:40:32.815-06:00  INFO 111315 --- [main] c.d.m.controller.AlbumControllerTest     : No active profile set, falling back to 1 default profile: "default"
2023-06-26T12:40:34.120-06:00  INFO 111315 --- [main] o.s.b.t.m.w.SpringBootMockServletContext : Initializing Spring TestDispatcherServlet ''
2023-06-26T12:40:34.121-06:00  INFO 111315 --- [main] o.s.t.web.servlet.TestDispatcherServlet  : Initializing Servlet ''
2023-06-26T12:40:34.123-06:00  INFO 111315 --- [main] o.s.t.web.servlet.TestDispatcherServlet  : Completed initialization in 2 ms
2023-06-26T12:40:34.153-06:00  INFO 111315 --- [main] c.d.m.controller.AlbumControllerTest     : Started AlbumControllerTest in 1.588 seconds (process running for 2.292)
2023-06-26T12:41:21.119-06:00  INFO 111423 --- [main] c.d.m.controller.AlbumControllerTest     : Starting AlbumControllerTest using Java 17.0.7 with PID 111423 (started by alejandro in /home/alejandro/Projects/DebuggeandoIdeas/udemy/music_app)
2023-06-26T12:41:21.120-06:00  INFO 111423 --- [main] c.d.m.controller.AlbumControllerTest     : No active profile set, falling back to 1 default profile: "default"
2023-06-26T12:41:22.402-06:00  INFO 111423 --- [main] o.s.b.t.m.w.SpringBootMockServletContext : Initializing Spring TestDispatcherServlet ''
2023-06-26T12:41:22.402-06:00  INFO 111423 --- [main] o.s.t.web.servlet.TestDispatcherServlet  : Initializing Servlet ''
2023-06-26T12:41:22.404-06:00  INFO 111423 --- [main] o.s.t.web.servlet.TestDispatcherServlet  : Completed initialization in 1 ms
2023-06-26T12:41:22.424-06:00  INFO 111423 --- [main] c.d.m.controller.AlbumControllerTest     : Started AlbumControllerTest in 1.539 seconds (process running for 2.249)
2023-06-26T12:41:39.152-06:00  INFO 111571 --- [main] c.d.m.controller.AlbumControllerTest     : Starting AlbumControllerTest using Java 17.0.7 with PID 111571 (started by alejandro in /home/alejandro/Projects/DebuggeandoIdeas/udemy/music_app)
2023-06-26T12:41:39.153-06:00  INFO 111571 --- [main] c.d.m.controller.AlbumControllerTest     : No active profile set, falling back to 1 default profile: "default"
2023-06-26T12:41:40.397-06:00  INFO 111571 --- [main] o.s.b.t.m.w.SpringBootMockServletContext : Initializing Spring TestDispatcherServlet ''
2023-06-26T12:41:40.398-06:00  INFO 111571 --- [main] o.s.t.web.servlet.TestDispatcherServlet  : Initializing Servlet ''
2023-06-26T12:41:40.400-06:00  INFO 111571 --- [main] o.s.t.web.servlet.TestDispatcherServlet  : Completed initialization in 1 ms
2023-06-26T12:41:40.423-06:00  INFO 111571 --- [main] c.d.m.controller.AlbumControllerTest     : Started AlbumControllerTest in 1.539 seconds (process running for 2.269)
2023-06-26T12:48:43.201-06:00  INFO 111859 --- [main] c.d.m.controller.AlbumControllerTest     : Starting AlbumControllerTest using Java 17.0.7 with PID 111859 (started by alejandro in /home/alejandro/Projects/DebuggeandoIdeas/udemy/music_app)
2023-06-26T12:48:43.202-06:00  INFO 111859 --- [main] c.d.m.controller.AlbumControllerTest     : No active profile set, falling back to 1 default profile: "default"
2023-06-26T12:48:44.604-06:00  INFO 111859 --- [main] o.s.b.t.m.w.SpringBootMockServletContext : Initializing Spring TestDispatcherServlet ''
2023-06-26T12:48:44.605-06:00  INFO 111859 --- [main] o.s.t.web.servlet.TestDispatcherServlet  : Initializing Servlet ''
2023-06-26T12:48:44.606-06:00  INFO 111859 --- [main] o.s.t.web.servlet.TestDispatcherServlet  : Completed initialization in 1 ms
2023-06-26T12:48:44.637-06:00  INFO 111859 --- [main] c.d.m.controller.AlbumControllerTest     : Started AlbumControllerTest in 1.701 seconds (process running for 2.425)
2023-06-26T12:49:05.340-06:00  INFO 111956 --- [main] c.d.m.controller.AlbumControllerTest     : Starting AlbumControllerTest using Java 17.0.7 with PID 111956 (started by alejandro in /home/alejandro/Projects/DebuggeandoIdeas/udemy/music_app)
2023-06-26T12:49:05.341-06:00  INFO 111956 --- [main] c.d.m.controller.AlbumControllerTest     : No active profile set, falling back to 1 default profile: "default"
2023-06-26T12:49:06.731-06:00  INFO 111956 --- [main] o.s.b.t.m.w.SpringBootMockServletContext : Initializing Spring TestDispatcherServlet ''
2023-06-26T12:49:06.731-06:00  INFO 111956 --- [main] o.s.t.web.servlet.TestDispatcherServlet  : Initializing Servlet ''
2023-06-26T12:49:06.733-06:00  INFO 111956 --- [main] o.s.t.web.servlet.TestDispatcherServlet  : Completed initialization in 2 ms
2023-06-26T12:49:06.767-06:00  INFO 111956 --- [main] c.d.m.controller.AlbumControllerTest     : Started AlbumControllerTest in 1.695 seconds (process running for 2.396)
2023-06-26T12:49:54.780-06:00  INFO 112062 --- [main] c.d.m.controller.AlbumControllerTest     : Starting AlbumControllerTest using Java 17.0.7 with PID 112062 (started by alejandro in /home/alejandro/Projects/DebuggeandoIdeas/udemy/music_app)
2023-06-26T12:49:54.781-06:00  INFO 112062 --- [main] c.d.m.controller.AlbumControllerTest     : No active profile set, falling back to 1 default profile: "default"
2023-06-26T12:49:56.143-06:00  INFO 112062 --- [main] o.s.b.t.m.w.SpringBootMockServletContext : Initializing Spring TestDispatcherServlet ''
2023-06-26T12:49:56.143-06:00  INFO 112062 --- [main] o.s.t.web.servlet.TestDispatcherServlet  : Initializing Servlet ''
2023-06-26T12:49:56.144-06:00  INFO 112062 --- [main] o.s.t.web.servlet.TestDispatcherServlet  : Completed initialization in 1 ms
2023-06-26T12:49:56.167-06:00  INFO 112062 --- [main] c.d.m.controller.AlbumControllerTest     : Started AlbumControllerTest in 1.702 seconds (process running for 2.471)
2023-06-26T12:50:21.326-06:00  INFO 112164 --- [main] c.d.m.controller.AlbumControllerTest     : Starting AlbumControllerTest using Java 17.0.7 with PID 112164 (started by alejandro in /home/alejandro/Projects/DebuggeandoIdeas/udemy/music_app)
2023-06-26T12:50:21.327-06:00  INFO 112164 --- [main] c.d.m.controller.AlbumControllerTest     : No active profile set, falling back to 1 default profile: "default"
2023-06-26T12:50:22.523-06:00  INFO 112164 --- [main] o.s.b.t.m.w.SpringBootMockServletContext : Initializing Spring TestDispatcherServlet ''
2023-06-26T12:50:22.523-06:00  INFO 112164 --- [main] o.s.t.web.servlet.TestDispatcherServlet  : Initializing Servlet ''
2023-06-26T12:50:22.524-06:00  INFO 112164 --- [main] o.s.t.web.servlet.TestDispatcherServlet  : Completed initialization in 1 ms
2023-06-26T12:50:22.548-06:00  INFO 112164 --- [main] c.d.m.controller.AlbumControllerTest     : Started AlbumControllerTest in 1.487 seconds (process running for 2.223)
2023-06-26T12:50:46.532-06:00  INFO 112257 --- [main] c.d.m.controller.AlbumControllerTest     : Starting AlbumControllerTest using Java 17.0.7 with PID 112257 (started by alejandro in /home/alejandro/Projects/DebuggeandoIdeas/udemy/music_app)
2023-06-26T12:50:46.534-06:00  INFO 112257 --- [main] c.d.m.controller.AlbumControllerTest     : No active profile set, falling back to 1 default profile: "default"
2023-06-26T12:50:47.907-06:00  INFO 112257 --- [main] o.s.b.t.m.w.SpringBootMockServletContext : Initializing Spring TestDispatcherServlet ''
2023-06-26T12:50:47.908-06:00  INFO 112257 --- [main] o.s.t.web.servlet.TestDispatcherServlet  : Initializing Servlet ''
2023-06-26T12:50:47.910-06:00  INFO 112257 --- [main] o.s.t.web.servlet.TestDispatcherServlet  : Completed initialization in 1 ms
2023-06-26T12:50:47.935-06:00  INFO 112257 --- [main] c.d.m.controller.AlbumControllerTest     : Started AlbumControllerTest in 1.678 seconds (process running for 2.446)
2023-06-26T12:57:06.161-06:00  INFO 112773 --- [main] c.d.m.controller.AlbumControllerTest     : Starting AlbumControllerTest using Java 17.0.7 with PID 112773 (started by alejandro in /home/alejandro/Projects/DebuggeandoIdeas/udemy/music_app)
2023-06-26T12:57:06.162-06:00  INFO 112773 --- [main] c.d.m.controller.AlbumControllerTest     : No active profile set, falling back to 1 default profile: "default"
2023-06-26T12:57:07.308-06:00  INFO 112773 --- [main] o.s.b.t.m.w.SpringBootMockServletContext : Initializing Spring TestDispatcherServlet ''
2023-06-26T12:57:07.308-06:00  INFO 112773 --- [main] o.s.t.web.servlet.TestDispatcherServlet  : Initializing Servlet ''
2023-06-26T12:57:07.309-06:00  INFO 112773 --- [main] o.s.t.web.servlet.TestDispatcherServlet  : Completed initialization in 1 ms
2023-06-26T12:57:07.328-06:00  INFO 112773 --- [main] c.d.m.controller.AlbumControllerTest     : Started AlbumControllerTest in 1.398 seconds (process running for 2.027)
2023-06-26T13:06:35.934-06:00  INFO 113090 --- [main] c.d.m.controller.AlbumControllerTest     : Starting AlbumControllerTest using Java 17.0.7 with PID 113090 (started by alejandro in /home/alejandro/Projects/DebuggeandoIdeas/udemy/music_app)
2023-06-26T13:06:35.936-06:00  INFO 113090 --- [main] c.d.m.controller.AlbumControllerTest     : No active profile set, falling back to 1 default profile: "default"
2023-06-26T13:06:37.215-06:00  INFO 113090 --- [main] o.s.b.t.m.w.SpringBootMockServletContext : Initializing Spring TestDispatcherServlet ''
2023-06-26T13:06:37.215-06:00  INFO 113090 --- [main] o.s.t.web.servlet.TestDispatcherServlet  : Initializing Servlet ''
2023-06-26T13:06:37.216-06:00  INFO 113090 --- [main] o.s.t.web.servlet.TestDispatcherServlet  : Completed initialization in 1 ms
2023-06-26T13:06:37.241-06:00  INFO 113090 --- [main] c.d.m.controller.AlbumControllerTest     : Started AlbumControllerTest in 1.547 seconds (process running for 2.289)
2023-06-26T13:06:59.857-06:00  INFO 113188 --- [main] c.d.m.controller.AlbumControllerTest     : Starting AlbumControllerTest using Java 17.0.7 with PID 113188 (started by alejandro in /home/alejandro/Projects/DebuggeandoIdeas/udemy/music_app)
2023-06-26T13:06:59.858-06:00  INFO 113188 --- [main] c.d.m.controller.AlbumControllerTest     : No active profile set, falling back to 1 default profile: "default"
2023-06-26T13:07:01.098-06:00  INFO 113188 --- [main] o.s.b.t.m.w.SpringBootMockServletContext : Initializing Spring TestDispatcherServlet ''
2023-06-26T13:07:01.098-06:00  INFO 113188 --- [main] o.s.t.web.servlet.TestDispatcherServlet  : Initializing Servlet ''
2023-06-26T13:07:01.100-06:00  INFO 113188 --- [main] o.s.t.web.servlet.TestDispatcherServlet  : Completed initialization in 2 ms
2023-06-26T13:07:01.126-06:00  INFO 113188 --- [main] c.d.m.controller.AlbumControllerTest     : Started AlbumControllerTest in 1.505 seconds (process running for 2.272)
2023-06-27T17:10:25.687-06:00  INFO 8741 --- [main] c.d.m.c.AlbumControllerStatus400Test     : Starting AlbumControllerStatus400Test using Java 17.0.7 with PID 8741 (started by alejandro in /home/alejandro/Projects/DebuggeandoIdeas/udemy/music_app)
2023-06-27T17:10:25.689-06:00  INFO 8741 --- [main] c.d.m.c.AlbumControllerStatus400Test     : No active profile set, falling back to 1 default profile: "default"
2023-06-27T17:10:27.185-06:00  INFO 8741 --- [main] o.s.b.t.m.w.SpringBootMockServletContext : Initializing Spring TestDispatcherServlet ''
2023-06-27T17:10:27.186-06:00  INFO 8741 --- [main] o.s.t.web.servlet.TestDispatcherServlet  : Initializing Servlet ''
2023-06-27T17:10:27.195-06:00  INFO 8741 --- [main] o.s.t.web.servlet.TestDispatcherServlet  : Completed initialization in 2 ms
2023-06-27T17:10:27.220-06:00  INFO 8741 --- [main] c.d.m.c.AlbumControllerStatus400Test     : Started AlbumControllerStatus400Test in 1.83 seconds (process running for 2.633)
2023-06-27T17:11:19.517-06:00  INFO 8849 --- [main] c.d.m.c.AlbumControllerStatus400Test     : Starting AlbumControllerStatus400Test using Java 17.0.7 with PID 8849 (started by alejandro in /home/alejandro/Projects/DebuggeandoIdeas/udemy/music_app)
2023-06-27T17:11:19.518-06:00  INFO 8849 --- [main] c.d.m.c.AlbumControllerStatus400Test     : No active profile set, falling back to 1 default profile: "default"
2023-06-27T17:11:21.069-06:00  INFO 8849 --- [main] o.s.b.t.m.w.SpringBootMockServletContext : Initializing Spring TestDispatcherServlet ''
2023-06-27T17:11:21.069-06:00  INFO 8849 --- [main] o.s.t.web.servlet.TestDispatcherServlet  : Initializing Servlet ''
2023-06-27T17:11:21.071-06:00  INFO 8849 --- [main] o.s.t.web.servlet.TestDispatcherServlet  : Completed initialization in 1 ms
2023-06-27T17:11:21.105-06:00  INFO 8849 --- [main] c.d.m.c.AlbumControllerStatus400Test     : Started AlbumControllerStatus400Test in 1.838 seconds (process running for 2.592)
2023-06-27T17:13:49.402-06:00  INFO 9443 --- [main] c.d.m.c.AlbumControllerStatus400Test     : Starting AlbumControllerStatus400Test using Java 17.0.7 with PID 9443 (started by alejandro in /home/alejandro/Projects/DebuggeandoIdeas/udemy/music_app)
2023-06-27T17:13:49.404-06:00  INFO 9443 --- [main] c.d.m.c.AlbumControllerStatus400Test     : No active profile set, falling back to 1 default profile: "default"
2023-06-27T17:13:50.811-06:00  INFO 9443 --- [main] o.s.b.t.m.w.SpringBootMockServletContext : Initializing Spring TestDispatcherServlet ''
2023-06-27T17:13:50.811-06:00  INFO 9443 --- [main] o.s.t.web.servlet.TestDispatcherServlet  : Initializing Servlet ''
2023-06-27T17:13:50.813-06:00  INFO 9443 --- [main] o.s.t.web.servlet.TestDispatcherServlet  : Completed initialization in 2 ms
2023-06-27T17:13:50.840-06:00  INFO 9443 --- [main] c.d.m.c.AlbumControllerStatus400Test     : Started AlbumControllerStatus400Test in 1.737 seconds (process running for 2.509)
2023-06-27T17:14:37.754-06:00  INFO 9550 --- [main] c.d.m.c.AlbumControllerStatus400Test     : Starting AlbumControllerStatus400Test using Java 17.0.7 with PID 9550 (started by alejandro in /home/alejandro/Projects/DebuggeandoIdeas/udemy/music_app)
2023-06-27T17:14:37.756-06:00  INFO 9550 --- [main] c.d.m.c.AlbumControllerStatus400Test     : No active profile set, falling back to 1 default profile: "default"
2023-06-27T17:14:39.234-06:00  INFO 9550 --- [main] o.s.b.t.m.w.SpringBootMockServletContext : Initializing Spring TestDispatcherServlet ''
2023-06-27T17:14:39.235-06:00  INFO 9550 --- [main] o.s.t.web.servlet.TestDispatcherServlet  : Initializing Servlet ''
2023-06-27T17:14:39.239-06:00  INFO 9550 --- [main] o.s.t.web.servlet.TestDispatcherServlet  : Completed initialization in 2 ms
2023-06-27T17:14:39.262-06:00  INFO 9550 --- [main] c.d.m.c.AlbumControllerStatus400Test     : Started AlbumControllerStatus400Test in 1.792 seconds (process running for 2.547)
2023-06-27T17:14:49.309-06:00  INFO 9648 --- [main] c.d.m.c.AlbumControllerStatus400Test     : Starting AlbumControllerStatus400Test using Java 17.0.7 with PID 9648 (started by alejandro in /home/alejandro/Projects/DebuggeandoIdeas/udemy/music_app)
2023-06-27T17:14:49.310-06:00  INFO 9648 --- [main] c.d.m.c.AlbumControllerStatus400Test     : No active profile set, falling back to 1 default profile: "default"
2023-06-27T17:14:50.944-06:00  INFO 9648 --- [main] o.s.b.t.m.w.SpringBootMockServletContext : Initializing Spring TestDispatcherServlet ''
2023-06-27T17:14:50.945-06:00  INFO 9648 --- [main] o.s.t.web.servlet.TestDispatcherServlet  : Initializing Servlet ''
2023-06-27T17:14:50.947-06:00  INFO 9648 --- [main] o.s.t.web.servlet.TestDispatcherServlet  : Completed initialization in 1 ms
2023-06-27T17:14:50.981-06:00  INFO 9648 --- [main] c.d.m.c.AlbumControllerStatus400Test     : Started AlbumControllerStatus400Test in 2.001 seconds (process running for 2.892)
2023-06-27T17:15:24.346-06:00  INFO 9992 --- [main] c.d.m.c.AlbumControllerStatus400Test     : Starting AlbumControllerStatus400Test using Java 17.0.7 with PID 9992 (started by alejandro in /home/alejandro/Projects/DebuggeandoIdeas/udemy/music_app)
2023-06-27T17:15:24.348-06:00  INFO 9992 --- [main] c.d.m.c.AlbumControllerStatus400Test     : No active profile set, falling back to 1 default profile: "default"
2023-06-27T17:15:25.702-06:00  INFO 9992 --- [main] o.s.b.t.m.w.SpringBootMockServletContext : Initializing Spring TestDispatcherServlet ''
2023-06-27T17:15:25.703-06:00  INFO 9992 --- [main] o.s.t.web.servlet.TestDispatcherServlet  : Initializing Servlet ''
2023-06-27T17:15:25.704-06:00  INFO 9992 --- [main] o.s.t.web.servlet.TestDispatcherServlet  : Completed initialization in 1 ms
2023-06-27T17:15:25.740-06:00  INFO 9992 --- [main] c.d.m.c.AlbumControllerStatus400Test     : Started AlbumControllerStatus400Test in 1.655 seconds (process running for 2.469)
2023-06-27T17:16:17.325-06:00  INFO 10101 --- [main] c.d.m.c.AlbumControllerStatus400Test     : Starting AlbumControllerStatus400Test using Java 17.0.7 with PID 10101 (started by alejandro in /home/alejandro/Projects/DebuggeandoIdeas/udemy/music_app)
2023-06-27T17:16:17.326-06:00  INFO 10101 --- [main] c.d.m.c.AlbumControllerStatus400Test     : No active profile set, falling back to 1 default profile: "default"
2023-06-27T17:16:18.745-06:00  INFO 10101 --- [main] o.s.b.t.m.w.SpringBootMockServletContext : Initializing Spring TestDispatcherServlet ''
2023-06-27T17:16:18.746-06:00  INFO 10101 --- [main] o.s.t.web.servlet.TestDispatcherServlet  : Initializing Servlet ''
2023-06-27T17:16:18.747-06:00  INFO 10101 --- [main] o.s.t.web.servlet.TestDispatcherServlet  : Completed initialization in 1 ms
2023-06-27T17:16:18.770-06:00  INFO 10101 --- [main] c.d.m.c.AlbumControllerStatus400Test     : Started AlbumControllerStatus400Test in 1.745 seconds (process running for 2.554)
2023-06-27T17:17:13.797-06:00  INFO 10241 --- [main] c.d.m.c.AlbumControllerStatus400Test     : Starting AlbumControllerStatus400Test using Java 17.0.7 with PID 10241 (started by alejandro in /home/alejandro/Projects/DebuggeandoIdeas/udemy/music_app)
2023-06-27T17:17:13.799-06:00  INFO 10241 --- [main] c.d.m.c.AlbumControllerStatus400Test     : No active profile set, falling back to 1 default profile: "default"
2023-06-27T17:17:15.333-06:00  INFO 10241 --- [main] o.s.b.t.m.w.SpringBootMockServletContext : Initializing Spring TestDispatcherServlet ''
2023-06-27T17:17:15.334-06:00  INFO 10241 --- [main] o.s.t.web.servlet.TestDispatcherServlet  : Initializing Servlet ''
2023-06-27T17:17:15.336-06:00  INFO 10241 --- [main] o.s.t.web.servlet.TestDispatcherServlet  : Completed initialization in 2 ms
2023-06-27T17:17:15.377-06:00  INFO 10241 --- [main] c.d.m.c.AlbumControllerStatus400Test     : Started AlbumControllerStatus400Test in 1.866 seconds (process running for 2.739)
2023-06-27T17:18:13.406-06:00  INFO 10342 --- [main] c.d.m.c.AlbumControllerStatus400Test     : Starting AlbumControllerStatus400Test using Java 17.0.7 with PID 10342 (started by alejandro in /home/alejandro/Projects/DebuggeandoIdeas/udemy/music_app)
2023-06-27T17:18:13.407-06:00  INFO 10342 --- [main] c.d.m.c.AlbumControllerStatus400Test     : No active profile set, falling back to 1 default profile: "default"
2023-06-27T17:18:14.833-06:00  INFO 10342 --- [main] o.s.b.t.m.w.SpringBootMockServletContext : Initializing Spring TestDispatcherServlet ''
2023-06-27T17:18:14.834-06:00  INFO 10342 --- [main] o.s.t.web.servlet.TestDispatcherServlet  : Initializing Servlet ''
2023-06-27T17:18:14.835-06:00  INFO 10342 --- [main] o.s.t.web.servlet.TestDispatcherServlet  : Completed initialization in 1 ms
2023-06-27T17:18:14.868-06:00  INFO 10342 --- [main] c.d.m.c.AlbumControllerStatus400Test     : Started AlbumControllerStatus400Test in 1.737 seconds (process running for 2.561)
2023-06-27T17:18:35.474-06:00  INFO 10501 --- [main] c.d.m.c.AlbumControllerStatus400Test     : Starting AlbumControllerStatus400Test using Java 17.0.7 with PID 10501 (started by alejandro in /home/alejandro/Projects/DebuggeandoIdeas/udemy/music_app)
2023-06-27T17:18:35.476-06:00  INFO 10501 --- [main] c.d.m.c.AlbumControllerStatus400Test     : No active profile set, falling back to 1 default profile: "default"
2023-06-27T17:18:36.951-06:00  INFO 10501 --- [main] o.s.b.t.m.w.SpringBootMockServletContext : Initializing Spring TestDispatcherServlet ''
2023-06-27T17:18:36.952-06:00  INFO 10501 --- [main] o.s.t.web.servlet.TestDispatcherServlet  : Initializing Servlet ''
2023-06-27T17:18:36.953-06:00  INFO 10501 --- [main] o.s.t.web.servlet.TestDispatcherServlet  : Completed initialization in 1 ms
2023-06-27T17:18:36.984-06:00  INFO 10501 --- [main] c.d.m.c.AlbumControllerStatus400Test     : Started AlbumControllerStatus400Test in 1.784 seconds (process running for 2.66)
2023-06-27T17:18:57.208-06:00  INFO 10675 --- [main] c.d.m.c.AlbumControllerStatus400Test     : Starting AlbumControllerStatus400Test using Java 17.0.7 with PID 10675 (started by alejandro in /home/alejandro/Projects/DebuggeandoIdeas/udemy/music_app)
2023-06-27T17:18:57.210-06:00  INFO 10675 --- [main] c.d.m.c.AlbumControllerStatus400Test     : No active profile set, falling back to 1 default profile: "default"
2023-06-27T17:18:58.790-06:00  INFO 10675 --- [main] o.s.b.t.m.w.SpringBootMockServletContext : Initializing Spring TestDispatcherServlet ''
2023-06-27T17:18:58.790-06:00  INFO 10675 --- [main] o.s.t.web.servlet.TestDispatcherServlet  : Initializing Servlet ''
2023-06-27T17:18:58.792-06:00  INFO 10675 --- [main] o.s.t.web.servlet.TestDispatcherServlet  : Completed initialization in 1 ms
2023-06-27T17:18:58.824-06:00  INFO 10675 --- [main] c.d.m.c.AlbumControllerStatus400Test     : Started AlbumControllerStatus400Test in 1.891 seconds (process running for 2.835)
2023-06-27T17:23:51.861-06:00  INFO 11094 --- [main] c.d.m.c.AlbumControllerStatus400Test     : Starting AlbumControllerStatus400Test using Java 17.0.7 with PID 11094 (started by alejandro in /home/alejandro/Projects/DebuggeandoIdeas/udemy/music_app)
2023-06-27T17:23:51.862-06:00  INFO 11094 --- [main] c.d.m.c.AlbumControllerStatus400Test     : No active profile set, falling back to 1 default profile: "default"
2023-06-27T17:23:53.136-06:00  INFO 11094 --- [main] o.s.b.t.m.w.SpringBootMockServletContext : Initializing Spring TestDispatcherServlet ''
2023-06-27T17:23:53.136-06:00  INFO 11094 --- [main] o.s.t.web.servlet.TestDispatcherServlet  : Initializing Servlet ''
2023-06-27T17:23:53.137-06:00  INFO 11094 --- [main] o.s.t.web.servlet.TestDispatcherServlet  : Completed initialization in 1 ms
2023-06-27T17:23:53.157-06:00  INFO 11094 --- [main] c.d.m.c.AlbumControllerStatus400Test     : Started AlbumControllerStatus400Test in 1.537 seconds (process running for 2.219)
2023-06-27T17:24:02.844-06:00  INFO 11225 --- [main] c.d.m.c.AlbumControllerStatus400Test     : Starting AlbumControllerStatus400Test using Java 17.0.7 with PID 11225 (started by alejandro in /home/alejandro/Projects/DebuggeandoIdeas/udemy/music_app)
2023-06-27T17:24:02.845-06:00  INFO 11225 --- [main] c.d.m.c.AlbumControllerStatus400Test     : No active profile set, falling back to 1 default profile: "default"
2023-06-27T17:24:04.134-06:00  INFO 11225 --- [main] o.s.b.t.m.w.SpringBootMockServletContext : Initializing Spring TestDispatcherServlet ''
2023-06-27T17:24:04.134-06:00  INFO 11225 --- [main] o.s.t.web.servlet.TestDispatcherServlet  : Initializing Servlet ''
2023-06-27T17:24:04.135-06:00  INFO 11225 --- [main] o.s.t.web.servlet.TestDispatcherServlet  : Completed initialization in 1 ms
2023-06-27T17:24:04.167-06:00  INFO 11225 --- [main] c.d.m.c.AlbumControllerStatus400Test     : Started AlbumControllerStatus400Test in 1.55 seconds (process running for 2.165)
2023-06-27T17:29:09.203-06:00  INFO 11474 --- [main] c.d.m.c.AlbumControllerStatus400Test     : Starting AlbumControllerStatus400Test using Java 17.0.7 with PID 11474 (started by alejandro in /home/alejandro/Projects/DebuggeandoIdeas/udemy/music_app)
2023-06-27T17:29:09.205-06:00  INFO 11474 --- [main] c.d.m.c.AlbumControllerStatus400Test     : No active profile set, falling back to 1 default profile: "default"
2023-06-27T17:29:10.450-06:00  INFO 11474 --- [main] o.s.b.t.m.w.SpringBootMockServletContext : Initializing Spring TestDispatcherServlet ''
2023-06-27T17:29:10.450-06:00  INFO 11474 --- [main] o.s.t.web.servlet.TestDispatcherServlet  : Initializing Servlet ''
2023-06-27T17:29:10.452-06:00  INFO 11474 --- [main] o.s.t.web.servlet.TestDispatcherServlet  : Completed initialization in 2 ms
2023-06-27T17:29:10.483-06:00  INFO 11474 --- [main] c.d.m.c.AlbumControllerStatus400Test     : Started AlbumControllerStatus400Test in 1.515 seconds (process running for 2.197)
2023-06-27T17:30:42.269-06:00  INFO 11588 --- [main] c.d.m.c.AlbumControllerStatus400Test     : Starting AlbumControllerStatus400Test using Java 17.0.7 with PID 11588 (started by alejandro in /home/alejandro/Projects/DebuggeandoIdeas/udemy/music_app)
2023-06-27T17:30:42.270-06:00  INFO 11588 --- [main] c.d.m.c.AlbumControllerStatus400Test     : No active profile set, falling back to 1 default profile: "default"
2023-06-27T17:30:43.651-06:00  INFO 11588 --- [main] o.s.b.t.m.w.SpringBootMockServletContext : Initializing Spring TestDispatcherServlet ''
2023-06-27T17:30:43.652-06:00  INFO 11588 --- [main] o.s.t.web.servlet.TestDispatcherServlet  : Initializing Servlet ''
2023-06-27T17:30:43.654-06:00  INFO 11588 --- [main] o.s.t.web.servlet.TestDispatcherServlet  : Completed initialization in 2 ms
2023-06-27T17:30:43.685-06:00  INFO 11588 --- [main] c.d.m.c.AlbumControllerStatus400Test     : Started AlbumControllerStatus400Test in 1.686 seconds (process running for 2.405)
2023-06-27T17:31:00.137-06:00  INFO 11694 --- [main] c.d.m.c.AlbumControllerStatus400Test     : Starting AlbumControllerStatus400Test using Java 17.0.7 with PID 11694 (started by alejandro in /home/alejandro/Projects/DebuggeandoIdeas/udemy/music_app)
2023-06-27T17:31:00.138-06:00  INFO 11694 --- [main] c.d.m.c.AlbumControllerStatus400Test     : No active profile set, falling back to 1 default profile: "default"
2023-06-27T17:31:01.354-06:00  INFO 11694 --- [main] o.s.b.t.m.w.SpringBootMockServletContext : Initializing Spring TestDispatcherServlet ''
2023-06-27T17:31:01.355-06:00  INFO 11694 --- [main] o.s.t.web.servlet.TestDispatcherServlet  : Initializing Servlet ''
2023-06-27T17:31:01.356-06:00  INFO 11694 --- [main] o.s.t.web.servlet.TestDispatcherServlet  : Completed initialization in 1 ms
2023-06-27T17:31:01.385-06:00  INFO 11694 --- [main] c.d.m.c.AlbumControllerStatus400Test     : Started AlbumControllerStatus400Test in 1.537 seconds (process running for 2.208)
2023-06-27T17:31:14.832-06:00  INFO 11794 --- [main] c.d.m.c.AlbumControllerStatus400Test     : Starting AlbumControllerStatus400Test using Java 17.0.7 with PID 11794 (started by alejandro in /home/alejandro/Projects/DebuggeandoIdeas/udemy/music_app)
2023-06-27T17:31:14.834-06:00  INFO 11794 --- [main] c.d.m.c.AlbumControllerStatus400Test     : No active profile set, falling back to 1 default profile: "default"
2023-06-27T17:31:16.051-06:00  INFO 11794 --- [main] o.s.b.t.m.w.SpringBootMockServletContext : Initializing Spring TestDispatcherServlet ''
2023-06-27T17:31:16.051-06:00  INFO 11794 --- [main] o.s.t.web.servlet.TestDispatcherServlet  : Initializing Servlet ''
2023-06-27T17:31:16.053-06:00  INFO 11794 --- [main] o.s.t.web.servlet.TestDispatcherServlet  : Completed initialization in 1 ms
2023-06-27T17:31:16.077-06:00  INFO 11794 --- [main] c.d.m.c.AlbumControllerStatus400Test     : Started AlbumControllerStatus400Test in 1.477 seconds (process running for 2.161)
2023-06-27T17:32:38.477-06:00  INFO 11930 --- [main] c.d.m.c.AlbumControllerStatus400Test     : Starting AlbumControllerStatus400Test using Java 17.0.7 with PID 11930 (started by alejandro in /home/alejandro/Projects/DebuggeandoIdeas/udemy/music_app)
2023-06-27T17:32:38.479-06:00  INFO 11930 --- [main] c.d.m.c.AlbumControllerStatus400Test     : No active profile set, falling back to 1 default profile: "default"
2023-06-27T17:32:39.662-06:00  INFO 11930 --- [main] o.s.b.t.m.w.SpringBootMockServletContext : Initializing Spring TestDispatcherServlet ''
2023-06-27T17:32:39.663-06:00  INFO 11930 --- [main] o.s.t.web.servlet.TestDispatcherServlet  : Initializing Servlet ''
2023-06-27T17:32:39.665-06:00  INFO 11930 --- [main] o.s.t.web.servlet.TestDispatcherServlet  : Completed initialization in 2 ms
2023-06-27T17:32:39.693-06:00  INFO 11930 --- [main] c.d.m.c.AlbumControllerStatus400Test     : Started AlbumControllerStatus400Test in 1.445 seconds (process running for 2.133)
2023-06-27T17:36:37.247-06:00  INFO 12220 --- [main] c.d.m.c.AlbumControllerStatus400Test     : Starting AlbumControllerStatus400Test using Java 17.0.7 with PID 12220 (started by alejandro in /home/alejandro/Projects/DebuggeandoIdeas/udemy/music_app)
2023-06-27T17:36:37.249-06:00  INFO 12220 --- [main] c.d.m.c.AlbumControllerStatus400Test     : No active profile set, falling back to 1 default profile: "default"
2023-06-27T17:36:39.061-06:00  INFO 12220 --- [main] o.s.b.t.m.w.SpringBootMockServletContext : Initializing Spring TestDispatcherServlet ''
2023-06-27T17:36:39.062-06:00  INFO 12220 --- [main] o.s.t.web.servlet.TestDispatcherServlet  : Initializing Servlet ''
2023-06-27T17:36:39.064-06:00  INFO 12220 --- [main] o.s.t.web.servlet.TestDispatcherServlet  : Completed initialization in 1 ms
2023-06-27T17:36:39.094-06:00  INFO 12220 --- [main] c.d.m.c.AlbumControllerStatus400Test     : Started AlbumControllerStatus400Test in 2.105 seconds (process running for 2.899)
2023-06-27T17:38:24.768-06:00  INFO 12361 --- [main] c.d.m.c.AlbumControllerStatus400Test     : Starting AlbumControllerStatus400Test using Java 17.0.7 with PID 12361 (started by alejandro in /home/alejandro/Projects/DebuggeandoIdeas/udemy/music_app)
2023-06-27T17:38:24.769-06:00  INFO 12361 --- [main] c.d.m.c.AlbumControllerStatus400Test     : No active profile set, falling back to 1 default profile: "default"
2023-06-27T17:38:26.292-06:00  INFO 12361 --- [main] o.s.b.t.m.w.SpringBootMockServletContext : Initializing Spring TestDispatcherServlet ''
2023-06-27T17:38:26.293-06:00  INFO 12361 --- [main] o.s.t.web.servlet.TestDispatcherServlet  : Initializing Servlet ''
2023-06-27T17:38:26.294-06:00  INFO 12361 --- [main] o.s.t.web.servlet.TestDispatcherServlet  : Completed initialization in 1 ms
2023-06-27T17:38:26.323-06:00  INFO 12361 --- [main] c.d.m.c.AlbumControllerStatus400Test     : Started AlbumControllerStatus400Test in 1.845 seconds (process running for 2.658)
2023-06-27T17:38:33.495-06:00  INFO 12462 --- [main] c.d.m.c.AlbumControllerStatus400Test     : Starting AlbumControllerStatus400Test using Java 17.0.7 with PID 12462 (started by alejandro in /home/alejandro/Projects/DebuggeandoIdeas/udemy/music_app)
2023-06-27T17:38:33.496-06:00  INFO 12462 --- [main] c.d.m.c.AlbumControllerStatus400Test     : No active profile set, falling back to 1 default profile: "default"
2023-06-27T17:38:34.945-06:00  INFO 12462 --- [main] o.s.b.t.m.w.SpringBootMockServletContext : Initializing Spring TestDispatcherServlet ''
2023-06-27T17:38:34.946-06:00  INFO 12462 --- [main] o.s.t.web.servlet.TestDispatcherServlet  : Initializing Servlet ''
2023-06-27T17:38:34.948-06:00  INFO 12462 --- [main] o.s.t.web.servlet.TestDispatcherServlet  : Completed initialization in 1 ms
2023-06-27T17:38:34.984-06:00  INFO 12462 --- [main] c.d.m.c.AlbumControllerStatus400Test     : Started AlbumControllerStatus400Test in 1.763 seconds (process running for 2.596)
2023-06-27T17:40:02.445-06:00  INFO 12573 --- [main] c.d.m.c.AlbumControllerStatus400Test     : Starting AlbumControllerStatus400Test using Java 17.0.7 with PID 12573 (started by alejandro in /home/alejandro/Projects/DebuggeandoIdeas/udemy/music_app)
2023-06-27T17:40:02.447-06:00  INFO 12573 --- [main] c.d.m.c.AlbumControllerStatus400Test     : No active profile set, falling back to 1 default profile: "default"
2023-06-27T17:40:03.854-06:00  INFO 12573 --- [main] o.s.b.t.m.w.SpringBootMockServletContext : Initializing Spring TestDispatcherServlet ''
2023-06-27T17:40:03.855-06:00  INFO 12573 --- [main] o.s.t.web.servlet.TestDispatcherServlet  : Initializing Servlet ''
2023-06-27T17:40:03.857-06:00  INFO 12573 --- [main] o.s.t.web.servlet.TestDispatcherServlet  : Completed initialization in 2 ms
2023-06-27T17:40:03.889-06:00  INFO 12573 --- [main] c.d.m.c.AlbumControllerStatus400Test     : Started AlbumControllerStatus400Test in 1.709 seconds (process running for 2.45)
2023-06-27T17:40:14.946-06:00  INFO 12674 --- [main] c.d.m.c.AlbumControllerStatus400Test     : Starting AlbumControllerStatus400Test using Java 17.0.7 with PID 12674 (started by alejandro in /home/alejandro/Projects/DebuggeandoIdeas/udemy/music_app)
2023-06-27T17:40:14.947-06:00  INFO 12674 --- [main] c.d.m.c.AlbumControllerStatus400Test     : No active profile set, falling back to 1 default profile: "default"
2023-06-27T17:40:16.609-06:00  INFO 12674 --- [main] o.s.b.t.m.w.SpringBootMockServletContext : Initializing Spring TestDispatcherServlet ''
2023-06-27T17:40:16.609-06:00  INFO 12674 --- [main] o.s.t.web.servlet.TestDispatcherServlet  : Initializing Servlet ''
2023-06-27T17:40:16.611-06:00  INFO 12674 --- [main] o.s.t.web.servlet.TestDispatcherServlet  : Completed initialization in 1 ms
2023-06-27T17:40:16.640-06:00  INFO 12674 --- [main] c.d.m.c.AlbumControllerStatus400Test     : Started AlbumControllerStatus400Test in 2.1 seconds (process running for 3.064)
2023-06-27T17:40:33.804-06:00  INFO 12777 --- [main] c.d.m.c.AlbumControllerStatus400Test     : Starting AlbumControllerStatus400Test using Java 17.0.7 with PID 12777 (started by alejandro in /home/alejandro/Projects/DebuggeandoIdeas/udemy/music_app)
2023-06-27T17:40:33.805-06:00  INFO 12777 --- [main] c.d.m.c.AlbumControllerStatus400Test     : No active profile set, falling back to 1 default profile: "default"
2023-06-27T17:40:35.440-06:00  INFO 12777 --- [main] o.s.b.t.m.w.SpringBootMockServletContext : Initializing Spring TestDispatcherServlet ''
2023-06-27T17:40:35.441-06:00  INFO 12777 --- [main] o.s.t.web.servlet.TestDispatcherServlet  : Initializing Servlet ''
2023-06-27T17:40:35.442-06:00  INFO 12777 --- [main] o.s.t.web.servlet.TestDispatcherServlet  : Completed initialization in 1 ms
2023-06-27T17:40:35.481-06:00  INFO 12777 --- [main] c.d.m.c.AlbumControllerStatus400Test     : Started AlbumControllerStatus400Test in 1.947 seconds (process running for 2.691)
2023-06-27T17:41:07.773-06:00  INFO 12879 --- [main] c.d.m.c.AlbumControllerStatus400Test     : Starting AlbumControllerStatus400Test using Java 17.0.7 with PID 12879 (started by alejandro in /home/alejandro/Projects/DebuggeandoIdeas/udemy/music_app)
2023-06-27T17:41:07.775-06:00  INFO 12879 --- [main] c.d.m.c.AlbumControllerStatus400Test     : No active profile set, falling back to 1 default profile: "default"
2023-06-27T17:41:09.260-06:00  INFO 12879 --- [main] o.s.b.t.m.w.SpringBootMockServletContext : Initializing Spring TestDispatcherServlet ''
2023-06-27T17:41:09.261-06:00  INFO 12879 --- [main] o.s.t.web.servlet.TestDispatcherServlet  : Initializing Servlet ''
2023-06-27T17:41:09.263-06:00  INFO 12879 --- [main] o.s.t.web.servlet.TestDispatcherServlet  : Completed initialization in 1 ms
2023-06-27T17:41:09.290-06:00  INFO 12879 --- [main] c.d.m.c.AlbumControllerStatus400Test     : Started AlbumControllerStatus400Test in 1.845 seconds (process running for 2.62)
2023-06-27T17:47:10.615-06:00  INFO 13231 --- [main] c.d.m.c.AlbumControllerStatus400Test     : Starting AlbumControllerStatus400Test using Java 17.0.7 with PID 13231 (started by alejandro in /home/alejandro/Projects/DebuggeandoIdeas/udemy/music_app)
2023-06-27T17:47:10.617-06:00  INFO 13231 --- [main] c.d.m.c.AlbumControllerStatus400Test     : No active profile set, falling back to 1 default profile: "default"
2023-06-27T17:47:12.135-06:00  INFO 13231 --- [main] o.s.b.t.m.w.SpringBootMockServletContext : Initializing Spring TestDispatcherServlet ''
2023-06-27T17:47:12.135-06:00  INFO 13231 --- [main] o.s.t.web.servlet.TestDispatcherServlet  : Initializing Servlet ''
2023-06-27T17:47:12.137-06:00  INFO 13231 --- [main] o.s.t.web.servlet.TestDispatcherServlet  : Completed initialization in 2 ms
2023-06-27T17:47:12.180-06:00  INFO 13231 --- [main] c.d.m.c.AlbumControllerStatus400Test     : Started AlbumControllerStatus400Test in 1.829 seconds (process running for 2.736)
2023-06-27T17:48:10.227-06:00  INFO 13343 --- [main] c.d.m.c.AlbumControllerStatus400Test     : Starting AlbumControllerStatus400Test using Java 17.0.7 with PID 13343 (started by alejandro in /home/alejandro/Projects/DebuggeandoIdeas/udemy/music_app)
2023-06-27T17:48:10.228-06:00  INFO 13343 --- [main] c.d.m.c.AlbumControllerStatus400Test     : No active profile set, falling back to 1 default profile: "default"
2023-06-27T17:48:11.682-06:00  INFO 13343 --- [main] o.s.b.t.m.w.SpringBootMockServletContext : Initializing Spring TestDispatcherServlet ''
2023-06-27T17:48:11.683-06:00  INFO 13343 --- [main] o.s.t.web.servlet.TestDispatcherServlet  : Initializing Servlet ''
2023-06-27T17:48:11.684-06:00  INFO 13343 --- [main] o.s.t.web.servlet.TestDispatcherServlet  : Completed initialization in 1 ms
2023-06-27T17:48:11.712-06:00  INFO 13343 --- [main] c.d.m.c.AlbumControllerStatus400Test     : Started AlbumControllerStatus400Test in 1.785 seconds (process running for 2.596)
2023-06-27T17:48:55.118-06:00  INFO 13463 --- [main] c.d.m.c.AlbumControllerStatus400Test     : Starting AlbumControllerStatus400Test using Java 17.0.7 with PID 13463 (started by alejandro in /home/alejandro/Projects/DebuggeandoIdeas/udemy/music_app)
2023-06-27T17:48:55.119-06:00  INFO 13463 --- [main] c.d.m.c.AlbumControllerStatus400Test     : No active profile set, falling back to 1 default profile: "default"
2023-06-27T17:48:56.666-06:00  INFO 13463 --- [main] o.s.b.t.m.w.SpringBootMockServletContext : Initializing Spring TestDispatcherServlet ''
2023-06-27T17:48:56.667-06:00  INFO 13463 --- [main] o.s.t.web.servlet.TestDispatcherServlet  : Initializing Servlet ''
2023-06-27T17:48:56.668-06:00  INFO 13463 --- [main] o.s.t.web.servlet.TestDispatcherServlet  : Completed initialization in 1 ms
2023-06-27T17:48:56.704-06:00  INFO 13463 --- [main] c.d.m.c.AlbumControllerStatus400Test     : Started AlbumControllerStatus400Test in 1.877 seconds (process running for 2.629)
2023-06-27T17:55:35.792-06:00  INFO 13753 --- [main] c.d.m.c.AlbumControllerStatus400Test     : Starting AlbumControllerStatus400Test using Java 17.0.7 with PID 13753 (started by alejandro in /home/alejandro/Projects/DebuggeandoIdeas/udemy/music_app)
2023-06-27T17:55:35.793-06:00  INFO 13753 --- [main] c.d.m.c.AlbumControllerStatus400Test     : No active profile set, falling back to 1 default profile: "default"
2023-06-27T17:55:37.212-06:00  INFO 13753 --- [main] o.s.b.t.m.w.SpringBootMockServletContext : Initializing Spring TestDispatcherServlet ''
2023-06-27T17:55:37.212-06:00  INFO 13753 --- [main] o.s.t.web.servlet.TestDispatcherServlet  : Initializing Servlet ''
2023-06-27T17:55:37.214-06:00  INFO 13753 --- [main] o.s.t.web.servlet.TestDispatcherServlet  : Completed initialization in 2 ms
2023-06-27T17:55:37.242-06:00  INFO 13753 --- [main] c.d.m.c.AlbumControllerStatus400Test     : Started AlbumControllerStatus400Test in 1.752 seconds (process running for 2.503)
2023-06-27T17:56:12.097-06:00  INFO 13856 --- [main] c.d.m.c.AlbumControllerStatus400Test     : Starting AlbumControllerStatus400Test using Java 17.0.7 with PID 13856 (started by alejandro in /home/alejandro/Projects/DebuggeandoIdeas/udemy/music_app)
2023-06-27T17:56:12.098-06:00  INFO 13856 --- [main] c.d.m.c.AlbumControllerStatus400Test     : No active profile set, falling back to 1 default profile: "default"
2023-06-27T17:56:13.456-06:00  INFO 13856 --- [main] o.s.b.t.m.w.SpringBootMockServletContext : Initializing Spring TestDispatcherServlet ''
2023-06-27T17:56:13.457-06:00  INFO 13856 --- [main] o.s.t.web.servlet.TestDispatcherServlet  : Initializing Servlet ''
2023-06-27T17:56:13.459-06:00  INFO 13856 --- [main] o.s.t.web.servlet.TestDispatcherServlet  : Completed initialization in 2 ms
2023-06-27T17:56:13.486-06:00  INFO 13856 --- [main] c.d.m.c.AlbumControllerStatus400Test     : Started AlbumControllerStatus400Test in 1.684 seconds (process running for 2.503)
2023-06-27T18:03:22.155-06:00  INFO 14157 --- [main] c.d.m.c.AlbumControllerStatus400Test     : Starting AlbumControllerStatus400Test using Java 17.0.7 with PID 14157 (started by alejandro in /home/alejandro/Projects/DebuggeandoIdeas/udemy/music_app)
2023-06-27T18:03:22.157-06:00  INFO 14157 --- [main] c.d.m.c.AlbumControllerStatus400Test     : No active profile set, falling back to 1 default profile: "default"
2023-06-27T18:03:23.640-06:00  INFO 14157 --- [main] o.s.b.t.m.w.SpringBootMockServletContext : Initializing Spring TestDispatcherServlet ''
2023-06-27T18:03:23.641-06:00  INFO 14157 --- [main] o.s.t.web.servlet.TestDispatcherServlet  : Initializing Servlet ''
2023-06-27T18:03:23.643-06:00  INFO 14157 --- [main] o.s.t.web.servlet.TestDispatcherServlet  : Completed initialization in 2 ms
2023-06-27T18:03:23.675-06:00  INFO 14157 --- [main] c.d.m.c.AlbumControllerStatus400Test     : Started AlbumControllerStatus400Test in 1.855 seconds (process running for 2.703)
2023-06-27T18:03:43.310-06:00  INFO 14260 --- [main] c.d.m.c.AlbumControllerStatus400Test     : Starting AlbumControllerStatus400Test using Java 17.0.7 with PID 14260 (started by alejandro in /home/alejandro/Projects/DebuggeandoIdeas/udemy/music_app)
2023-06-27T18:03:43.312-06:00  INFO 14260 --- [main] c.d.m.c.AlbumControllerStatus400Test     : No active profile set, falling back to 1 default profile: "default"
2023-06-27T18:03:44.742-06:00  INFO 14260 --- [main] o.s.b.t.m.w.SpringBootMockServletContext : Initializing Spring TestDispatcherServlet ''
2023-06-27T18:03:44.742-06:00  INFO 14260 --- [main] o.s.t.web.servlet.TestDispatcherServlet  : Initializing Servlet ''
2023-06-27T18:03:44.744-06:00  INFO 14260 --- [main] o.s.t.web.servlet.TestDispatcherServlet  : Completed initialization in 0 ms
2023-06-27T18:03:44.775-06:00  INFO 14260 --- [main] c.d.m.c.AlbumControllerStatus400Test     : Started AlbumControllerStatus400Test in 1.719 seconds (process running for 2.518)
2023-06-27T18:07:54.273-06:00  INFO 14431 --- [main] c.d.m.c.AlbumControllerStatus400Test     : Starting AlbumControllerStatus400Test using Java 17.0.7 with PID 14431 (started by alejandro in /home/alejandro/Projects/DebuggeandoIdeas/udemy/music_app)
2023-06-27T18:07:54.274-06:00  INFO 14431 --- [main] c.d.m.c.AlbumControllerStatus400Test     : No active profile set, falling back to 1 default profile: "default"
2023-06-27T18:07:55.770-06:00  INFO 14431 --- [main] o.s.b.t.m.w.SpringBootMockServletContext : Initializing Spring TestDispatcherServlet ''
2023-06-27T18:07:55.771-06:00  INFO 14431 --- [main] o.s.t.web.servlet.TestDispatcherServlet  : Initializing Servlet ''
2023-06-27T18:07:55.772-06:00  INFO 14431 --- [main] o.s.t.web.servlet.TestDispatcherServlet  : Completed initialization in 1 ms
2023-06-27T18:07:55.802-06:00  INFO 14431 --- [main] c.d.m.c.AlbumControllerStatus400Test     : Started AlbumControllerStatus400Test in 1.835 seconds (process running for 2.594)
2023-06-27T18:08:03.195-06:00  INFO 14530 --- [main] c.d.m.c.AlbumControllerStatus400Test     : Starting AlbumControllerStatus400Test using Java 17.0.7 with PID 14530 (started by alejandro in /home/alejandro/Projects/DebuggeandoIdeas/udemy/music_app)
2023-06-27T18:08:03.196-06:00  INFO 14530 --- [main] c.d.m.c.AlbumControllerStatus400Test     : No active profile set, falling back to 1 default profile: "default"
2023-06-27T18:08:04.793-06:00  INFO 14530 --- [main] o.s.b.t.m.w.SpringBootMockServletContext : Initializing Spring TestDispatcherServlet ''
2023-06-27T18:08:04.794-06:00  INFO 14530 --- [main] o.s.t.web.servlet.TestDispatcherServlet  : Initializing Servlet ''
2023-06-27T18:08:04.796-06:00  INFO 14530 --- [main] o.s.t.web.servlet.TestDispatcherServlet  : Completed initialization in 2 ms
2023-06-27T18:08:04.824-06:00  INFO 14530 --- [main] c.d.m.c.AlbumControllerStatus400Test     : Started AlbumControllerStatus400Test in 1.895 seconds (process running for 2.694)
